{
  "logName": "Alkan_-_Etude_in_A_minor.log",
  "logFile": "./logs/Alkan_-_Etude_in_A_minor.log",
  "scoreLength": 0,
  "sessionCount": 1,
  "sessionLog": [
    "Session 1: Saturday, December 06th at 15:32. Duration: 8min51s"
  ],
  "sessionAvgPracticeTime": 0.0,
  "totalPracticeTimeSec": 531,
  "cursorHistogram": {},
  "cursorWrongNoteCount": {
    "28": 1,
    "29": 1,
    "30": 1,
    "32": 3,
    "36": 5,
    "37": 7,
    "38": 3,
    "40": 3,
    "41": 4,
    "42": 1,
    "43": 2,
    "44": 1,
    "45": 3,
    "46": 2,
    "48": 13,
    "49": 5,
    "50": 11,
    "51": 5,
    "34": 12,
    "58": 8,
    "59": 4,
    "60": 1,
    "61": 1,
    "62": 2,
    "64": 4,
    "57": 2,
    "55": 2,
    "66": 5,
    "67": 5,
    "68": 5,
    "69": 2,
    "70": 1,
    "72": 3,
    "74": 3,
    "75": 2,
    "76": 3,
    "78": 1,
    "80": 3,
    "81": 1,
    "84": 1,
    "86": 1,
    "87": 1,
    "35": 3,
    "47": 1,
    "54": 1,
    "56": 4,
    "160": 3,
    "161": 1,
    "162": 2,
    "163": 1,
    "166": 2,
    "168": 1,
    "176": 1,
    "198": 1,
    "200": 1,
    "201": 1,
    "208": 1,
    "211": 1,
    "214": 1,
    "216": 1,
    "182": 1,
    "164": 1,
    "167": 1,
    "170": 1,
    "171": 1,
    "178": 1,
    "179": 1,
    "180": 1,
    "79": 1,
    "52": 1,
    "73": 2
  },
  "comboHighestSession": 28,
  "comboHighestAllTime": 28,
  "playedNotes": 0,
  "playedNotesValid": 0
}