{
  "logName": "Alkan_Un_Andante_Romantique_Op_13_No_2.log",
  "logFile": "./logs/Alkan_Un_Andante_Romantique_Op_13_No_2.log",
  "scoreLength": 1166,
  "sessionCount": 1,
  "sessionLog": [
    "Session 1: Friday, June 12th (2026) at 23:32. Duration: 5min4s"
  ],
  "totalPracticeTime_sec": 304,
  "cursorHistogram": {},
  "cursorWrongNoteCount": {
    "0": 2,
    "1": 10,
    "2": 5,
    "4": 5,
    "3": 2,
    "5": 1,
    "6": 2,
    "7": 4,
    "8": 1,
    "10": 2,
    "11": 1,
    "13": 2,
    "14": 1,
    "16": 1,
    "17": 1,
    "18": 1,
    "19": 1,
    "21": 1,
    "22": 1,
    "23": 1,
    "25": 1,
    "26": 1,
    "46": 1,
    "47": 1,
    "48": 1,
    "49": 1,
    "50": 1,
    "52": 1,
    "53": 1,
    "55": 1
  },
  "comboHighestAllTime": 8,
  "playedNotes": 0,
  "playedNotesValid": 0
}