{
  "logName": "Beethoven_Fuer_Elise.log",
  "logFile": "./logs/Beethoven_Fuer_Elise.log",
  "scoreLength": 0,
  "sessionCount": 2,
  "sessionLog": [
    "Session 1: Tuesday, November 11th at 21:25. Duration: 7min44s",
    "Session 2: Thursday, November 13th at 21:52. Duration: 8min0s"
  ],
  "sessionAvgPracticeTime": 4,
  "totalPracticeTimeSec": 944,
  "cursorHistogram": {},
  "cursorWrongNoteCount": {
    "15": 8,
    "17": 8,
    "36": 4,
    "37": 3,
    "38": 4,
    "39": 5,
    "40": 5,
    "41": 5,
    "42": 2,
    "47": 4,
    "48": 3,
    "58": 3,
    "59": 3,
    "60": 3,
    "61": 3,
    "62": 4,
    "63": 4,
    "64": 4,
    "68": 1,
    "69": 1,
    "70": 2,
    "81": 1,
    "82": 1,
    "83": 1,
    "84": 1,
    "85": 1,
    "86": 2,
    "87": 2,
    "88": 3,
    "89": 2,
    "98": 1,
    "99": 1,
    "100": 3,
    "101": 3,
    "104": 3,
    "105": 3,
    "106": 3,
    "107": 3,
    "108": 3,
    "109": 2,
    "112": 2,
    "124": 1,
    "128": 1,
    "8": 4,
    "10": 2,
    "11": 3,
    "12": 4,
    "13": 4,
    "14": 5,
    "16": 7,
    "23": 5,
    "9": 1,
    "24": 4,
    "25": 4,
    "32": 3,
    "26": 2,
    "27": 1,
    "33": 2,
    "35": 3,
    "22": 1,
    "34": 1,
    "46": 2,
    "49": 1,
    "50": 1,
    "51": 1,
    "52": 1,
    "57": 1,
    "65": 3,
    "67": 1,
    "72": 2,
    "6": 1,
    "18": 1,
    "71": 1,
    "73": 1,
    "74": 1,
    "75": 1,
    "76": 1,
    "77": 1,
    "92": 1,
    "93": 1,
    "94": 1,
    "95": 1,
    "96": 1,
    "97": 1,
    "102": 2,
    "103": 2,
    "111": 1,
    "113": 1,
    "114": 1,
    "115": 1,
    "117": 2,
    "118": 2,
    "119": 1,
    "123": 1,
    "126": 1,
    "154": 1,
    "155": 1,
    "156": 1,
    "157": 1,
    "160": 1,
    "170": 1,
    "173": 1,
    "178": 1,
    "179": 1,
    "180": 1,
    "181": 1,
    "182": 1,
    "183": 1,
    "184": 1,
    "185": 1,
    "186": 1,
    "187": 1,
    "188": 1,
    "189": 1,
    "190": 1,
    "195": 1,
    "196": 1,
    "197": 1,
    "198": 1,
    "205": 1,
    "206": 1,
    "207": 1,
    "208": 1,
    "209": 1,
    "210": 1,
    "230": 1,
    "231": 1,
    "232": 1,
    "238": 1,
    "239": 1,
    "240": 1,
    "241": 1,
    "242": 1,
    "247": 1,
    "254": 1,
    "255": 1,
    "256": 1,
    "258": 1,
    "259": 1,
    "262": 1,
    "263": 1,
    "270": 1,
    "271": 1,
    "273": 1,
    "274": 1,
    "275": 1,
    "276": 1,
    "278": 1,
    "280": 1,
    "281": 1,
    "282": 1,
    "283": 1,
    "288": 1,
    "90": 1,
    "116": 1,
    "8": 2,
    "14": 3,
    "11": 1,
    "12": 1,
    "13": 1,
    "15": 8,
    "16": 8,
    "17": 8,
    "22": 2,
    "23": 2,
    "24": 2,
    "20": 4,
    "21": 1,
    "25": 1,
    "26": 1,
    "39": 7,
    "40": 7,
    "41": 10,
    "61": 3,
    "62": 8,
    "63": 9,
    "64": 7,
    "67": 2,
    "70": 1,
    "71": 1,
    "72": 1,
    "73": 1,
    "74": 1,
    "75": 1,
    "76": 1,
    "77": 1,
    "78": 1,
    "85": 2,
    "86": 3,
    "87": 3,
    "43": 5,
    "44": 4,
    "66": 1,
    "58": 1,
    "59": 1,
    "60": 1,
    "35": 1,
    "36": 1,
    "37": 1,
    "38": 1,
    "42": 3,
    "88": 4,
    "89": 3,
    "90": 2,
    "91": 2,
    "100": 5,
    "101": 5,
    "102": 5,
    "103": 5,
    "104": 4,
    "105": 4,
    "106": 4,
    "107": 2,
    "108": 2,
    "111": 2,
    "112": 2,
    "113": 1,
    "114": 1,
    "115": 1,
    "117": 1,
    "118": 1,
    "132": 1,
    "136": 1,
    "151": 1,
    "45": 1,
    "46": 1,
    "47": 1,
    "48": 1,
    "49": 1,
    "98": 1,
    "109": 1,
    "52": 1,
    "94": 2,
    "97": 2,
    "65": 1,
    "82": 1,
    "83": 1,
    "84": 1,
    "95": 1
  },
  "comboHighestSession": 60,
  "comboHighestAllTime": 60,
  "playedNotes": 0,
  "playedNotesValid": 0
}