{
  "logName": "Beethoven_Moonlight_Sonata_3rd_movement.log",
  "logFile": "./logs/Beethoven_Moonlight_Sonata_3rd_movement.log",
  "scoreLength": 0,
  "sessionCount": 1,
  "sessionLog": [
    "Session 1: Sunday, November 16th at 12:17. Duration: 6min3s"
  ],
  "sessionAvgPracticeTime": 0.0,
  "totalPracticeTimeSec": 363,
  "cursorHistogram": {},
  "cursorWrongNoteCount": {
    "2": 6,
    "3": 3,
    "4": 1,
    "6": 2,
    "10": 7,
    "11": 9,
    "12": 12,
    "13": 5,
    "14": 5,
    "18": 4,
    "19": 1,
    "20": 2,
    "22": 3,
    "23": 3,
    "28": 3,
    "29": 1,
    "32": 4,
    "36": 1,
    "38": 2,
    "41": 1,
    "50": 1,
    "51": 1,
    "52": 1,
    "53": 1,
    "55": 1,
    "58": 1,
    "60": 1,
    "61": 1,
    "62": 1,
    "63": 1,
    "64": 1,
    "65": 1,
    "66": 1,
    "67": 1,
    "9": 8,
    "16": 2,
    "17": 5,
    "31": 3,
    "39": 1,
    "40": 1,
    "0": 1,
    "1": 3,
    "8": 3,
    "21": 3,
    "27": 1,
    "24": 3,
    "25": 2,
    "5": 2,
    "7": 1,
    "26": 1,
    "33": 1,
    "35": 1
  },
  "comboHighestSession": 19,
  "comboHighestAllTime": 19,
  "playedNotes": 0,
  "playedNotesValid": 0
}