{
  "logName": "Chopin_Etude_Op_10_No_1.log",
  "logFile": "./logs/Chopin_Etude_Op_10_No_1.log",
  "scoreLength": 1243,
  "sessionCount": 1,
  "sessionLog": [
    "Session 1: Sunday, March 29th (2026) at 16:14. Duration: 12min51s"
  ],
  "totalPracticeTime_sec": 771,
  "cursorHistogram": {},
  "cursorWrongNoteCount": {
    "5": 13,
    "6": 15,
    "10": 9,
    "15": 8,
    "2": 18,
    "3": 10,
    "7": 6,
    "8": 6,
    "9": 7,
    "12": 4,
    "13": 7,
    "14": 8,
    "1": 6,
    "11": 7,
    "4": 8,
    "19": 9,
    "22": 4,
    "25": 3,
    "26": 2,
    "27": 5,
    "30": 2,
    "31": 3,
    "32": 2,
    "16": 5,
    "17": 5,
    "18": 6,
    "20": 4,
    "34": 2,
    "36": 2,
    "21": 1,
    "23": 2,
    "24": 1,
    "29": 2,
    "37": 1,
    "38": 1,
    "40": 1,
    "41": 1,
    "28": 1
  },
  "comboHighestAllTime": 35,
  "playedNotes": 0,
  "playedNotesValid": 0
}