{
  "logName": "Chopin_Fantaisie_Impromptu_Op_66.log",
  "logFile": "./logs/Chopin_Fantaisie_Impromptu_Op_66.log",
  "scoreLength": 0,
  "sessionCount": 1,
  "sessionLog": [
    "Session 1: Sunday, July 06th at 16:04. Duration: 25min16s"
  ],
  "sessionAvgPracticeTime": 0.0,
  "totalPracticeTimeSec": 1516,
  "cursorHistogram": {},
  "cursorWrongNoteCount": {
    "0": 2,
    "26": 12,
    "27": 9,
    "28": 12,
    "29": 26,
    "30": 25,
    "36": 17,
    "37": 33,
    "38": 38,
    "39": 35,
    "40": 28,
    "41": 29,
    "31": 28,
    "34": 17,
    "35": 20,
    "33": 10,
    "42": 18,
    "43": 14,
    "32": 10,
    "46": 11,
    "47": 10,
    "48": 5,
    "49": 3,
    "50": 3,
    "51": 3,
    "52": 3,
    "53": 7,
    "54": 5,
    "55": 7,
    "60": 1,
    "61": 2,
    "65": 7,
    "66": 6,
    "67": 6,
    "73": 10,
    "74": 8,
    "75": 9,
    "71": 4,
    "76": 6,
    "77": 5,
    "78": 5,
    "79": 8,
    "80": 7,
    "81": 7,
    "82": 5,
    "83": 4,
    "84": 2,
    "45": 7,
    "44": 6,
    "56": 2,
    "57": 3,
    "58": 3,
    "59": 3,
    "63": 8,
    "64": 6,
    "70": 3,
    "72": 2,
    "25": 2,
    "62": 7,
    "87": 4,
    "85": 2,
    "86": 2,
    "88": 3,
    "89": 3,
    "90": 3,
    "91": 2,
    "96": 1,
    "97": 1,
    "98": 1,
    "99": 1,
    "100": 1,
    "68": 1,
    "69": 1,
    "93": 1,
    "94": 2,
    "1": 1,
    "95": 1
  },
  "comboHighestSession": 72,
  "comboHighestAllTime": 72,
  "playedNotes": 0,
  "playedNotesValid": 0
}