{
  "logName": "Chopin_Prelude_Op_28_No_4.log",
  "logFile": "./logs/Chopin_Prelude_Op_28_No_4.log",
  "scoreLength": 0,
  "sessionCount": 2,
  "sessionLog": [
    "Session 1: Tuesday, June 10th at 08:54. Duration: 5min6s",
    "Session 2: Wednesday, June 11th at 00:21. Duration: 5min3s"
  ],
  "sessionAvgPracticeTime": 3,
  "totalPracticeTimeSec": 609,
  "cursorHistogram": {},
  "cursorWrongNoteCount": {
    "14": 1,
    "16": 3,
    "24": 1,
    "32": 3,
    "38": 1,
    "25": 1,
    "26": 3,
    "27": 1,
    "69": 1,
    "75": 1,
    "77": 1,
    "79": 1,
    "2": 1,
    "4": 1,
    "5": 1,
    "6": 1,
    "56": 1,
    "57": 1,
    "46": 1,
    "40": 1,
    "10": 2,
    "11": 1,
    "34": 1,
    "22": 2,
    "23": 2,
    "24": 2,
    "26": 1,
    "27": 1,
    "32": 3,
    "40": 1,
    "41": 1,
    "50": 1,
    "51": 1,
    "52": 1,
    "53": 1,
    "54": 1,
    "55": 1,
    "56": 1,
    "59": 1,
    "61": 1,
    "2": 2,
    "14": 1,
    "38": 1,
    "42": 1,
    "43": 1,
    "0": 1,
    "1": 1
  },
  "comboHighestSession": 47,
  "comboHighestAllTime": 47,
  "playedNotes": 0,
  "playedNotesValid": 0
}