{
  "logName": "Chopin_Waltz_Op_64_No_2.log",
  "logFile": "./logs/Chopin_Waltz_Op_64_No_2.log",
  "scoreLength": 0,
  "sessionCount": 3,
  "sessionLog": [
    "Session 1: Saturday, February 14th at 15:14. Duration: 5min9s",
    "Session 2: Monday, February 16th at 23:15. Duration: 23min19s",
    "Session 3: Sunday, February 22nd at 12:29. Duration: 6min46s"
  ],
  "sessionAvgPracticeTime": 9,
  "totalPracticeTimeSec": 2114,
  "cursorHistogram": {},
  "cursorWrongNoteCount": {
    "154": 25,
    "155": 8,
    "156": 13,
    "158": 9,
    "160": 10,
    "161": 7,
    "162": 16,
    "163": 14,
    "173": 3,
    "174": 5,
    "175": 1,
    "176": 1,
    "178": 3,
    "179": 1,
    "180": 1,
    "182": 2,
    "183": 4,
    "184": 3,
    "188": 1,
    "189": 1,
    "190": 1,
    "204": 2,
    "205": 2,
    "206": 2,
    "207": 2,
    "208": 2,
    "210": 2,
    "157": 10,
    "164": 9,
    "166": 7,
    "181": 2,
    "194": 1,
    "211": 1,
    "212": 1,
    "214": 1,
    "216": 1,
    "217": 1,
    "218": 1,
    "219": 1,
    "220": 1,
    "227": 1,
    "228": 1,
    "229": 1,
    "230": 1,
    "232": 1,
    "233": 1,
    "234": 1,
    "235": 1,
    "236": 1,
    "237": 1,
    "238": 1,
    "240": 1,
    "1": 10,
    "4": 1,
    "10": 4,
    "15": 1,
    "16": 2,
    "169": 6,
    "5": 1,
    "2": 1,
    "3": 1,
    "11": 1,
    "12": 3,
    "14": 1,
    "18": 3,
    "20": 2,
    "21": 2,
    "22": 3,
    "23": 1,
    "17": 1,
    "19": 1,
    "27": 2,
    "28": 2,
    "29": 2,
    "159": 11,
    "165": 13,
    "168": 10,
    "170": 5,
    "172": 5,
    "167": 5,
    "171": 3,
    "153": 1,
    "177": 2,
    "187": 1,
    "191": 1,
    "192": 1,
    "7": 1,
    "13": 1,
    "30": 1,
    "185": 1,
    "186": 1,
    "10": 4,
    "19": 2,
    "1": 3,
    "11": 2,
    "12": 2,
    "16": 2,
    "20": 1,
    "21": 1,
    "22": 1,
    "27": 1,
    "28": 1,
    "154": 8,
    "155": 6,
    "159": 6,
    "162": 4,
    "163": 3,
    "164": 3,
    "165": 3,
    "166": 4,
    "168": 6,
    "169": 4,
    "182": 3,
    "183": 3,
    "184": 2,
    "186": 1,
    "172": 2,
    "174": 4,
    "175": 2,
    "177": 1,
    "181": 1,
    "2": 2,
    "3": 1,
    "4": 2,
    "9": 1,
    "6": 1,
    "7": 1,
    "8": 1,
    "23": 1,
    "24": 1,
    "167": 4,
    "170": 2,
    "156": 3,
    "157": 3,
    "158": 2,
    "160": 3,
    "161": 2,
    "171": 1,
    "173": 1,
    "153": 2
  },
  "comboHighestSession": 30,
  "comboHighestAllTime": 30,
  "playedNotes": 0,
  "playedNotesValid": 0
}