{
  "logName": "Debussy_-_Clair_de_lune.log",
  "logFile": "./logs/Debussy_-_Clair_de_lune.log",
  "scoreLength": 0,
  "sessionCount": 3,
  "sessionLog": [
    "Session 1: Sunday, April 27th at 23:46. Duration: 14min14s",
    "Session 2: Monday, April 28th at 23:49. Duration: 6min7s",
    "Session 3: Thursday, May 01st at 16:46. Duration: 12min46s"
  ],
  "sessionAvgPracticeTime": 7,
  "totalPracticeTimeSec": 1987,
  "cursorHistogram": {},
  "cursorWrongNoteCount": {
    "9": 1,
    "47": 1,
    "1": 1,
    "2": 1,
    "3": 1,
    "49": 1,
    "50": 1,
    "51": 2,
    "56": 2,
    "57": 2,
    "58": 2,
    "59": 1,
    "61": 1,
    "5": 2,
    "32": 1,
    "35": 1,
    "36": 1,
    "52": 3,
    "53": 1,
    "54": 1,
    "55": 1,
    "33": 1,
    "34": 1,
    "37": 1,
    "48": 2,
    "18": 2,
    "19": 2,
    "20": 2,
    "21": 2,
    "22": 4,
    "23": 7,
    "44": 2,
    "10": 2,
    "11": 1,
    "12": 1,
    "14": 1,
    "31": 3,
    "26": 3,
    "27": 1,
    "79": 1,
    "85": 1,
    "78": 1,
    "82": 1,
    "88": 1,
    "89": 1,
    "91": 1,
    "97": 1,
    "100": 1,
    "102": 1,
    "147": 1,
    "148": 1,
    "149": 1,
    "150": 1,
    "151": 1,
    "152": 1,
    "154": 1,
    "155": 1,
    "156": 1,
    "157": 1,
    "158": 1,
    "159": 1,
    "160": 1,
    "162": 1,
    "163": 1,
    "175": 2,
    "176": 2,
    "177": 3,
    "178": 3,
    "179": 3,
    "180": 3,
    "181": 3,
    "182": 3,
    "183": 3,
    "184": 2,
    "185": 2,
    "193": 1,
    "194": 2,
    "195": 2,
    "196": 2,
    "197": 2,
    "198": 2,
    "199": 2,
    "200": 2,
    "201": 2,
    "202": 2,
    "203": 2,
    "204": 2,
    "206": 2,
    "207": 2,
    "208": 1,
    "209": 1,
    "210": 1,
    "211": 2,
    "212": 2,
    "213": 2,
    "214": 2,
    "215": 2,
    "217": 1,
    "221": 1,
    "229": 2,
    "231": 1,
    "236": 1,
    "186": 1,
    "188": 1,
    "189": 1,
    "190": 1,
    "191": 1,
    "222": 1,
    "223": 1,
    "225": 1,
    "226": 1,
    "227": 1,
    "228": 1,
    "15": 1,
    "16": 1,
    "25": 1,
    "18": 1,
    "19": 1,
    "20": 1,
    "21": 1,
    "22": 1,
    "23": 4,
    "9": 2,
    "1": 1,
    "2": 1,
    "3": 1,
    "30": 3,
    "31": 5,
    "35": 2,
    "27": 2,
    "28": 2,
    "29": 2,
    "8": 1,
    "10": 2,
    "11": 2,
    "12": 2,
    "13": 1,
    "32": 2,
    "47": 1,
    "52": 2,
    "53": 3,
    "54": 3,
    "55": 3,
    "79": 1,
    "82": 1,
    "85": 1,
    "44": 1,
    "56": 2,
    "57": 1,
    "58": 1,
    "61": 1,
    "66": 1,
    "68": 1,
    "70": 1,
    "77": 1,
    "38": 1,
    "39": 1,
    "40": 1,
    "4": 2,
    "5": 2,
    "6": 2,
    "7": 2,
    "33": 1,
    "14": 1,
    "15": 1,
    "51": 1
  },
  "comboHighestSession": 102,
  "comboHighestAllTime": 102,
  "playedNotes": 0,
  "playedNotesValid": 0
}