{
  "logName": "Erik_Satie_Douze_petits_chorals_2.log",
  "logFile": "./logs/Erik_Satie_Douze_petits_chorals_2.log",
  "scoreLength": 0,
  "sessionCount": 3,
  "sessionLog": [
    "Session 1: Saturday, January 11th at 16:20. Duration: 5min18s",
    "Session 2: Sunday, January 12th at 13:34. Duration: 7min33s",
    "Session 3: Sunday, January 12th at 22:15. Duration: 22min24s"
  ],
  "sessionAvgPracticeTime": 4,
  "totalPracticeTimeSec": 2115,
  "cursorHistogram": {},
  "cursorWrongNoteCount": {
    "0": 6,
    "1": 3,
    "6": 1,
    "7": 5,
    "3": 5,
    "11": 2,
    "12": 2,
    "13": 1,
    "21": 1,
    "22": 2,
    "23": 2,
    "24": 4,
    "28": 1,
    "32": 1,
    "34": 2,
    "40": 1,
    "42": 1,
    "43": 1,
    "2": 1,
    "5": 2,
    "14": 3,
    "15": 1,
    "16": 1,
    "41": 1,
    "19": 1,
    "20": 1,
    "36": 1,
    "37": 1,
    "38": 1,
    "39": 1,
    "30": 1,
    "0": 4,
    "3": 19,
    "5": 4,
    "19": 10,
    "20": 5,
    "7": 11,
    "13": 8,
    "9": 5,
    "12": 6,
    "14": 3,
    "22": 2,
    "23": 2,
    "24": 2,
    "26": 4,
    "30": 1,
    "32": 2,
    "36": 2,
    "37": 2,
    "38": 2,
    "39": 2,
    "18": 7,
    "1": 4,
    "15": 2,
    "11": 3,
    "6": 2,
    "21": 1,
    "4": 1,
    "16": 2,
    "25": 1,
    "17": 1,
    "28": 1,
    "33": 1,
    "34": 3,
    "40": 1
  },
  "comboHighestSession": 34,
  "comboHighestAllTime": 34,
  "playedNotes": 0,
  "playedNotesValid": 0
}