{
  "logName": "Faure_Romance_sans_paroles_No_3.log",
  "logFile": "./logs/Faure_Romance_sans_paroles_No_3.log",
  "scoreLength": 0,
  "sessionCount": 1,
  "sessionLog": [
    "Session 1: Wednesday, October 22nd at 23:46. Duration: 7min9s"
  ],
  "sessionAvgPracticeTime": 0.0,
  "totalPracticeTimeSec": 429,
  "cursorHistogram": {},
  "cursorWrongNoteCount": {
    "1": 10,
    "3": 3,
    "5": 2,
    "6": 6,
    "7": 3,
    "8": 6,
    "9": 6,
    "2": 2,
    "11": 2,
    "12": 2,
    "23": 2,
    "24": 2,
    "25": 4,
    "26": 8,
    "27": 8,
    "28": 8,
    "29": 2,
    "38": 3,
    "39": 4,
    "40": 3,
    "41": 3,
    "42": 3,
    "43": 3,
    "44": 3,
    "45": 3,
    "46": 4,
    "47": 3,
    "48": 3,
    "49": 5,
    "50": 4,
    "51": 3,
    "53": 4,
    "54": 3,
    "55": 3,
    "56": 3,
    "62": 3,
    "63": 3,
    "64": 2,
    "65": 3,
    "66": 3,
    "67": 2,
    "68": 2,
    "69": 2,
    "70": 2,
    "71": 2,
    "72": 2,
    "13": 7,
    "14": 1,
    "15": 1,
    "17": 1,
    "18": 1,
    "22": 2,
    "30": 5,
    "31": 5,
    "33": 7,
    "34": 5,
    "35": 5,
    "36": 5,
    "37": 4,
    "57": 2,
    "59": 1,
    "60": 1,
    "61": 2,
    "32": 4,
    "52": 2,
    "58": 1,
    "0": 1,
    "16": 1,
    "19": 1
  },
  "comboHighestSession": 22,
  "comboHighestAllTime": 22,
  "playedNotes": 0,
  "playedNotesValid": 0
}