{
  "logName": "Hanon_Le_Pianiste_virtuose_Part_1_20.log",
  "logFile": "./logs/Hanon_Le_Pianiste_virtuose_Part_1_20.log",
  "scoreLength": 9028,
  "sessionCount": 5,
  "sessionLog": [
    "Session 1: Monday, March 02nd (2026) at 23:21. Duration: 8min8s",
    "Session 2: Thursday, March 05th (2026) at 23:50. Duration: 9min12s",
    "Session 3: Thursday, March 05th (2026) at 23:59. Duration: 9min33s",
    "Session 4: Saturday, March 07th (2026) at 11:30. Duration: 18min13s",
    "Session 5: Saturday, March 07th (2026) at 11:54. Duration: 12min54s"
  ],
  "sessionAvgPracticeTime_sec": 696,
  "totalPracticeTime_sec": 3480,
  "cursorHistogram": {},
  "cursorWrongNoteCount": {
    "2": 2,
    "3": 1,
    "8": 1,
    "9": 1,
    "19": 1,
    "23": 1,
    "1": 5,
    "17": 1,
    "42": 2,
    "45": 2,
    "18": 2,
    "25": 2,
    "34": 1,
    "37": 1,
    "66": 1,
    "101": 1,
    "107": 1,
    "112": 4,
    "113": 5,
    "117": 1,
    "121": 1,
    "132": 1,
    "22": 1,
    "5": 1,
    "50": 1,
    "58": 1,
    "96": 1,
    "97": 1,
    "118": 3,
    "119": 1,
    "145": 2,
    "149": 1,
    "153": 1,
    "168": 1,
    "184": 1,
    "10": 2,
    "65": 1,
    "12": 3,
    "26": 1,
    "56": 1,
    "57": 1,
    "104": 1,
    "105": 1,
    "125": 1,
    "134": 1,
    "142": 1,
    "146": 1,
    "164": 2,
    "169": 1,
    "177": 1,
    "4": 2,
    "89": 1,
    "120": 1,
    "152": 1,
    "154": 1,
    "185": 1,
    "200": 1,
    "201": 1,
    "209": 1,
    "217": 1,
    "232": 1,
    "39": 1,
    "0": 1,
    "49": 1,
    "68": 1,
    "103": 1,
    "73": 1,
    "111": 1,
    "81": 1,
    "106": 1,
    "160": 1,
    "176": 1,
    "202": 1,
    "233": 3,
    "274": 1,
    "344": 4,
    "346": 3,
    "357": 1,
    "369": 1,
    "409": 1,
    "410": 1,
    "162": 1,
    "163": 1,
    "225": 1,
    "236": 1,
    "348": 1,
    "349": 1,
    "352": 1,
    "353": 1,
    "372": 1,
    "373": 1,
    "378": 1,
    "394": 1,
    "398": 1,
    "401": 1,
    "402": 1,
    "457": 1,
    "464": 2,
    "467": 2,
    "471": 2,
    "486": 1,
    "491": 2,
    "492": 1,
    "499": 1,
    "501": 1,
    "507": 1,
    "514": 1,
    "114": 1,
    "130": 1,
    "157": 1,
    "165": 1,
    "186": 2,
    "193": 1,
    "242": 1,
    "249": 1,
    "474": 2,
    "475": 1,
    "479": 1,
    "483": 3,
    "494": 2,
    "122": 1,
    "226": 2,
    "234": 1,
    "181": 1,
    "189": 1,
    "194": 1,
    "218": 1,
    "248": 1,
    "161": 1,
    "170": 1,
    "241": 1,
    "244": 1,
    "329": 1,
    "385": 1,
    "393": 1,
    "425": 1,
    "456": 1,
    "458": 1,
    "459": 1,
    "470": 1,
    "484": 1,
    "487": 1,
    "515": 1,
    "519": 1,
    "531": 1,
    "534": 1,
    "543": 1,
    "562": 1,
    "571": 1,
    "577": 1,
    "579": 3,
    "581": 1,
    "593": 1,
    "594": 1,
    "595": 2,
    "480": 2,
    "466": 1,
    "478": 1,
    "482": 2,
    "547": 1,
    "555": 1,
    "560": 1,
    "563": 1,
    "578": 5,
    "580": 1,
    "472": 1,
    "488": 1,
    "548": 1,
    "583": 1,
    "586": 1,
    "587": 4,
    "517": 1,
    "570": 1,
    "602": 1,
    "610": 1,
    "180": 1,
    "197": 1,
    "204": 1,
    "79": 1,
    "80": 1,
    "115": 1,
    "345": 1,
    "71": 1,
    "98": 1,
    "468": 1,
    "496": 1,
    "500": 2,
    "272": 1,
    "337": 1,
    "397": 1,
    "433": 1,
    "564": 1,
    "596": 1,
    "603": 2,
    "598": 2,
    "604": 1,
    "606": 1,
    "646": 1,
    "657": 1,
    "658": 1,
    "686": 1,
    "690": 1,
    "691": 1,
    "692": 1,
    "698": 1,
    "752": 1,
    "759": 1,
    "763": 1,
    "801": 1,
    "802": 1,
    "806": 1,
    "817": 1,
    "822": 1,
    "833": 1,
    "844": 1,
    "846": 1,
    "849": 1,
    "857": 1,
    "858": 1,
    "865": 1,
    "873": 1,
    "889": 1,
    "905": 1,
    "919": 1,
    "920": 1,
    "921": 1,
    "924": 1,
    "931": 1,
    "946": 1,
    "956": 1,
    "957": 1,
    "964": 1,
    "971": 1,
    "972": 1,
    "978": 1,
    "178": 1,
    "205": 1,
    "213": 1,
    "221": 1,
    "228": 1,
    "351": 1,
    "490": 1,
    "498": 1,
    "617": 1,
    "585": 2,
    "497": 1,
    "544": 1,
    "618": 1,
    "622": 1,
    "625": 1,
    "10": 2,
    "111": 2,
    "112": 1,
    "116": 1,
    "177": 1,
    "178": 1,
    "225": 1,
    "228": 2,
    "232": 3,
    "344": 2,
    "464": 3,
    "474": 1,
    "491": 1,
    "568": 1,
    "578": 1,
    "582": 3,
    "497": 1,
    "526": 1,
    "577": 1,
    "562": 1,
    "563": 1,
    "565": 1,
    "566": 1,
    "567": 1,
    "569": 1,
    "625": 1,
    "641": 1,
    "658": 1,
    "660": 1,
    "676": 1,
    "721": 1,
    "806": 1,
    "817": 1,
    "820": 1,
    "821": 1,
    "822": 1,
    "833": 1,
    "888": 1,
    "921": 1,
    "943": 1,
    "113": 2,
    "114": 1,
    "233": 1,
    "241": 1,
    "242": 1,
    "467": 1,
    "538": 1,
    "553": 1,
    "560": 1,
    "3": 1,
    "11": 1,
    "18": 1,
    "265": 1,
    "266": 1,
    "485": 1,
    "499": 1,
    "579": 1,
    "590": 1,
    "602": 1,
    "609": 1
  },
  "comboHighestAllTime": 198,
  "playedNotes": 0,
  "playedNotesValid": 0
}