{
  "logName": "Hans_Zimmer_-_Message_From_Home.log",
  "logFile": "./logs/Hans_Zimmer_-_Message_From_Home.log",
  "scoreLength": 0,
  "sessionCount": 1,
  "sessionLog": [
    "Session 1: Sunday, June 08th at 16:33. Duration: 7min44s"
  ],
  "sessionAvgPracticeTime": 0.0,
  "totalPracticeTimeSec": 464,
  "cursorHistogram": {},
  "cursorWrongNoteCount": {
    "1": 5,
    "2": 4,
    "0": 1,
    "8": 1,
    "9": 1,
    "3": 2,
    "19": 1,
    "23": 1,
    "24": 1,
    "10": 1,
    "14": 1,
    "15": 1,
    "20": 1
  },
  "comboHighestSession": 179,
  "comboHighestAllTime": 179,
  "playedNotes": 0,
  "playedNotesValid": 0
}