{
  "logName": "John_Williams_-_Hedwige's_Theme.log",
  "logFile": "./logs/John_Williams_-_Hedwige's_Theme.log",
  "scoreLength": 0,
  "sessionCount": 1,
  "sessionLog": [
    "Session 1: Sunday, June 01st at 23:39. Duration: 42min23s"
  ],
  "sessionAvgPracticeTime": 0.0,
  "totalPracticeTimeSec": 2543,
  "cursorHistogram": {},
  "cursorWrongNoteCount": {
    "0": 14,
    "1": 32,
    "2": 6,
    "3": 2,
    "4": 2,
    "5": 4,
    "6": 9,
    "12": 12,
    "15": 7,
    "16": 17,
    "17": 19,
    "18": 17,
    "19": 4,
    "20": 5,
    "14": 5,
    "24": 17,
    "25": 24,
    "26": 31,
    "27": 29,
    "28": 32,
    "33": 29,
    "38": 11,
    "39": 8,
    "46": 10,
    "13": 9,
    "23": 5,
    "29": 27,
    "34": 27,
    "43": 18,
    "44": 19,
    "11": 12,
    "37": 8,
    "40": 17,
    "41": 17,
    "50": 6,
    "53": 2,
    "54": 3,
    "55": 3,
    "57": 2,
    "22": 3,
    "35": 24,
    "36": 18,
    "42": 17,
    "31": 26,
    "32": 25,
    "51": 4,
    "56": 3,
    "30": 8,
    "45": 10,
    "8": 1,
    "52": 1,
    "58": 3,
    "60": 6,
    "61": 7,
    "63": 3,
    "66": 2,
    "67": 1,
    "70": 4,
    "71": 2,
    "73": 2,
    "74": 2,
    "75": 2,
    "76": 2,
    "77": 2,
    "78": 2,
    "79": 1,
    "80": 1,
    "82": 1,
    "83": 1,
    "84": 1,
    "85": 1,
    "59": 3,
    "64": 1,
    "47": 1,
    "62": 2,
    "72": 1,
    "7": 1,
    "21": 1
  },
  "comboHighestSession": 50,
  "comboHighestAllTime": 50,
  "playedNotes": 0,
  "playedNotesValid": 0
}