{
  "logName": "La_La_Land_Mia_and_Sebastians_Theme.log",
  "logFile": "./logs/La_La_Land_Mia_and_Sebastians_Theme.log",
  "scoreLength": 0,
  "sessionCount": 1,
  "sessionLog": [
    "Session 1: Friday, November 07th at 22:35. Duration: 7min31s"
  ],
  "sessionAvgPracticeTime": 0.0,
  "totalPracticeTimeSec": 451,
  "cursorHistogram": {},
  "cursorWrongNoteCount": {
    "2": 8,
    "7": 1,
    "14": 4,
    "15": 1,
    "16": 1,
    "0": 5,
    "1": 7,
    "4": 1,
    "5": 1,
    "10": 4,
    "11": 2,
    "12": 1,
    "13": 1,
    "18": 2,
    "19": 5,
    "3": 5,
    "9": 2,
    "20": 4,
    "27": 3,
    "28": 2,
    "30": 1,
    "31": 1,
    "32": 2,
    "35": 3,
    "36": 3,
    "40": 2,
    "44": 1,
    "45": 3,
    "46": 1,
    "49": 1,
    "53": 2,
    "54": 3,
    "55": 2,
    "62": 2,
    "63": 2,
    "68": 1,
    "69": 2,
    "72": 2,
    "73": 2,
    "74": 2,
    "75": 2,
    "76": 1,
    "78": 2,
    "85": 2,
    "21": 2,
    "64": 1,
    "65": 1,
    "70": 1,
    "71": 1,
    "79": 1,
    "80": 1,
    "81": 1,
    "82": 1,
    "83": 1,
    "84": 1,
    "86": 1,
    "91": 1,
    "92": 1,
    "93": 1,
    "94": 1,
    "95": 1,
    "97": 1,
    "98": 1,
    "99": 1,
    "100": 1,
    "101": 1,
    "102": 1,
    "6": 1,
    "22": 1,
    "23": 1,
    "26": 1,
    "29": 1,
    "33": 1,
    "51": 1,
    "52": 1
  },
  "comboHighestSession": 16,
  "comboHighestAllTime": 16,
  "playedNotes": 0,
  "playedNotesValid": 0
}