{
  "logName": "Liszt_Liebestraum_No_3_S541.log",
  "logFile": "./logs/Liszt_Liebestraum_No_3_S541.log",
  "scoreLength": 1091,
  "sessionCount": 18,
  "sessionLog": [
    "Session 1: Friday, July 04th at 11:57. Duration: 18min30s",
    "Session 2: Friday, July 04th at 14:57. Duration: 27min11s",
    "Session 3: Saturday, July 05th at 12:52. Duration: 36min26s",
    "Session 4: Monday, September 15th at 22:56. Duration: 19min56s",
    "Session 5: Saturday, February 28th (2026) at 23:38. Duration: 6min13s",
    "Session 6: Sunday, March 01st (2026) at 20:03. Duration: 5min31s",
    "Session 7: Saturday, March 14th (2026) at 11:58. Duration: 48min20s",
    "Session 8: Saturday, March 14th (2026) at 14:26. Duration: 18min2s",
    "Session 9: Sunday, March 15th (2026) at 15:18. Duration: 24min20s",
    "Session 10: Monday, March 16th (2026) at 22:32. Duration: 26min6s",
    "Session 11: Thursday, March 19th (2026) at 23:26. Duration: 7min59s",
    "Session 12: Sunday, March 22nd (2026) at 16:59. Duration: 5min49s",
    "Session 13: Saturday, March 28th (2026) at 15:11. Duration: 12min37s",
    "Session 14: Sunday, April 05th (2026) at 13:25. Duration: 18min42s",
    "Session 15: Saturday, April 25th (2026) at 17:13. Duration: 15min13s",
    "Session 16: Sunday, April 26th (2026) at 23:23. Duration: 7min35s",
    "Session 17: Friday, May 01st (2026) at 11:24. Duration: 16min33s",
    "Session 18: Friday, June 12th (2026) at 23:23. Duration: 7min22s"
  ],
  "totalPracticeTime_sec": 13222,
  "cursorHistogram": {},
  "cursorWrongNoteCount": {
    "1": 1,
    "3": 1,
    "4": 5,
    "5": 4,
    "6": 3,
    "7": 4,
    "8": 1,
    "9": 2,
    "10": 2,
    "14": 1,
    "15": 1,
    "16": 2,
    "17": 1,
    "18": 1,
    "19": 2,
    "22": 1,
    "26": 1,
    "27": 2,
    "28": 1,
    "38": 1,
    "39": 5,
    "40": 2,
    "41": 2,
    "42": 4,
    "44": 1,
    "45": 1,
    "20": 3,
    "21": 2,
    "23": 1,
    "31": 1,
    "32": 1,
    "33": 1,
    "34": 1,
    "37": 1,
    "47": 1,
    "49": 1,
    "50": 2,
    "52": 1,
    "63": 1,
    "64": 1,
    "65": 1,
    "67": 1,
    "68": 4,
    "69": 1,
    "70": 1,
    "74": 2,
    "75": 1,
    "76": 1,
    "77": 1,
    "78": 1,
    "86": 1,
    "87": 1,
    "88": 3,
    "89": 1,
    "90": 1,
    "91": 2,
    "92": 2,
    "93": 2,
    "94": 3,
    "95": 1,
    "96": 2,
    "105": 2,
    "111": 2,
    "112": 3,
    "113": 2,
    "114": 2,
    "115": 3,
    "116": 1,
    "120": 1,
    "121": 1,
    "122": 1,
    "123": 1,
    "124": 2,
    "125": 1,
    "136": 1,
    "137": 1,
    "138": 1,
    "139": 1,
    "140": 1,
    "141": 1,
    "142": 1,
    "143": 1,
    "144": 1,
    "145": 1,
    "146": 1,
    "147": 1,
    "148": 1,
    "149": 3,
    "150": 1,
    "151": 2,
    "2": 1,
    "11": 1,
    "24": 2,
    "25": 1,
    "29": 1,
    "30": 1,
    "13": 1,
    "36": 1,
    "43": 1,
    "12": 1,
    "46": 3,
    "48": 3,
    "51": 2,
    "0": 1,
    "71": 1,
    "72": 4,
    "85": 1,
    "55": 1,
    "56": 3,
    "57": 1,
    "58": 1,
    "59": 1,
    "61": 1,
    "62": 1,
    "66": 1,
    "53": 1,
    "54": 2,
    "118": 1,
    "119": 2,
    "127": 2,
    "157": 1,
    "160": 1,
    "161": 1,
    "162": 2,
    "163": 1,
    "164": 1,
    "165": 2,
    "166": 1,
    "167": 1,
    "168": 1,
    "169": 8,
    "171": 2,
    "172": 1,
    "173": 1,
    "174": 1,
    "175": 1,
    "182": 1,
    "183": 1,
    "184": 1,
    "185": 1,
    "186": 2,
    "187": 1,
    "189": 1,
    "190": 1,
    "191": 1,
    "192": 1,
    "193": 1,
    "194": 1,
    "195": 1,
    "196": 1,
    "197": 1,
    "200": 1,
    "201": 1,
    "202": 1,
    "203": 1,
    "204": 1,
    "205": 1,
    "206": 1,
    "210": 1,
    "212": 1,
    "282": 1,
    "283": 2,
    "284": 1,
    "290": 1,
    "291": 1,
    "292": 1,
    "293": 4,
    "294": 3,
    "297": 1,
    "300": 1,
    "355": 4,
    "356": 5,
    "360": 1,
    "361": 2,
    "362": 1,
    "368": 2,
    "369": 1,
    "374": 1,
    "376": 1,
    "378": 1,
    "379": 1,
    "380": 1,
    "384": 1,
    "391": 1,
    "397": 1,
    "398": 1,
    "399": 1,
    "107": 2,
    "84": 1,
    "97": 1,
    "98": 1,
    "277": 1,
    "295": 1,
    "296": 5,
    "60": 1,
    "281": 1,
    "299": 1,
    "289": 1,
    "35": 1,
    "79": 1,
    "80": 1,
    "81": 1,
    "82": 1,
    "102": 1,
    "103": 1,
    "104": 1,
    "106": 2,
    "153": 1,
    "154": 1,
    "155": 1,
    "156": 2,
    "170": 1,
    "176": 1,
    "177": 1,
    "178": 1,
    "179": 1,
    "180": 1,
    "181": 1,
    "188": 1,
    "298": 1,
    "302": 1,
    "305": 1,
    "307": 1,
    "309": 1,
    "354": 5,
    "357": 4,
    "363": 1,
    "381": 1,
    "383": 1,
    "385": 1,
    "386": 1,
    "388": 1,
    "99": 1,
    "73": 1,
    "110": 1,
    "108": 1,
    "131": 1,
    "152": 1,
    "109": 1,
    "117": 1,
    "129": 1,
    "128": 1,
    "130": 1,
    "158": 2,
    "159": 2,
    "100": 1,
    "101": 1,
    "207": 1,
    "211": 1,
    "223": 1,
    "225": 1,
    "231": 1,
    "233": 1,
    "234": 1,
    "244": 1,
    "245": 1,
    "246": 1,
    "253": 1,
    "271": 1,
    "367": 2,
    "132": 1,
    "133": 1,
    "198": 2,
    "209": 1,
    "213": 1,
    "214": 1,
    "215": 1,
    "216": 1,
    "208": 1,
    "230": 1,
    "235": 1,
    "249": 1,
    "252": 1,
    "266": 1,
    "268": 1,
    "272": 1,
    "275": 1,
    "276": 1,
    "278": 1,
    "279": 1,
    "280": 1,
    "301": 1,
    "303": 1,
    "218": 1,
    "219": 1,
    "220": 1,
    "226": 1,
    "285": 1,
    "221": 1,
    "222": 1,
    "237": 1,
    "241": 1,
    "247": 1,
    "256": 1,
    "364": 1,
    "371": 1,
    "358": 1,
    "375": 1,
    "135": 1,
    "199": 2,
    "126": 1,
    "288": 1,
    "36": 1,
    "37": 1,
    "39": 1,
    "40": 1,
    "58": 1,
    "70": 5,
    "42": 1,
    "47": 1,
    "48": 4,
    "49": 2,
    "57": 1,
    "72": 1,
    "96": 4,
    "14": 1,
    "15": 1,
    "22": 1,
    "54": 3,
    "94": 2,
    "24": 2,
    "44": 1,
    "60": 2,
    "69": 1,
    "103": 3,
    "104": 3,
    "105": 3,
    "106": 3,
    "107": 3,
    "108": 2,
    "109": 2,
    "110": 2,
    "111": 2,
    "112": 2,
    "113": 2,
    "114": 2,
    "115": 2,
    "121": 1,
    "122": 1,
    "123": 1,
    "124": 2,
    "125": 1,
    "131": 1,
    "140": 2,
    "145": 1,
    "146": 1,
    "147": 1,
    "0": 1,
    "25": 1,
    "26": 1,
    "84": 1,
    "102": 2,
    "116": 1,
    "130": 1,
    "133": 1,
    "150": 1,
    "157": 1,
    "68": 1
  },
  "comboHighestAllTime": 173,
  "playedNotes": 0,
  "playedNotesValid": 0
}