{
  "logName": "Medtner_-_Forgotten Melodies_Op_38_II_Danza_graziosa.log",
  "logFile": "./logs/Medtner_-_Forgotten Melodies_Op_38_II_Danza_graziosa.log",
  "scoreLength": 0,
  "sessionCount": 3,
  "sessionLog": [
    "Session 1: Tuesday, May 27th at 23:39. Duration: 6min59s",
    "Session 2: Sunday, June 01st at 13:16. Duration: 8min49s",
    "Session 3: Sunday, June 01st at 13:49. Duration: 21min30s"
  ],
  "sessionAvgPracticeTime": 5,
  "totalPracticeTimeSec": 2238,
  "cursorHistogram": {},
  "cursorWrongNoteCount": {
    "1": 2,
    "2": 1,
    "3": 1,
    "7": 1,
    "20": 1,
    "21": 1,
    "63": 4,
    "65": 5,
    "66": 3,
    "69": 4,
    "73": 1,
    "76": 2,
    "80": 1,
    "81": 2,
    "67": 6,
    "68": 5,
    "70": 2,
    "84": 1,
    "88": 2,
    "90": 4,
    "98": 1,
    "97": 1,
    "106": 2,
    "114": 1,
    "117": 2,
    "120": 2,
    "121": 2,
    "122": 2,
    "124": 2,
    "125": 1,
    "126": 1,
    "128": 2,
    "134": 2,
    "135": 1,
    "136": 1,
    "137": 1,
    "77": 1,
    "78": 1,
    "85": 1,
    "92": 1,
    "71": 1,
    "99": 1,
    "116": 1,
    "119": 1,
    "64": 2,
    "87": 8,
    "88": 3,
    "90": 13,
    "95": 2,
    "62": 6,
    "69": 7,
    "73": 1,
    "74": 1,
    "75": 1,
    "84": 8,
    "97": 5,
    "98": 3,
    "108": 1,
    "61": 2,
    "99": 1,
    "102": 3,
    "63": 7,
    "67": 5,
    "68": 5,
    "65": 4,
    "82": 3,
    "83": 3,
    "71": 4,
    "80": 9,
    "70": 1,
    "76": 2,
    "78": 3,
    "94": 2,
    "64": 1,
    "92": 1,
    "96": 3,
    "113": 2,
    "114": 3,
    "116": 2,
    "117": 2,
    "118": 1,
    "120": 5,
    "122": 3,
    "124": 5,
    "110": 2,
    "119": 4,
    "123": 1,
    "127": 1,
    "134": 1,
    "135": 2,
    "136": 2,
    "137": 2,
    "139": 1,
    "140": 2,
    "141": 2,
    "143": 2,
    "146": 1,
    "147": 1,
    "148": 2,
    "150": 1,
    "103": 1,
    "115": 1,
    "125": 2,
    "126": 1,
    "89": 1,
    "106": 1,
    "128": 1,
    "129": 1,
    "130": 1,
    "131": 1,
    "133": 1,
    "145": 1,
    "165": 1
  },
  "comboHighestSession": 54,
  "comboHighestAllTime": 54,
  "playedNotes": 0,
  "playedNotesValid": 0
}