{
  "logName": "Medtner_-_8_Stimmungsbilder_Op_1_I_Prologue.log",
  "logFile": "./logs/Medtner_-_8_Stimmungsbilder_Op_1_I_Prologue.log",
  "scoreLength": 0,
  "sessionCount": 1,
  "sessionLog": [
    "Session 1: Sunday, June 01st at 12:37. Duration: 8min27s"
  ],
  "sessionAvgPracticeTime": 0.0,
  "totalPracticeTimeSec": 507,
  "cursorHistogram": {},
  "cursorWrongNoteCount": {
    "2": 12,
    "3": 4,
    "4": 14,
    "5": 6,
    "7": 3,
    "8": 5,
    "16": 1,
    "17": 1,
    "22": 1,
    "6": 5,
    "9": 3,
    "13": 3,
    "29": 4,
    "30": 2,
    "32": 2,
    "34": 2,
    "36": 3,
    "46": 1,
    "47": 2,
    "52": 2,
    "53": 2,
    "54": 1,
    "55": 1,
    "10": 1,
    "11": 1,
    "24": 3,
    "38": 1,
    "39": 1,
    "40": 2,
    "50": 2,
    "51": 1,
    "1": 5,
    "18": 2,
    "28": 1,
    "14": 2,
    "41": 1,
    "0": 1,
    "57": 1,
    "72": 1,
    "20": 2,
    "23": 2,
    "21": 1
  },
  "comboHighestSession": 20,
  "comboHighestAllTime": 20,
  "playedNotes": 0,
  "playedNotesValid": 0
}