{
  "logName": "Medtner_-_Fairy_Tales_Op_26_III_Narrante_a_piacere.log",
  "logFile": "./logs/Medtner_-_Fairy_Tales_Op_26_III_Narrante_a_piacere.log",
  "scoreLength": 0,
  "sessionCount": 3,
  "sessionLog": [
    "Session 1: Saturday, June 28th at 15:29. Duration: 5min50s",
    "Session 2: Saturday, December 06th at 11:28. Duration: 10min23s",
    "Session 3: Saturday, December 06th at 14:17. Duration: 8min57s"
  ],
  "sessionAvgPracticeTime": 5,
  "totalPracticeTimeSec": 1510,
  "cursorHistogram": {},
  "cursorWrongNoteCount": {
    "3": 10,
    "11": 1,
    "12": 1,
    "13": 2,
    "4": 8,
    "8": 5,
    "1": 5,
    "2": 3,
    "10": 1,
    "14": 3,
    "15": 1,
    "20": 2,
    "21": 3,
    "22": 6,
    "5": 3,
    "9": 3,
    "6": 1,
    "7": 8,
    "39": 2,
    "32": 1,
    "40": 1,
    "42": 1,
    "43": 1,
    "26": 1,
    "27": 2,
    "33": 1,
    "34": 1,
    "38": 1,
    "0": 5,
    "19": 1,
    "23": 3,
    "24": 1,
    "25": 1,
    "28": 1,
    "46": 1,
    "47": 1,
    "48": 1,
    "56": 1,
    "95": 1,
    "100": 2,
    "104": 1,
    "96": 1,
    "101": 1,
    "4": 5,
    "5": 4,
    "6": 1,
    "8": 9,
    "28": 2,
    "9": 3,
    "23": 4,
    "24": 4,
    "25": 4,
    "26": 3,
    "7": 10,
    "39": 2,
    "10": 1,
    "11": 4,
    "12": 3,
    "13": 4,
    "3": 1,
    "14": 1,
    "22": 3,
    "18": 1,
    "27": 1,
    "29": 1,
    "40": 1,
    "46": 1,
    "47": 1,
    "48": 1,
    "49": 1,
    "55": 1,
    "95": 1,
    "96": 1,
    "97": 1,
    "98": 1,
    "99": 1,
    "101": 1,
    "102": 1,
    "106": 1,
    "107": 1,
    "108": 1,
    "109": 1
  },
  "comboHighestSession": 26,
  "comboHighestAllTime": 26,
  "playedNotes": 0,
  "playedNotesValid": 0
}