{
  "logName": "Medtner_Forgotten Melodies_Op_38.log",
  "logFile": "./logs/Medtner_Forgotten Melodies_Op_38.log",
  "scoreLength": 11549,
  "sessionCount": 4,
  "sessionLog": [
    "Session 1: Sunday, March 15th (2026) at 12:39. Duration: 5min31s",
    "Session 2: Sunday, March 15th (2026) at 13:00. Duration: 11min36s",
    "Session 3: Saturday, April 25th (2026) at 17:28. Duration: 28min35s",
    "Session 4: Sunday, April 26th (2026) at 23:14. Duration: 9min4s"
  ],
  "totalPracticeTime_sec": 3286,
  "cursorHistogram": {},
  "cursorWrongNoteCount": {
    "3499": 2,
    "3501": 1,
    "3503": 1,
    "3515": 1,
    "3519": 1,
    "3523": 1,
    "3563": 8,
    "3566": 14,
    "3569": 2,
    "3561": 5,
    "3576": 11,
    "3595": 5,
    "3596": 7,
    "3600": 5,
    "3612": 2,
    "3616": 1,
    "3617": 2,
    "3618": 5,
    "3622": 2,
    "3578": 4,
    "3572": 1,
    "3582": 15,
    "3592": 4,
    "4127": 1,
    "4128": 1,
    "4132": 1,
    "4136": 1,
    "6553": 1,
    "6565": 1,
    "6566": 1,
    "6581": 1,
    "6582": 1,
    "6583": 1,
    "6584": 1,
    "6587": 1,
    "6588": 1,
    "6599": 1,
    "6604": 1,
    "6605": 1,
    "6606": 1,
    "6607": 1,
    "6608": 1,
    "6609": 1,
    "6623": 1,
    "6626": 1,
    "6630": 1,
    "6637": 1,
    "6638": 1,
    "6639": 1,
    "6646": 1,
    "6647": 1,
    "6648": 1,
    "6650": 1,
    "6651": 1,
    "6653": 1,
    "6654": 1,
    "6655": 1,
    "6656": 1,
    "6657": 1,
    "6661": 1,
    "6663": 1,
    "7297": 1,
    "7298": 1,
    "7301": 1,
    "7305": 1,
    "7306": 1,
    "7313": 1,
    "7314": 1,
    "7316": 1,
    "7317": 1,
    "7318": 1,
    "8161": 1,
    "8162": 1,
    "8170": 1,
    "8172": 1,
    "8184": 1,
    "8194": 1,
    "8195": 1,
    "8196": 1,
    "8199": 1,
    "8202": 1,
    "3505": 1,
    "3511": 1,
    "3527": 1,
    "3528": 1,
    "3543": 1,
    "3555": 1,
    "3559": 1,
    "3593": 3,
    "3604": 3,
    "3606": 1,
    "3608": 1,
    "3565": 8,
    "3568": 1,
    "3560": 2,
    "3571": 2,
    "3567": 11,
    "3583": 4,
    "3584": 2,
    "3585": 3,
    "3586": 2,
    "3594": 5,
    "3573": 1,
    "3558": 1,
    "3587": 7,
    "3562": 3,
    "3580": 5,
    "3581": 2,
    "3588": 7,
    "3601": 3,
    "3619": 3,
    "3620": 3,
    "3626": 5,
    "3597": 1,
    "3602": 3,
    "3603": 2,
    "3589": 1,
    "3574": 2,
    "3610": 2,
    "3614": 1,
    "3615": 2,
    "3629": 4,
    "3590": 1,
    "3591": 1,
    "3598": 1,
    "3599": 1,
    "3613": 1,
    "3624": 1,
    "3630": 2,
    "3631": 2,
    "3633": 1,
    "3632": 1,
    "3634": 1,
    "3635": 1,
    "3607": 1,
    "3566": 1,
    "3588": 1,
    "3561": 3,
    "3562": 1,
    "3563": 3,
    "3576": 6,
    "3578": 3,
    "3580": 3,
    "3582": 2,
    "3585": 2,
    "3587": 3,
    "3595": 1,
    "3594": 1,
    "3600": 3,
    "3596": 1,
    "3603": 2,
    "3607": 2,
    "3608": 1,
    "3571": 1,
    "3584": 1,
    "3586": 1,
    "3604": 2,
    "3592": 1,
    "3611": 1,
    "3612": 1,
    "3619": 1,
    "3620": 3,
    "3622": 4,
    "3624": 1,
    "3626": 4,
    "3629": 3,
    "3638": 2,
    "3639": 2,
    "3646": 1,
    "3647": 1,
    "3648": 1,
    "3618": 1,
    "3625": 1,
    "3627": 2,
    "3628": 2,
    "3630": 1,
    "3631": 1,
    "3632": 2,
    "3637": 1,
    "3601": 1,
    "3602": 1,
    "3641": 1
  },
  "comboHighestAllTime": 63,
  "playedNotes": 0,
  "playedNotesValid": 0
}