{
  "logName": "Mendelssohn_-_Variations_serieuses.log",
  "logFile": "./logs/Mendelssohn_-_Variations_serieuses.log",
  "scoreLength": 0,
  "sessionCount": 1,
  "sessionLog": [
    "Session 1: Sunday, September 07th at 12:39. Duration: 10min11s"
  ],
  "sessionAvgPracticeTime": 0.0,
  "totalPracticeTimeSec": 611,
  "cursorHistogram": {},
  "cursorWrongNoteCount": {
    "1": 4,
    "2": 9,
    "9": 5,
    "10": 1,
    "11": 4,
    "15": 5,
    "12": 1,
    "14": 4,
    "6": 2,
    "5": 2,
    "3": 1,
    "4": 2,
    "7": 1,
    "8": 1,
    "17": 1,
    "18": 1,
    "19": 1,
    "20": 1,
    "25": 1,
    "26": 1,
    "28": 1,
    "37": 1,
    "39": 1,
    "45": 1,
    "343": 1,
    "344": 1,
    "354": 1,
    "357": 1,
    "358": 1,
    "368": 1,
    "371": 1,
    "385": 1,
    "387": 1,
    "389": 1,
    "390": 1,
    "393": 1,
    "398": 1,
    "399": 1,
    "400": 1,
    "469": 1,
    "473": 1,
    "475": 1,
    "478": 1,
    "479": 1,
    "480": 1,
    "481": 1,
    "483": 1,
    "509": 1,
    "510": 1,
    "511": 1,
    "514": 1,
    "516": 1,
    "517": 1,
    "521": 1,
    "657": 1,
    "659": 1,
    "660": 1,
    "668": 1,
    "669": 1,
    "775": 2,
    "776": 4,
    "762": 1,
    "763": 1,
    "774": 2,
    "781": 2,
    "777": 3,
    "778": 1,
    "779": 1,
    "780": 1,
    "782": 1,
    "783": 1
  },
  "comboHighestSession": 15,
  "comboHighestAllTime": 15,
  "playedNotes": 0,
  "playedNotesValid": 0
}