{
  "logName": "Mozart_-_Piano_Sonata_No_11_K_331_3rd_Movement_Rondo_alla_Turca.log",
  "logFile": "./logs/Mozart_-_Piano_Sonata_No_11_K_331_3rd_Movement_Rondo_alla_Turca.log",
  "scoreLength": 0,
  "sessionCount": 2,
  "sessionLog": [
    "Session 1: Thursday, May 08th at 16:25. Duration: 6min44s",
    "Session 2: Friday, June 06th at 00:11. Duration: 7min37s"
  ],
  "sessionAvgPracticeTime": 3,
  "totalPracticeTimeSec": 861,
  "cursorHistogram": {},
  "cursorWrongNoteCount": {
    "4": 7,
    "14": 7,
    "17": 1,
    "18": 5,
    "20": 5,
    "24": 3,
    "29": 2,
    "30": 2,
    "31": 3,
    "34": 3,
    "35": 2,
    "36": 2,
    "7": 1,
    "8": 6,
    "15": 1,
    "16": 3,
    "5": 2,
    "6": 3,
    "12": 1,
    "0": 2,
    "1": 1,
    "2": 2,
    "21": 1,
    "22": 1,
    "27": 1,
    "28": 1,
    "10": 1,
    "11": 1,
    "19": 1,
    "33": 1,
    "37": 1,
    "40": 1,
    "41": 1,
    "43": 1,
    "51": 1,
    "52": 1,
    "57": 1,
    "61": 1,
    "71": 1,
    "75": 1,
    "76": 1,
    "77": 1,
    "78": 1,
    "79": 1,
    "82": 1,
    "83": 1,
    "87": 1,
    "88": 1,
    "93": 1,
    "96": 1,
    "97": 1,
    "98": 1,
    "99": 1,
    "100": 1,
    "4": 6,
    "8": 5,
    "6": 7,
    "13": 1,
    "14": 6,
    "18": 11,
    "20": 9,
    "24": 12,
    "5": 4,
    "10": 9,
    "9": 1,
    "2": 1,
    "12": 7,
    "19": 3,
    "21": 2,
    "26": 7,
    "27": 1,
    "28": 6,
    "29": 2,
    "30": 2,
    "31": 7,
    "34": 7,
    "35": 6,
    "36": 6,
    "37": 6,
    "22": 1,
    "16": 9,
    "17": 7,
    "25": 1,
    "38": 2,
    "39": 2,
    "33": 2,
    "40": 5,
    "41": 4,
    "42": 4,
    "43": 1,
    "44": 3,
    "46": 3,
    "51": 2,
    "58": 1,
    "11": 5,
    "45": 2,
    "1": 1,
    "47": 1,
    "48": 1,
    "49": 1,
    "50": 1
  },
  "comboHighestSession": 42,
  "comboHighestAllTime": 42,
  "playedNotes": 0,
  "playedNotesValid": 0
}