{
  "logName": "Rachmaninoff_Prelude_Op_23_No_5.log",
  "logFile": "./logs/Rachmaninoff_Prelude_Op_23_No_5.log",
  "scoreLength": 1103,
  "sessionCount": 28,
  "sessionLog": [
    "Session 1: Saturday, January 04th at 00:54. Duration: 9min26s",
    "Session 2: Sunday, January 05th at 14:57. Duration: 13min9s",
    "Session 3: Sunday, January 05th at 19:23. Duration: 20min59s",
    "Session 4: Friday, January 10th at 20:32. Duration: 25min57s",
    "Session 5: Friday, January 10th at 23:22. Duration: 41min56s",
    "Session 6: Sunday, January 12th at 14:47. Duration: 29min26s",
    "Session 7: Sunday, January 12th at 21:49. Duration: 11min45s",
    "Session 8: Sunday, January 12th at 22:01. Duration: 13min10s",
    "Session 9: Monday, January 13th at 22:30. Duration: 36min42s",
    "Session 10: Saturday, June 07th at 13:35. Duration: 7min35s",
    "Session 11: Saturday, June 07th at 13:58. Duration: 23min48s",
    "Session 12: Sunday, March 29th (2026) at 16:31. Duration: 26min48s",
    "Session 13: Saturday, April 04th (2026) at 11:21. Duration: 40min0s",
    "Session 14: Sunday, April 05th (2026) at 12:29. Duration: 11min32s",
    "Session 15: Tuesday, April 07th (2026) at 11:18. Duration: 18min16s",
    "Session 16: Wednesday, April 08th (2026) at 09:37. Duration: 30min19s",
    "Session 17: Thursday, April 09th (2026) at 21:02. Duration: 14min48s",
    "Session 18: Thursday, April 09th (2026) at 23:25. Duration: 29min54s",
    "Session 19: Sunday, April 12th (2026) at 10:43. Duration: 35min37s",
    "Session 20: Sunday, April 12th (2026) at 16:28. Duration: 8min48s",
    "Session 21: Sunday, April 12th (2026) at 16:38. Duration: 39min32s",
    "Session 22: Friday, April 17th (2026) at 23:54. Duration: 45min9s",
    "Session 23: Saturday, April 18th (2026) at 16:50. Duration: 28min56s",
    "Session 24: Wednesday, April 22nd (2026) at 22:22. Duration: 39min7s",
    "Session 25: Saturday, April 25th (2026) at 15:58. Duration: 30min19s",
    "Session 26: Friday, May 01st (2026) at 12:03. Duration: 25min21s",
    "Session 27: Saturday, May 02nd (2026) at 13:12. Duration: 24min18s",
    "Session 28: Saturday, May 02nd (2026) at 23:01. Duration: 32min56s"
  ],
  "totalPracticeTime_sec": 42933,
  "cursorHistogram": {},
  "cursorWrongNoteCount": {
    "29": 1,
    "38": 1,
    "41": 3,
    "44": 1,
    "51": 1,
    "9": 1,
    "16": 1,
    "25": 1,
    "26": 1,
    "35": 2,
    "50": 1,
    "54": 1,
    "61": 1,
    "3": 1,
    "4": 1,
    "6": 1,
    "10": 1,
    "15": 1,
    "43": 1,
    "53": 1,
    "7": 1,
    "49": 1,
    "5": 1,
    "60": 1,
    "64": 1,
    "72": 2,
    "73": 2,
    "74": 2,
    "78": 2,
    "79": 1,
    "351": 1,
    "353": 1,
    "356": 1,
    "350": 1,
    "360": 1,
    "361": 2,
    "362": 1,
    "354": 1,
    "355": 1,
    "352": 2,
    "364": 1,
    "365": 1,
    "366": 2,
    "367": 1,
    "368": 2,
    "152": 1,
    "153": 1,
    "154": 1,
    "156": 1,
    "160": 2,
    "161": 2,
    "155": 2,
    "159": 1,
    "162": 1,
    "13": 1,
    "14": 1,
    "17": 2,
    "18": 1,
    "24": 2,
    "31": 1,
    "32": 1,
    "8": 1,
    "30": 1,
    "56": 1,
    "59": 1,
    "68": 1,
    "69": 2,
    "77": 1,
    "80": 2,
    "83": 1,
    "84": 1,
    "101": 2,
    "124": 1,
    "125": 1,
    "122": 1,
    "123": 3,
    "116": 1,
    "132": 2,
    "133": 2,
    "134": 2,
    "28": 1,
    "91": 1,
    "100": 2,
    "103": 1,
    "110": 1,
    "111": 1,
    "112": 1,
    "113": 1,
    "130": 2,
    "131": 2,
    "135": 3,
    "118": 1,
    "117": 2,
    "121": 4,
    "115": 1,
    "128": 2,
    "120": 1,
    "129": 3,
    "0": 1,
    "39": 1,
    "40": 1,
    "65": 1,
    "66": 1,
    "34": 1,
    "85": 1,
    "86": 1,
    "87": 1,
    "70": 1,
    "67": 1,
    "137": 1,
    "140": 2,
    "142": 1,
    "143": 1,
    "144": 3,
    "148": 1,
    "55": 1,
    "62": 1,
    "63": 1,
    "75": 1,
    "71": 2,
    "136": 1,
    "119": 1,
    "145": 1,
    "114": 1,
    "141": 1,
    "150": 1,
    "164": 1,
    "158": 1,
    "165": 2,
    "166": 1,
    "23": 2,
    "36": 1,
    "37": 1,
    "81": 1,
    "92": 1,
    "93": 1,
    "146": 1,
    "19": 1,
    "48": 1,
    "47": 1,
    "106": 1,
    "172": 1,
    "173": 1,
    "174": 6,
    "175": 3,
    "176": 2,
    "149": 1,
    "157": 1,
    "163": 1,
    "241": 1,
    "242": 1,
    "246": 1,
    "250": 4,
    "244": 1,
    "249": 1,
    "240": 1,
    "245": 1,
    "248": 3,
    "252": 3,
    "253": 4,
    "255": 1,
    "256": 1,
    "258": 1,
    "259": 1,
    "260": 1,
    "261": 1,
    "262": 1,
    "271": 1,
    "291": 1,
    "295": 1,
    "296": 1,
    "302": 2,
    "301": 4,
    "305": 1,
    "308": 1,
    "311": 1,
    "315": 1,
    "317": 1,
    "320": 1,
    "324": 1,
    "325": 1,
    "330": 1,
    "340": 1,
    "371": 3,
    "372": 1,
    "373": 2,
    "359": 1,
    "374": 1,
    "377": 1,
    "375": 1,
    "376": 1,
    "378": 1,
    "379": 1,
    "380": 1,
    "381": 1,
    "382": 1,
    "383": 1,
    "384": 1,
    "385": 1,
    "386": 1,
    "389": 1,
    "392": 1,
    "395": 1,
    "363": 1,
    "396": 1,
    "397": 1,
    "398": 1,
    "401": 2,
    "414": 1,
    "417": 1,
    "420": 3,
    "423": 1,
    "425": 1,
    "426": 1,
    "399": 1,
    "400": 1,
    "402": 2,
    "413": 1,
    "415": 2,
    "416": 1,
    "408": 3,
    "427": 1,
    "428": 1,
    "429": 2,
    "430": 1,
    "431": 2,
    "432": 2,
    "433": 1,
    "434": 1,
    "436": 1,
    "437": 1,
    "438": 1,
    "439": 1,
    "442": 1,
    "443": 1,
    "444": 2,
    "393": 1,
    "435": 1,
    "441": 2,
    "448": 2,
    "451": 1,
    "452": 1,
    "453": 2,
    "460": 1,
    "461": 4,
    "462": 1,
    "463": 1,
    "464": 1,
    "465": 1,
    "466": 1,
    "468": 1,
    "472": 1,
    "473": 1,
    "411": 2,
    "422": 2,
    "445": 1,
    "446": 1,
    "447": 1,
    "450": 1,
    "469": 1,
    "470": 1,
    "471": 1,
    "474": 2,
    "475": 2,
    "477": 1,
    "478": 1,
    "480": 1,
    "481": 2,
    "482": 1,
    "483": 1,
    "484": 1,
    "487": 3,
    "490": 1,
    "491": 1,
    "492": 1,
    "493": 1,
    "494": 2,
    "499": 8,
    "501": 1,
    "502": 7,
    "503": 2,
    "504": 2,
    "505": 2,
    "506": 5,
    "507": 2,
    "508": 1,
    "512": 3,
    "513": 2,
    "514": 5,
    "515": 5,
    "520": 1,
    "522": 1,
    "523": 1,
    "525": 1,
    "526": 1,
    "527": 1,
    "528": 1,
    "529": 3,
    "530": 2,
    "535": 7,
    "405": 1,
    "406": 1,
    "407": 1,
    "421": 1,
    "348": 1,
    "424": 1,
    "403": 1,
    "404": 1,
    "390": 1,
    "391": 1,
    "410": 1,
    "412": 2,
    "467": 1,
    "459": 2,
    "716": 1,
    "729": 1,
    "739": 1,
    "742": 1,
    "743": 1,
    "744": 2,
    "748": 1,
    "749": 1,
    "756": 1,
    "758": 1,
    "759": 1,
    "760": 1,
    "761": 1,
    "762": 1,
    "770": 1,
    "771": 1,
    "776": 1,
    "781": 1,
    "797": 1,
    "798": 1,
    "799": 1,
    "738": 1,
    "751": 1,
    "774": 1,
    "775": 1,
    "779": 1,
    "787": 1,
    "788": 1,
    "789": 1,
    "750": 1,
    "1": 1,
    "76": 1,
    "88": 1,
    "89": 1,
    "94": 1,
    "96": 1,
    "147": 1,
    "151": 1,
    "27": 1,
    "90": 1,
    "168": 1,
    "170": 1,
    "177": 4,
    "251": 2,
    "388": 1,
    "440": 1,
    "449": 1,
    "458": 1,
    "476": 1,
    "479": 7,
    "485": 1,
    "486": 1,
    "488": 1,
    "489": 3,
    "496": 3,
    "500": 1,
    "518": 4,
    "519": 3,
    "521": 2,
    "533": 5,
    "740": 1,
    "455": 1,
    "456": 1,
    "457": 1,
    "498": 1,
    "516": 3,
    "532": 1,
    "536": 7,
    "537": 3,
    "538": 3,
    "539": 3,
    "543": 1,
    "544": 1,
    "545": 5,
    "548": 9,
    "549": 8,
    "550": 6,
    "551": 2,
    "524": 1,
    "531": 1,
    "542": 1,
    "554": 1,
    "555": 1,
    "556": 1,
    "557": 1,
    "560": 4,
    "561": 1,
    "562": 1,
    "547": 8,
    "559": 1,
    "563": 4,
    "564": 1,
    "565": 1,
    "572": 2,
    "573": 2,
    "534": 1,
    "566": 1,
    "579": 1,
    "546": 1,
    "574": 2,
    "575": 1,
    "576": 1,
    "52": 2,
    "20": 1,
    "104": 1,
    "171": 1,
    "180": 2,
    "167": 1,
    "183": 2,
    "184": 1,
    "185": 1,
    "186": 1,
    "42": 1,
    "109": 1,
    "126": 1,
    "454": 1,
    "497": 1,
    "511": 1,
    "510": 3,
    "517": 4,
    "409": 1,
    "419": 1,
    "178": 2,
    "181": 1,
    "187": 3,
    "188": 1,
    "189": 1,
    "192": 1,
    "195": 1,
    "196": 1,
    "197": 1,
    "198": 1,
    "199": 2,
    "200": 1,
    "201": 1,
    "202": 2,
    "206": 1,
    "203": 1,
    "205": 1,
    "204": 1,
    "210": 1,
    "211": 1,
    "212": 1,
    "213": 1,
    "216": 2,
    "219": 1,
    "222": 1,
    "224": 3,
    "228": 1,
    "235": 2,
    "239": 3,
    "247": 1,
    "207": 1,
    "220": 1,
    "225": 1,
    "226": 1,
    "227": 3,
    "230": 2,
    "232": 1,
    "236": 3,
    "237": 2,
    "238": 2,
    "223": 1,
    "231": 3,
    "243": 2,
    "263": 1,
    "254": 2,
    "394": 1,
    "45": 2,
    "57": 1,
    "668": 1,
    "669": 2,
    "670": 1,
    "672": 3,
    "673": 1,
    "674": 1,
    "679": 1,
    "680": 1,
    "681": 1,
    "682": 1,
    "693": 1,
    "694": 1,
    "696": 1,
    "697": 1,
    "698": 1,
    "699": 2,
    "700": 2,
    "701": 2,
    "702": 2,
    "703": 1,
    "706": 1,
    "709": 1,
    "710": 1,
    "711": 1,
    "712": 1,
    "713": 1,
    "714": 1,
    "715": 1,
    "1072": 1,
    "1073": 3,
    "1074": 2,
    "1077": 4,
    "1078": 1,
    "1079": 1,
    "1080": 4,
    "1081": 2,
    "1085": 2,
    "387": 1,
    "418": 1,
    "720": 1,
    "731": 1,
    "747": 1,
    "735": 1,
    "737": 1,
    "727": 1,
    "732": 1,
    "719": 1,
    "730": 1,
    "772": 1,
    "786": 1,
    "790": 1,
    "793": 1,
    "795": 1,
    "724": 2,
    "733": 1,
    "753": 1,
    "773": 1,
    "808": 1,
    "813": 1,
    "818": 1,
    "819": 1,
    "820": 1,
    "817": 1,
    "821": 1,
    "822": 2,
    "823": 1,
    "824": 2,
    "825": 2,
    "826": 3,
    "833": 3,
    "834": 5,
    "836": 3,
    "358": 1,
    "257": 1,
    "268": 1,
    "33": 1,
    "540": 1,
    "558": 1,
    "552": 2,
    "553": 1,
    "584": 5,
    "586": 1,
    "587": 2,
    "588": 2,
    "591": 1,
    "592": 2,
    "594": 2,
    "596": 1,
    "597": 4,
    "599": 3,
    "601": 1,
    "602": 1,
    "603": 2,
    "609": 4,
    "612": 1,
    "613": 2,
    "614": 2,
    "617": 4,
    "619": 4,
    "622": 9,
    "632": 3,
    "634": 7,
    "637": 1,
    "640": 5,
    "643": 2,
    "645": 6,
    "646": 6,
    "652": 2,
    "656": 2,
    "657": 2,
    "658": 2,
    "667": 1,
    "671": 2,
    "675": 1,
    "676": 1,
    "677": 1,
    "678": 1,
    "683": 2,
    "684": 2,
    "689": 1,
    "691": 1,
    "567": 1,
    "568": 1,
    "569": 1,
    "22": 1,
    "138": 1,
    "304": 2,
    "303": 1,
    "585": 7,
    "598": 3,
    "721": 1,
    "12": 1,
    "582": 1,
    "509": 1,
    "495": 1,
    "580": 1,
    "736": 1,
    "725": 1,
    "541": 1,
    "571": 1,
    "583": 1,
    "600": 2,
    "608": 2,
    "615": 5,
    "616": 4,
    "618": 2,
    "621": 1,
    "593": 1,
    "835": 1,
    "837": 3,
    "838": 4,
    "841": 2,
    "842": 2,
    "847": 2,
    "851": 5,
    "852": 5,
    "855": 1,
    "856": 2,
    "859": 1,
    "839": 2,
    "844": 1,
    "845": 2,
    "854": 2,
    "863": 1,
    "864": 4,
    "865": 2,
    "866": 1,
    "867": 4,
    "868": 4,
    "871": 3,
    "875": 2,
    "876": 1,
    "879": 1,
    "880": 1,
    "881": 1,
    "883": 1,
    "1070": 1,
    "1071": 4,
    "1076": 2,
    "1082": 2,
    "595": 1,
    "581": 1,
    "604": 1,
    "610": 1,
    "611": 1,
    "633": 2,
    "766": 1,
    "718": 1,
    "723": 1,
    "746": 1,
    "811": 1,
    "827": 1,
    "853": 1,
    "102": 1,
    "209": 1,
    "1075": 1,
    "1091": 1,
    "1093": 2,
    "1083": 3,
    "1101": 1,
    "570": 1,
    "577": 1,
    "620": 1,
    "631": 3,
    "641": 1,
    "642": 1,
    "644": 1,
    "647": 3,
    "660": 1,
    "661": 1,
    "685": 2,
    "686": 1,
    "687": 1,
    "688": 1,
    "690": 2,
    "707": 1,
    "708": 1,
    "734": 1,
    "752": 1,
    "767": 1,
    "768": 1,
    "804": 1,
    "807": 1,
    "840": 3,
    "169": 2,
    "190": 1,
    "590": 1,
    "628": 1,
    "629": 1,
    "624": 1,
    "625": 1,
    "636": 2,
    "638": 3,
    "607": 2,
    "623": 1,
    "635": 2,
    "639": 3,
    "655": 1,
    "605": 4,
    "606": 3,
    "653": 1,
    "665": 1,
    "666": 1,
    "649": 3,
    "654": 1,
    "705": 1,
    "704": 1,
    "722": 1,
    "765": 1,
    "794": 1,
    "796": 1,
    "805": 1,
    "648": 3,
    "651": 1,
    "692": 1,
    "780": 1,
    "784": 1,
    "785": 1,
    "806": 1,
    "791": 1,
    "803": 1,
    "857": 1,
    "849": 2,
    "874": 2,
    "664": 1,
    "650": 1,
    "757": 1,
    "832": 2,
    "861": 1,
    "1090": 1,
    "1084": 1,
    "695": 1,
    "792": 1,
    "357": 1,
    "659": 1,
    "662": 1,
    "663": 1,
    "843": 1,
    "848": 1,
    "850": 2,
    "860": 1,
    "420": 2,
    "421": 2,
    "422": 2,
    "424": 1,
    "425": 1,
    "426": 1,
    "427": 1,
    "428": 1,
    "429": 1,
    "430": 1,
    "431": 1,
    "432": 1,
    "433": 1,
    "434": 1,
    "437": 1,
    "438": 1,
    "488": 1,
    "489": 2,
    "490": 1,
    "491": 1,
    "492": 1,
    "493": 1,
    "502": 1,
    "503": 1,
    "515": 1,
    "516": 1,
    "517": 1,
    "519": 1,
    "521": 1,
    "523": 1,
    "535": 5,
    "536": 5,
    "547": 1,
    "548": 3,
    "549": 3,
    "550": 2,
    "551": 4,
    "553": 2,
    "554": 1,
    "556": 1,
    "560": 2,
    "584": 3,
    "585": 3,
    "597": 3,
    "598": 3,
    "599": 3,
    "604": 2,
    "606": 1,
    "607": 1,
    "609": 3,
    "613": 1,
    "614": 1,
    "615": 2,
    "616": 3,
    "617": 3,
    "622": 12,
    "476": 2,
    "477": 1,
    "533": 2,
    "537": 1,
    "621": 3,
    "632": 3,
    "634": 16,
    "635": 6,
    "638": 4,
    "625": 1,
    "637": 8,
    "641": 2,
    "619": 4,
    "631": 3,
    "636": 2,
    "643": 5,
    "645": 7,
    "646": 9,
    "656": 8,
    "657": 8,
    "640": 6,
    "633": 2,
    "642": 3,
    "658": 7,
    "659": 2,
    "661": 1,
    "662": 1,
    "663": 1,
    "664": 3,
    "655": 1,
    "667": 4,
    "669": 10,
    "670": 10,
    "671": 9,
    "673": 5,
    "639": 1,
    "652": 4,
    "644": 1,
    "647": 2,
    "648": 1,
    "649": 1,
    "672": 3,
    "679": 4,
    "650": 1,
    "651": 1,
    "674": 3,
    "693": 5,
    "694": 6,
    "698": 3,
    "699": 2,
    "700": 4,
    "701": 2,
    "702": 3,
    "703": 2,
    "706": 2,
    "709": 3,
    "710": 3,
    "711": 3,
    "713": 2,
    "677": 3,
    "681": 4,
    "682": 4,
    "685": 1,
    "688": 1,
    "683": 1,
    "691": 2,
    "692": 2,
    "675": 2,
    "678": 2,
    "695": 3,
    "680": 1,
    "696": 2,
    "697": 2,
    "687": 1,
    "705": 1,
    "714": 1,
    "715": 1,
    "720": 1,
    "744": 1,
    "739": 1,
    "749": 3,
    "750": 3,
    "371": 1,
    "384": 1,
    "385": 1,
    "460": 1,
    "463": 1,
    "464": 1,
    "474": 1,
    "475": 1,
    "494": 1,
    "513": 1,
    "538": 1,
    "563": 1,
    "583": 1,
    "690": 1,
    "712": 1,
    "725": 1,
    "748": 1,
    "751": 2,
    "761": 2,
    "762": 2,
    "770": 2,
    "771": 2,
    "737": 1,
    "757": 1,
    "764": 1,
    "765": 1,
    "774": 1,
    "776": 1,
    "786": 1,
    "788": 1,
    "790": 2,
    "795": 2,
    "797": 1,
    "808": 2,
    "818": 2,
    "819": 2,
    "820": 1,
    "834": 2,
    "837": 2,
    "838": 3,
    "807": 1,
    "822": 1,
    "824": 1,
    "825": 1,
    "826": 1,
    "839": 2,
    "835": 1,
    "841": 1,
    "842": 1,
    "851": 1,
    "852": 1
  },
  "comboHighestAllTime": 159,
  "playedNotes": 0,
  "playedNotesValid": 0
}