{
  "logName": "Rachmaninoff_Piano_Concerto_No_1_3rd_movement.log",
  "logFile": "./logs/Rachmaninoff_Piano_Concerto_No_1_3rd_movement.log",
  "scoreLength": 0,
  "sessionCount": 2,
  "sessionLog": [
    "Session 1: Sunday, February 22nd at 13:36. Duration: 8min55s",
    "Session 2: Sunday, February 22nd at 14:34. Duration: 7min40s"
  ],
  "sessionAvgPracticeTime": 4,
  "totalPracticeTimeSec": 995,
  "cursorHistogram": {},
  "cursorWrongNoteCount": {
    "0": 1,
    "1": 1,
    "2": 1,
    "3": 1,
    "4": 1,
    "5": 1,
    "6": 1,
    "7": 1,
    "231": 1,
    "232": 1,
    "233": 1,
    "234": 1,
    "251": 1,
    "452": 1,
    "453": 1,
    "455": 1,
    "459": 1,
    "460": 1,
    "461": 1,
    "464": 1,
    "466": 1,
    "467": 1,
    "468": 1,
    "781": 1,
    "786": 1,
    "787": 1,
    "836": 1,
    "837": 1,
    "848": 1,
    "864": 1,
    "865": 1,
    "874": 1,
    "876": 1,
    "877": 1,
    "884": 1,
    "885": 1,
    "888": 1,
    "890": 1,
    "901": 1,
    "902": 1,
    "973": 1,
    "974": 1,
    "975": 1,
    "981": 1,
    "988": 1,
    "992": 1,
    "1004": 1,
    "1005": 1,
    "1016": 1,
    "1084": 3,
    "1085": 3,
    "1086": 2,
    "1087": 2,
    "1088": 2,
    "1089": 2,
    "1092": 2,
    "1098": 2,
    "1101": 3,
    "1096": 1,
    "1107": 1,
    "1112": 1,
    "1113": 1,
    "1123": 1,
    "1129": 1,
    "1130": 2,
    "1131": 2,
    "1132": 2,
    "1134": 2,
    "1139": 1,
    "1140": 1,
    "1141": 2,
    "1142": 2,
    "1147": 1,
    "1148": 1,
    "1149": 1,
    "1150": 1,
    "1151": 1,
    "1154": 1,
    "1155": 1,
    "1156": 1,
    "1157": 1,
    "1158": 1,
    "1162": 1,
    "1167": 1,
    "1168": 1,
    "1169": 1,
    "1170": 1,
    "1173": 1,
    "1174": 1,
    "1090": 1,
    "1091": 1,
    "1102": 1,
    "1103": 1,
    "1105": 1,
    "1106": 1,
    "1119": 1,
    "1120": 1,
    "1128": 1,
    "1144": 1,
    "1145": 1,
    "1146": 1,
    "1085": 3,
    "1088": 3,
    "1089": 3,
    "1094": 1,
    "1106": 2,
    "1107": 2,
    "1108": 1,
    "1109": 2,
    "1113": 1,
    "1130": 2,
    "1131": 2,
    "1132": 2,
    "1137": 1,
    "1138": 1,
    "1141": 3,
    "1142": 3,
    "1091": 1,
    "1092": 1,
    "1098": 2,
    "1084": 1,
    "1102": 1,
    "1104": 1,
    "1115": 2,
    "1119": 1,
    "1121": 1,
    "1123": 1,
    "1124": 1,
    "1128": 1,
    "1129": 1,
    "1133": 1,
    "1134": 1,
    "1140": 2,
    "1148": 1,
    "1152": 1,
    "1154": 1,
    "1155": 1,
    "1159": 1,
    "1182": 1,
    "1183": 1,
    "1198": 1,
    "1221": 1,
    "1222": 1,
    "1223": 1,
    "1227": 1,
    "1228": 1,
    "1229": 1,
    "1231": 1,
    "1232": 1,
    "1234": 1,
    "1236": 1,
    "1237": 1,
    "1238": 1,
    "1239": 1,
    "1240": 1,
    "1242": 1,
    "1243": 1,
    "1244": 1,
    "1249": 1,
    "1251": 1,
    "1253": 1,
    "1255": 1,
    "1256": 1,
    "1258": 1,
    "1259": 1,
    "1260": 1,
    "1261": 1,
    "1262": 1,
    "1267": 1,
    "1269": 1,
    "1270": 1,
    "1271": 1,
    "1272": 1,
    "1273": 1,
    "1274": 1,
    "1275": 1,
    "1086": 1,
    "1087": 1,
    "1090": 1,
    "1099": 1,
    "1116": 1,
    "1118": 1,
    "1125": 1,
    "1136": 1,
    "1139": 1
  },
  "comboHighestSession": 23,
  "comboHighestAllTime": 23,
  "playedNotes": 0,
  "playedNotesValid": 0
}