{
  "logName": "Rachmaninoff_Prelude_Op_23_No_3.log",
  "logFile": "./logs/Rachmaninoff_Prelude_Op_23_No_3.log",
  "scoreLength": 0,
  "sessionCount": 1,
  "sessionLog": [
    "Session 1: Sunday, July 06th at 15:40. Duration: 22min58s"
  ],
  "sessionAvgPracticeTime": 0.0,
  "totalPracticeTimeSec": 1378,
  "cursorHistogram": {},
  "cursorWrongNoteCount": {
    "0": 19,
    "1": 24,
    "2": 31,
    "3": 24,
    "4": 4,
    "5": 6,
    "7": 6,
    "8": 6,
    "9": 12,
    "10": 5,
    "16": 15,
    "17": 9,
    "18": 12,
    "19": 6,
    "21": 2,
    "20": 4,
    "26": 3,
    "31": 1,
    "32": 2,
    "33": 4,
    "38": 2,
    "11": 2,
    "34": 2,
    "35": 2,
    "36": 2,
    "37": 1,
    "40": 2,
    "41": 2,
    "42": 2,
    "43": 3,
    "44": 2,
    "45": 2,
    "6": 1,
    "27": 1,
    "22": 1,
    "23": 1,
    "28": 1,
    "39": 1,
    "46": 1,
    "51": 1,
    "52": 1,
    "53": 1,
    "58": 1,
    "63": 1,
    "65": 1,
    "66": 1,
    "67": 1,
    "68": 1,
    "13": 1,
    "15": 1
  },
  "comboHighestSession": 14,
  "comboHighestAllTime": 14,
  "playedNotes": 0,
  "playedNotesValid": 0
}