{
  "logName": "Rachmaninoff_Etude_Tableaux_Op_39_No_8.log",
  "logFile": "./logs/Rachmaninoff_Etude_Tableaux_Op_39_No_8.log",
  "scoreLength": 959,
  "sessionCount": 27,
  "sessionLog": [
    "Session 1: Monday, April 28th at 23:55. Duration: 9min36s",
    "Session 2: Thursday, May 01st at 23:04. Duration: 8min36s",
    "Session 3: Thursday, May 01st at 23:50. Duration: 9min51s",
    "Session 4: Saturday, May 03rd at 15:34. Duration: 11min29s",
    "Session 5: Saturday, May 03rd at 17:18. Duration: 34min22s",
    "Session 6: Saturday, May 03rd at 22:33. Duration: 19min48s",
    "Session 7: Sunday, May 04th at 12:13. Duration: 23min45s",
    "Session 8: Sunday, May 04th at 14:06. Duration: 13min31s",
    "Session 9: Sunday, May 04th at 22:32. Duration: 10min44s",
    "Session 10: Tuesday, May 06th at 21:10. Duration: 35min17s",
    "Session 11: Thursday, May 08th at 16:32. Duration: 10min30s",
    "Session 12: Wednesday, May 14th at 23:07. Duration: 5min50s",
    "Session 13: Wednesday, May 21st at 23:55. Duration: 11min7s",
    "Session 14: Saturday, May 24th at 18:54. Duration: 6min44s",
    "Session 15: Saturday, May 24th at 22:41. Duration: 26min11s",
    "Session 16: Tuesday, May 27th at 23:46. Duration: 6min34s",
    "Session 17: Sunday, June 01st at 12:45. Duration: 13min31s",
    "Session 18: Monday, June 16th at 21:23. Duration: 11min21s",
    "Session 19: Tuesday, June 17th at 22:50. Duration: 10min6s",
    "Session 20: Sunday, July 20th at 11:11. Duration: 6min29s",
    "Session 21: Saturday, July 26th at 12:29. Duration: 6min55s",
    "Session 22: Thursday, August 07th at 22:55. Duration: 7min9s",
    "Session 23: Sunday, August 24th at 15:52. Duration: 7min47s",
    "Session 24: Monday, August 25th at 19:43. Duration: 9min15s",
    "Session 25: Wednesday, September 03rd at 22:27. Duration: 12min25s",
    "Session 26: Sunday, March 08th (2026) at 23:35. Duration: 7min6s",
    "Session 27: Monday, March 16th (2026) at 22:59. Duration: 9min0s"
  ],
  "totalPracticeTime_sec": 20699,
  "cursorHistogram": {},
  "cursorWrongNoteCount": {
    "2": 2,
    "4": 2,
    "5": 2,
    "9": 2,
    "14": 1,
    "8": 5,
    "6": 1,
    "17": 2,
    "13": 3,
    "22": 1,
    "18": 3,
    "32": 2,
    "33": 4,
    "3": 2,
    "10": 1,
    "11": 1,
    "12": 1,
    "0": 3,
    "15": 1,
    "1": 2,
    "16": 1,
    "7": 2,
    "19": 1,
    "20": 2,
    "21": 4,
    "23": 2,
    "54": 1,
    "55": 1,
    "57": 2,
    "61": 4,
    "65": 1,
    "74": 3,
    "60": 2,
    "103": 1,
    "104": 1,
    "116": 1,
    "123": 1,
    "124": 1,
    "125": 1,
    "126": 1,
    "24": 1,
    "27": 1,
    "31": 1,
    "48": 4,
    "50": 1,
    "62": 4,
    "63": 4,
    "64": 5,
    "73": 4,
    "79": 2,
    "82": 1,
    "83": 6,
    "84": 9,
    "85": 9,
    "77": 1,
    "42": 4,
    "26": 2,
    "28": 5,
    "29": 1,
    "30": 1,
    "25": 5,
    "34": 4,
    "35": 1,
    "38": 1,
    "39": 5,
    "40": 1,
    "36": 1,
    "41": 2,
    "53": 5,
    "70": 1,
    "75": 4,
    "109": 1,
    "112": 1,
    "118": 1,
    "121": 1,
    "37": 1,
    "44": 2,
    "46": 1,
    "58": 2,
    "59": 2,
    "72": 3,
    "169": 1,
    "171": 1,
    "173": 1,
    "177": 1,
    "180": 1,
    "182": 1,
    "183": 1,
    "187": 1,
    "189": 1,
    "192": 1,
    "195": 1,
    "198": 1,
    "199": 1,
    "200": 1,
    "214": 1,
    "216": 1,
    "221": 1,
    "224": 1,
    "231": 1,
    "232": 1,
    "242": 1,
    "243": 1,
    "254": 1,
    "261": 1,
    "267": 1,
    "271": 1,
    "276": 1,
    "278": 1,
    "282": 1,
    "286": 1,
    "287": 1,
    "289": 1,
    "301": 1,
    "306": 1,
    "52": 1,
    "78": 1,
    "86": 6,
    "127": 1,
    "130": 1,
    "133": 1,
    "136": 1,
    "139": 1,
    "140": 1,
    "145": 1,
    "66": 3,
    "98": 1,
    "106": 1,
    "134": 1,
    "149": 1,
    "150": 1,
    "154": 1,
    "159": 1,
    "164": 1,
    "174": 1,
    "56": 2,
    "43": 2,
    "71": 1,
    "45": 2,
    "49": 2,
    "51": 1,
    "68": 1,
    "69": 1,
    "76": 1,
    "47": 1,
    "81": 2,
    "88": 1,
    "91": 4,
    "93": 1,
    "95": 1,
    "96": 1,
    "80": 1,
    "67": 2,
    "87": 2,
    "89": 1,
    "90": 3,
    "100": 2,
    "107": 1,
    "99": 1,
    "3": 4,
    "0": 4,
    "6": 3,
    "9": 3,
    "13": 4,
    "17": 1,
    "23": 1,
    "22": 2,
    "29": 1,
    "8": 4,
    "26": 3,
    "33": 5,
    "15": 3,
    "39": 3,
    "40": 2,
    "41": 1,
    "50": 1,
    "52": 1,
    "54": 2,
    "16": 4,
    "2": 1,
    "32": 3,
    "27": 2,
    "31": 1,
    "35": 1,
    "4": 2,
    "7": 2,
    "5": 3,
    "12": 3,
    "34": 1,
    "36": 1,
    "38": 1,
    "42": 1,
    "24": 1,
    "1": 1,
    "21": 2,
    "46": 1,
    "47": 1,
    "53": 1,
    "57": 1,
    "59": 1,
    "62": 1,
    "63": 1,
    "64": 1
  },
  "comboHighestAllTime": 82,
  "playedNotes": 0,
  "playedNotesValid": 0
}