{
  "logName": "Rachmaninoff_-_Piano_Concerto_No._2_Op._18_-_3rd_Mvmt_-_Piano_Solo.log",
  "logFile": "./logs/Rachmaninoff_-_Piano_Concerto_No._2_Op._18_-_3rd_Mvmt_-_Piano_Solo.log",
  "scoreLength": 0,
  "sessionCount": 15,
  "sessionLog": [
    "Session 1: Saturday, April 05th at 12:47. Duration: 11min41s",
    "Session 2: Tuesday, April 08th at 23:21. Duration: 12min56s",
    "Session 3: Friday, April 11th at 11:24. Duration: 14min50s",
    "Session 4: Monday, April 21st at 11:53. Duration: 23min41s",
    "Session 5: Saturday, April 26th at 15:03. Duration: 16min28s",
    "Session 6: Sunday, April 27th at 15:59. Duration: 8min3s",
    "Session 7: Thursday, May 01st at 17:04. Duration: 8min39s",
    "Session 8: Friday, May 02nd at 00:00. Duration: 6min22s",
    "Session 9: Saturday, May 03rd at 15:27. Duration: 6min7s",
    "Session 10: Saturday, May 03rd at 22:14. Duration: 18min44s",
    "Session 11: Monday, May 19th at 23:57. Duration: 7min48s",
    "Session 12: Saturday, May 24th at 18:45. Duration: 8min20s",
    "Session 13: Sunday, June 01st at 23:29. Duration: 8min55s",
    "Session 14: Sunday, June 15th at 15:13. Duration: 5min41s",
    "Session 15: Sunday, June 22nd at 12:08. Duration: 11min49s"
  ],
  "sessionAvgPracticeTime": 11,
  "totalPracticeTimeSec": 10204,
  "cursorHistogram": {},
  "cursorWrongNoteCount": {
    "2": 2,
    "3": 1,
    "5": 2,
    "10": 2,
    "11": 2,
    "12": 2,
    "13": 1,
    "1": 1,
    "6": 1,
    "8": 1,
    "9": 1,
    "14": 1,
    "221": 1,
    "231": 1,
    "234": 1,
    "242": 1,
    "243": 1,
    "245": 1,
    "252": 1,
    "253": 1,
    "254": 1,
    "255": 1,
    "258": 1,
    "259": 1,
    "261": 1,
    "837": 1,
    "838": 7,
    "836": 1,
    "839": 5,
    "840": 3,
    "841": 1,
    "842": 3,
    "843": 1,
    "849": 4,
    "850": 1,
    "846": 2,
    "847": 2,
    "853": 2,
    "848": 1,
    "857": 1,
    "865": 1,
    "868": 1,
    "869": 1,
    "871": 1,
    "875": 1,
    "882": 1,
    "884": 1,
    "885": 1,
    "886": 1,
    "899": 1,
    "900": 1,
    "901": 1,
    "902": 1,
    "903": 1,
    "904": 1,
    "905": 1,
    "907": 1,
    "908": 1,
    "910": 1,
    "911": 1,
    "912": 2,
    "916": 1,
    "917": 1,
    "918": 1,
    "919": 1,
    "920": 1,
    "921": 3,
    "922": 1,
    "926": 1,
    "928": 1,
    "933": 5,
    "934": 3,
    "936": 3,
    "938": 3,
    "942": 4,
    "943": 1,
    "944": 2,
    "946": 1,
    "948": 5,
    "949": 1,
    "950": 1,
    "951": 1,
    "952": 1,
    "953": 1,
    "954": 4,
    "956": 2,
    "965": 3,
    "966": 3,
    "967": 3,
    "968": 3,
    "969": 3,
    "970": 3,
    "971": 3,
    "972": 3,
    "973": 2,
    "974": 3,
    "976": 1,
    "980": 1,
    "981": 2,
    "982": 2,
    "986": 1,
    "987": 1,
    "988": 1,
    "989": 1,
    "990": 1,
    "993": 1,
    "994": 1,
    "909": 1,
    "929": 3,
    "923": 1,
    "924": 2,
    "930": 2,
    "931": 1,
    "927": 1,
    "914": 1,
    "913": 1,
    "906": 4,
    "935": 2,
    "932": 1,
    "940": 2,
    "941": 4,
    "945": 1,
    "964": 3,
    "925": 2,
    "955": 3,
    "978": 1,
    "979": 1,
    "992": 1,
    "996": 1,
    "997": 1,
    "998": 1,
    "915": 1,
    "958": 2,
    "939": 2,
    "957": 1,
    "959": 2,
    "960": 1,
    "962": 2,
    "963": 1,
    "977": 1,
    "983": 1,
    "984": 1,
    "985": 1,
    "991": 1,
    "1001": 1,
    "1002": 1,
    "1005": 1,
    "1006": 1,
    "1007": 1,
    "1008": 1,
    "1009": 1,
    "1010": 1,
    "1021": 1,
    "1022": 1,
    "1026": 1,
    "1027": 1,
    "1028": 1,
    "1029": 1,
    "1030": 1,
    "1032": 1,
    "961": 1,
    "937": 1,
    "975": 1,
    "947": 3,
    "1017": 1,
    "1018": 1,
    "1023": 1,
    "1024": 1,
    "1033": 1,
    "1034": 1,
    "1041": 1,
    "1047": 1,
    "1049": 1,
    "1050": 1,
    "1059": 1,
    "1069": 1,
    "1070": 1,
    "1072": 1,
    "1086": 1,
    "1087": 1,
    "1088": 1,
    "1100": 1,
    "1104": 1,
    "1107": 1,
    "1108": 1,
    "1110": 1,
    "1115": 1,
    "1116": 1,
    "1117": 1,
    "1118": 1,
    "1119": 1,
    "1120": 1,
    "1121": 1,
    "1122": 1,
    "1123": 1,
    "1124": 1,
    "1125": 1,
    "1128": 1,
    "1129": 1,
    "1130": 1,
    "1131": 2,
    "1140": 2,
    "1141": 2,
    "1142": 2,
    "1158": 2,
    "1143": 1,
    "1144": 1,
    "1145": 1,
    "1146": 1,
    "1147": 1,
    "1148": 1,
    "1149": 1,
    "1159": 1,
    "1170": 1,
    "1181": 1,
    "1186": 1,
    "1193": 1,
    "1196": 1,
    "1197": 1,
    "1198": 1,
    "1199": 1,
    "1200": 1,
    "1201": 1,
    "1202": 1,
    "1203": 1,
    "1204": 1,
    "1205": 1,
    "1206": 1,
    "1207": 1,
    "1208": 1,
    "1209": 1,
    "1210": 1,
    "1211": 1,
    "1212": 1,
    "1213": 1,
    "1214": 1,
    "1215": 1,
    "1216": 1,
    "1217": 1,
    "1218": 1,
    "1219": 1,
    "1220": 1,
    "1225": 1,
    "1242": 1,
    "1246": 1,
    "1252": 1,
    "1253": 1,
    "1254": 1,
    "1255": 1,
    "1256": 1,
    "1257": 1,
    "1258": 1,
    "1259": 1,
    "1260": 1,
    "1261": 1,
    "1262": 1,
    "1263": 1,
    "1264": 1,
    "1265": 1,
    "1266": 1,
    "1267": 1,
    "1268": 1,
    "1269": 1,
    "1270": 1,
    "1271": 1,
    "1272": 1,
    "1273": 1,
    "1274": 1,
    "1275": 1,
    "1276": 1,
    "1277": 1,
    "1278": 1,
    "1279": 1,
    "1280": 1,
    "1281": 1,
    "1282": 1,
    "1283": 1,
    "1284": 1,
    "1285": 1,
    "1286": 1,
    "1287": 1,
    "1288": 1,
    "1289": 1,
    "1290": 1,
    "1291": 1,
    "1292": 1,
    "1293": 1,
    "1294": 1,
    "1295": 1,
    "1296": 1,
    "1297": 1,
    "1298": 1,
    "1299": 1,
    "1300": 1,
    "1301": 1,
    "901": 3,
    "903": 3,
    "933": 6,
    "935": 2,
    "936": 4,
    "938": 4,
    "939": 3,
    "944": 2,
    "945": 2,
    "956": 3,
    "958": 5,
    "932": 1,
    "910": 4,
    "941": 6,
    "942": 8,
    "943": 1,
    "902": 3,
    "914": 3,
    "940": 8,
    "955": 3,
    "960": 1,
    "962": 2,
    "964": 5,
    "965": 6,
    "966": 6,
    "967": 6,
    "968": 6,
    "969": 6,
    "970": 6,
    "971": 6,
    "974": 5,
    "975": 2,
    "976": 3,
    "905": 3,
    "928": 1,
    "934": 2,
    "954": 4,
    "912": 1,
    "913": 2,
    "904": 1,
    "972": 5,
    "973": 5,
    "977": 3,
    "978": 4,
    "981": 4,
    "982": 4,
    "983": 2,
    "984": 3,
    "985": 2,
    "986": 2,
    "987": 2,
    "988": 2,
    "989": 2,
    "990": 2,
    "991": 1,
    "992": 1,
    "959": 1,
    "979": 1,
    "937": 3,
    "948": 3,
    "953": 1,
    "929": 1,
    "957": 1,
    "980": 1
  },
  "comboHighestSession": 79,
  "comboHighestAllTime": 79,
  "playedNotes": 0,
  "playedNotesValid": 0
}