{
  "logName": "Rachmaninoff_Prelude_Op_23_No_7.log",
  "logFile": "./logs/Rachmaninoff_Prelude_Op_23_No_7.log",
  "scoreLength": 0,
  "sessionCount": 13,
  "sessionLog": [
    "Session 1: Saturday, January 04th at 13:37. Duration: 8min9s",
    "Session 2: Sunday, January 05th at 00:27. Duration: 24min12s",
    "Session 3: Sunday, January 05th at 22:26. Duration: 23min10s",
    "Session 4: Sunday, January 05th at 22:51. Duration: 12min30s",
    "Session 5: Monday, January 06th at 21:29. Duration: 54min40s",
    "Session 6: Monday, January 06th at 22:26. Duration: 9min8s",
    "Session 7: Tuesday, January 07th at 21:22. Duration: 21min38s",
    "Session 8: Tuesday, January 07th at 21:52. Duration: 18min25s",
    "Session 9: Wednesday, January 08th at 20:55. Duration: 29min30s",
    "Session 10: Friday, January 10th at 20:16. Duration: 10min17s",
    "Session 11: Saturday, January 11th at 12:11. Duration: 46min38s",
    "Session 12: Sunday, January 12th at 13:43. Duration: 6min53s",
    "Session 13: Friday, March 07th at 21:11. Duration: 20min22s"
  ],
  "sessionAvgPracticeTime": 20,
  "totalPracticeTimeSec": 17132,
  "cursorHistogram": {},
  "cursorWrongNoteCount": {
    "516": 1,
    "517": 1,
    "518": 1,
    "519": 3,
    "565": 3,
    "566": 3,
    "701": 1,
    "702": 1,
    "703": 5,
    "704": 8,
    "705": 7,
    "711": 1,
    "712": 2,
    "713": 2,
    "715": 1,
    "716": 3,
    "717": 4,
    "718": 5,
    "719": 8,
    "720": 9,
    "721": 4,
    "722": 4,
    "714": 1,
    "723": 1,
    "724": 1,
    "725": 2,
    "729": 2,
    "730": 2,
    "731": 3,
    "732": 2,
    "733": 1,
    "734": 2,
    "735": 1,
    "728": 1,
    "739": 1,
    "741": 5,
    "744": 1,
    "745": 1,
    "746": 3,
    "747": 7,
    "748": 1,
    "760": 1,
    "762": 1,
    "763": 1,
    "764": 1,
    "768": 1,
    "770": 1,
    "771": 1,
    "49": 1,
    "54": 1,
    "55": 1,
    "56": 1,
    "10": 3,
    "57": 2,
    "58": 1,
    "59": 1,
    "66": 1,
    "67": 1,
    "73": 1,
    "74": 3,
    "75": 2,
    "76": 2,
    "77": 2,
    "78": 2,
    "79": 2,
    "80": 3,
    "116": 1,
    "119": 1,
    "120": 1,
    "121": 1,
    "122": 1,
    "123": 1,
    "124": 1,
    "125": 1,
    "126": 1,
    "127": 1,
    "128": 1,
    "155": 3,
    "156": 1,
    "192": 1,
    "193": 1,
    "194": 1,
    "195": 1,
    "157": 3,
    "158": 1,
    "181": 1,
    "182": 1,
    "183": 1,
    "185": 1,
    "187": 1,
    "113": 1,
    "114": 1,
    "118": 1,
    "136": 2,
    "196": 3,
    "205": 2,
    "208": 1,
    "209": 1,
    "210": 1,
    "211": 1,
    "212": 1,
    "213": 1,
    "215": 2,
    "216": 2,
    "217": 1,
    "218": 1,
    "197": 2,
    "198": 2,
    "199": 2,
    "214": 1,
    "221": 1,
    "225": 1,
    "227": 1,
    "229": 1,
    "230": 1,
    "233": 1,
    "236": 1,
    "237": 1,
    "238": 1,
    "239": 1,
    "240": 1,
    "241": 1,
    "242": 1,
    "243": 1,
    "244": 1,
    "245": 1,
    "246": 1,
    "249": 1,
    "267": 1,
    "293": 1,
    "555": 2,
    "556": 2,
    "558": 1,
    "559": 1,
    "563": 2,
    "564": 2,
    "567": 1,
    "569": 1,
    "570": 1,
    "571": 1,
    "572": 1,
    "573": 1,
    "574": 1,
    "580": 1,
    "582": 1,
    "583": 1,
    "584": 1,
    "514": 1,
    "515": 1,
    "537": 1,
    "532": 1,
    "557": 2,
    "560": 1,
    "561": 1,
    "562": 2,
    "552": 2,
    "553": 1,
    "581": 1,
    "585": 1,
    "586": 1,
    "587": 2,
    "588": 2,
    "589": 1,
    "590": 1,
    "591": 1,
    "592": 2,
    "541": 1,
    "542": 1,
    "568": 2,
    "593": 1,
    "594": 1,
    "595": 2,
    "596": 2,
    "597": 1,
    "598": 1,
    "599": 1,
    "600": 1,
    "601": 1,
    "602": 1,
    "603": 1,
    "604": 1,
    "605": 4,
    "606": 3,
    "607": 3,
    "608": 2,
    "609": 6,
    "610": 3,
    "611": 2,
    "612": 5,
    "613": 2,
    "614": 2,
    "615": 7,
    "616": 6,
    "617": 1,
    "619": 1,
    "620": 1,
    "623": 1,
    "625": 1,
    "627": 1,
    "628": 1,
    "629": 2,
    "630": 1,
    "631": 3,
    "632": 1,
    "643": 2,
    "644": 2,
    "645": 7,
    "646": 1,
    "647": 1,
    "649": 1,
    "650": 2,
    "637": 2,
    "638": 2,
    "639": 2,
    "640": 1,
    "641": 1,
    "642": 1,
    "648": 1,
    "651": 2,
    "652": 1,
    "653": 1,
    "655": 1,
    "656": 2,
    "727": 2,
    "809": 4,
    "810": 1,
    "811": 1,
    "812": 1,
    "813": 1,
    "814": 1,
    "51": 1,
    "52": 1,
    "68": 1,
    "72": 1,
    "115": 1,
    "42": 1,
    "50": 1,
    "169": 1,
    "176": 1,
    "177": 2,
    "178": 1,
    "186": 1,
    "189": 1,
    "190": 1,
    "9": 1,
    "89": 1,
    "90": 1,
    "92": 1,
    "8": 2,
    "11": 2,
    "12": 2,
    "13": 2,
    "14": 1,
    "15": 1,
    "188": 1,
    "149": 1,
    "150": 1,
    "200": 2,
    "206": 1,
    "207": 1,
    "511": 1,
    "576": 1,
    "577": 1,
    "618": 1,
    "575": 1,
    "579": 1,
    "621": 4,
    "622": 1,
    "624": 1,
    "634": 1,
    "635": 1,
    "636": 1,
    "60": 1,
    "108": 2,
    "109": 1,
    "110": 1,
    "111": 1,
    "164": 1,
    "201": 1,
    "259": 1,
    "260": 1,
    "268": 1,
    "269": 1,
    "270": 1,
    "291": 1,
    "524": 1,
    "525": 1,
    "526": 1,
    "0": 1,
    "2": 1,
    "1": 1,
    "3": 1,
    "64": 1,
    "65": 1,
    "148": 1,
    "151": 1,
    "152": 1,
    "153": 1,
    "154": 3,
    "170": 1,
    "129": 1,
    "144": 1,
    "145": 1,
    "146": 2,
    "147": 1,
    "159": 2,
    "180": 1,
    "191": 2,
    "16": 1,
    "61": 1,
    "62": 1,
    "63": 1,
    "160": 1,
    "202": 1,
    "219": 1,
    "220": 1,
    "222": 1,
    "228": 1,
    "235": 1,
    "130": 1,
    "131": 1,
    "223": 1,
    "224": 1,
    "531": 1,
    "533": 2,
    "534": 1,
    "535": 1,
    "536": 1,
    "538": 1,
    "539": 1,
    "543": 1,
    "544": 1,
    "545": 1,
    "546": 2,
    "547": 1,
    "510": 1,
    "161": 1,
    "162": 1,
    "163": 1,
    "226": 1,
    "231": 1,
    "25": 1,
    "26": 1,
    "117": 1,
    "232": 1,
    "626": 1,
    "633": 2,
    "548": 1,
    "549": 1,
    "654": 1,
    "657": 2,
    "658": 2,
    "659": 1,
    "660": 2,
    "661": 1,
    "662": 1,
    "663": 2,
    "664": 2,
    "706": 2,
    "1077": 1,
    "1080": 1,
    "1076": 2,
    "1078": 1,
    "1079": 1,
    "1092": 1,
    "1082": 2,
    "1084": 1,
    "1085": 1,
    "1088": 2,
    "1089": 1,
    "1081": 2,
    "1086": 1,
    "1087": 1,
    "1094": 2,
    "1090": 2,
    "1098": 1,
    "1095": 1,
    "1096": 1,
    "1099": 1,
    "1100": 2,
    "1101": 2,
    "1102": 2,
    "1103": 1,
    "1104": 2,
    "1105": 5,
    "1106": 4,
    "1109": 1,
    "1110": 1,
    "1112": 6,
    "1113": 1,
    "1108": 2,
    "1114": 4,
    "1115": 2,
    "1116": 3,
    "1118": 3,
    "1119": 1,
    "1120": 1,
    "512": 1,
    "513": 1,
    "665": 2,
    "666": 2,
    "667": 2,
    "668": 1,
    "669": 1,
    "670": 2,
    "671": 2,
    "672": 1,
    "673": 1,
    "674": 1,
    "675": 1,
    "676": 1,
    "678": 1,
    "679": 1,
    "680": 1,
    "681": 1,
    "682": 1,
    "683": 1,
    "726": 1,
    "707": 1,
    "708": 1,
    "710": 2,
    "736": 1,
    "737": 1,
    "772": 1,
    "773": 1,
    "774": 1,
    "778": 1,
    "779": 1,
    "808": 1,
    "816": 3,
    "815": 1,
    "817": 2,
    "818": 1,
    "825": 1,
    "826": 5,
    "827": 2,
    "830": 1,
    "828": 1,
    "832": 1,
    "105": 1,
    "106": 1,
    "107": 1,
    "247": 1,
    "299": 2,
    "305": 1,
    "280": 1,
    "281": 1,
    "282": 1,
    "283": 1,
    "278": 1,
    "279": 1,
    "284": 1,
    "294": 1,
    "295": 1,
    "296": 1,
    "297": 1,
    "411": 1,
    "428": 1,
    "443": 1,
    "446": 1,
    "447": 2,
    "444": 1,
    "445": 3,
    "454": 1,
    "455": 1,
    "459": 3,
    "460": 1,
    "461": 1,
    "462": 1,
    "104": 2,
    "132": 1,
    "578": 1,
    "685": 1,
    "686": 1,
    "687": 1,
    "688": 1,
    "689": 1,
    "690": 2,
    "775": 1,
    "776": 1,
    "819": 5,
    "820": 3,
    "821": 1,
    "829": 1,
    "834": 1,
    "840": 1,
    "841": 1,
    "842": 1,
    "844": 1,
    "846": 1,
    "1047": 1,
    "1121": 8,
    "1122": 7,
    "287": 1,
    "311": 1,
    "341": 1,
    "300": 1,
    "323": 1,
    "324": 1,
    "364": 1,
    "367": 1,
    "368": 1,
    "369": 1,
    "370": 1,
    "371": 1,
    "691": 1,
    "692": 1,
    "693": 1,
    "694": 1,
    "695": 1,
    "696": 1,
    "698": 1,
    "699": 1,
    "700": 1,
    "738": 1,
    "740": 2,
    "743": 1,
    "749": 1,
    "750": 1,
    "751": 1,
    "752": 1,
    "754": 1,
    "761": 1,
    "1083": 1,
    "1107": 1,
    "1132": 4,
    "1134": 5,
    "1135": 3,
    "1136": 4,
    "1137": 3,
    "1138": 3,
    "1139": 2,
    "1128": 3,
    "1124": 4,
    "1111": 2,
    "1123": 3,
    "1125": 4,
    "1126": 7,
    "1131": 2,
    "1127": 2,
    "1129": 2,
    "1130": 3,
    "1117": 1,
    "1093": 2,
    "234": 1,
    "697": 1,
    "742": 1,
    "755": 3,
    "759": 1,
    "769": 1,
    "780": 1,
    "781": 1,
    "782": 1,
    "822": 1,
    "1091": 1,
    "1097": 1,
    "1133": 1,
    "88": 1,
    "91": 1,
    "93": 1,
    "94": 1,
    "95": 1,
    "112": 1,
    "255": 1,
    "316": 1,
    "317": 1,
    "318": 1,
    "357": 1,
    "463": 1,
    "464": 1,
    "475": 1,
    "476": 1,
    "477": 1,
    "478": 1,
    "479": 1,
    "481": 1,
    "471": 2,
    "472": 1,
    "473": 1,
    "474": 1,
    "480": 1,
    "488": 1,
    "489": 1,
    "491": 1,
    "493": 1,
    "494": 1,
    "495": 1,
    "496": 1,
    "497": 1,
    "498": 1,
    "499": 1,
    "500": 1,
    "501": 1,
    "506": 1,
    "509": 1,
    "756": 1,
    "757": 1,
    "758": 1,
    "271": 1,
    "275": 1,
    "276": 1,
    "277": 1,
    "266": 1,
    "308": 1,
    "363": 1,
    "372": 1,
    "373": 1,
    "374": 1,
    "375": 1,
    "396": 1,
    "397": 1,
    "398": 1,
    "387": 1,
    "388": 1,
    "405": 1,
    "407": 1,
    "409": 1,
    "410": 1,
    "439": 1,
    "468": 1,
    "486": 1,
    "487": 1,
    "470": 1,
    "483": 1,
    "484": 1,
    "485": 1,
    "490": 1,
    "492": 1,
    "502": 1,
    "505": 1,
    "508": 1,
    "709": 2,
    "753": 1,
    "767": 1,
    "848": 1,
    "849": 1,
    "850": 1,
    "949": 3,
    "950": 1,
    "954": 4,
    "956": 7,
    "962": 3,
    "958": 1,
    "965": 1,
    "966": 1,
    "967": 4,
    "968": 6,
    "969": 1,
    "970": 1,
    "971": 1,
    "972": 3,
    "973": 1,
    "974": 3,
    "975": 3,
    "976": 2,
    "981": 2,
    "948": 1,
    "957": 5,
    "951": 1,
    "963": 1,
    "977": 2,
    "982": 2,
    "983": 1,
    "984": 1,
    "952": 2,
    "953": 2,
    "1012": 1,
    "1013": 1,
    "1014": 1,
    "980": 1,
    "1011": 2,
    "1021": 1,
    "1022": 1,
    "1023": 1,
    "1019": 1,
    "1020": 1,
    "1031": 1,
    "1032": 2,
    "1033": 3,
    "1034": 3,
    "1018": 2,
    "1024": 1,
    "1025": 1,
    "1026": 1,
    "1027": 2,
    "985": 2,
    "988": 1,
    "989": 1,
    "990": 1,
    "996": 2,
    "997": 2,
    "998": 1,
    "999": 1,
    "1000": 1,
    "1001": 1,
    "1002": 1,
    "1003": 1,
    "1004": 1,
    "1005": 1,
    "1006": 1,
    "1007": 1,
    "1009": 1,
    "1010": 1,
    "1015": 2,
    "1016": 1,
    "1017": 1,
    "1035": 2,
    "1036": 2,
    "1042": 2,
    "1043": 2,
    "1044": 1,
    "1046": 3,
    "1049": 1,
    "1051": 3,
    "1059": 15,
    "1062": 4,
    "1063": 3,
    "1064": 13,
    "1066": 3,
    "1068": 2,
    "1069": 2,
    "1071": 3,
    "1074": 3,
    "1048": 3,
    "1052": 8,
    "1053": 13,
    "1055": 7,
    "1056": 3,
    "1075": 3,
    "1057": 6,
    "1061": 2,
    "1058": 12,
    "1070": 2,
    "1073": 1,
    "1054": 1,
    "1038": 1,
    "1039": 1,
    "1040": 1,
    "1041": 1,
    "1140": 2,
    "1141": 1,
    "1142": 1,
    "1147": 1,
    "1148": 1,
    "1065": 1,
    "1050": 1,
    "1072": 1,
    "248": 1,
    "326": 1,
    "327": 1,
    "328": 1,
    "329": 1,
    "330": 1,
    "331": 1,
    "335": 1,
    "482": 1,
    "503": 1,
    "504": 1,
    "993": 1,
    "994": 1,
    "41": 1,
    "42": 1,
    "49": 3,
    "50": 4,
    "65": 3,
    "66": 3,
    "67": 1,
    "105": 3,
    "106": 3,
    "107": 3,
    "108": 3,
    "109": 3,
    "110": 3,
    "111": 3,
    "112": 2,
    "113": 1,
    "0": 2,
    "83": 1,
    "84": 1,
    "116": 3,
    "119": 1,
    "120": 1,
    "124": 2,
    "51": 2,
    "34": 1,
    "125": 1,
    "126": 1,
    "145": 1,
    "146": 1,
    "192": 2,
    "193": 2,
    "194": 2,
    "195": 2,
    "196": 1,
    "27": 1,
    "104": 1,
    "57": 1,
    "58": 1,
    "73": 1,
    "96": 1,
    "97": 1,
    "115": 1,
    "129": 1,
    "190": 1,
    "191": 1,
    "200": 1,
    "297": 1,
    "278": 1,
    "279": 1,
    "280": 1,
    "281": 1,
    "282": 1,
    "283": 1,
    "284": 1,
    "300": 1,
    "301": 2,
    "303": 2,
    "304": 1,
    "305": 1,
    "276": 1,
    "277": 1,
    "454": 1,
    "455": 1,
    "459": 5,
    "460": 6,
    "470": 3,
    "461": 2,
    "462": 1,
    "468": 2,
    "469": 2,
    "475": 1,
    "476": 4,
    "477": 4,
    "491": 3,
    "492": 3,
    "493": 3,
    "494": 1,
    "495": 1,
    "496": 2,
    "503": 1,
    "498": 1,
    "471": 2,
    "478": 2,
    "479": 1,
    "472": 3,
    "486": 3,
    "487": 3,
    "481": 1,
    "473": 2,
    "474": 2,
    "485": 1,
    "506": 1,
    "507": 1,
    "509": 1,
    "514": 2,
    "515": 4,
    "516": 3,
    "517": 3,
    "518": 3,
    "519": 3,
    "567": 1,
    "602": 2,
    "610": 2,
    "611": 1,
    "612": 1,
    "603": 1,
    "604": 1,
    "624": 3,
    "625": 1,
    "626": 3,
    "629": 3,
    "639": 1,
    "591": 1,
    "592": 1,
    "593": 1,
    "582": 2,
    "583": 2,
    "584": 2,
    "585": 2,
    "627": 2,
    "628": 1,
    "630": 2,
    "631": 2,
    "632": 2,
    "633": 1,
    "559": 1,
    "634": 1,
    "635": 1,
    "636": 1,
    "637": 1,
    "638": 1,
    "654": 2,
    "655": 2,
    "641": 1,
    "642": 1,
    "648": 1,
    "649": 1,
    "650": 1,
    "651": 1,
    "652": 2,
    "656": 1,
    "657": 2,
    "659": 2,
    "660": 2,
    "661": 1,
    "662": 1,
    "663": 1,
    "664": 1,
    "665": 1,
    "666": 1,
    "670": 2,
    "671": 2,
    "690": 1,
    "691": 1,
    "692": 1,
    "693": 2,
    "644": 1,
    "645": 1,
    "653": 1,
    "694": 1,
    "695": 1,
    "696": 1,
    "697": 1,
    "698": 1,
    "699": 1,
    "700": 1,
    "724": 1,
    "727": 1,
    "720": 1,
    "730": 1,
    "731": 2,
    "732": 2,
    "733": 2,
    "734": 2,
    "742": 1,
    "743": 1,
    "729": 1,
    "741": 1,
    "745": 1,
    "746": 1,
    "747": 1,
    "748": 1,
    "749": 1,
    "750": 1,
    "751": 1,
    "752": 1,
    "755": 1,
    "757": 1,
    "759": 1,
    "763": 1,
    "773": 1,
    "774": 1,
    "778": 1,
    "809": 1,
    "810": 3,
    "816": 2,
    "817": 3,
    "808": 2,
    "811": 1,
    "818": 2,
    "819": 2,
    "820": 1,
    "821": 1,
    "822": 1,
    "826": 1,
    "1011": 5,
    "1012": 7,
    "1013": 7,
    "1014": 6,
    "1016": 2,
    "1017": 2,
    "1018": 1,
    "1019": 1,
    "1020": 2,
    "1022": 1,
    "1015": 2,
    "1023": 1,
    "1024": 1,
    "1034": 1,
    "1035": 1,
    "1036": 1,
    "1041": 1,
    "1042": 1,
    "1047": 6,
    "1048": 4,
    "1051": 3,
    "1049": 2,
    "1062": 6,
    "1063": 5,
    "1064": 3,
    "1055": 3,
    "1056": 1,
    "1057": 1,
    "1058": 3,
    "1061": 1,
    "1068": 1,
    "1088": 1,
    "1059": 5,
    "1065": 1,
    "1066": 2,
    "1075": 1,
    "1098": 1,
    "1080": 2,
    "1095": 1,
    "1096": 1,
    "1097": 1,
    "1081": 1,
    "1101": 1,
    "1102": 2,
    "1105": 2,
    "1106": 2,
    "1104": 2,
    "1108": 2,
    "1076": 1,
    "1071": 1,
    "1072": 1,
    "1100": 1
  },
  "comboHighestSession": 169,
  "comboHighestAllTime": 169,
  "playedNotes": 0,
  "playedNotesValid": 0
}