{
  "logName": "Rachmaninoff_Prelude_Op_23_No_9.log",
  "logFile": "./logs/Rachmaninoff_Prelude_Op_23_No_9.log",
  "scoreLength": 758,
  "sessionCount": 14,
  "sessionLog": [
    "Session 1: Saturday, February 28th (2026) at 13:44. Duration: 8min2s",
    "Session 2: Saturday, February 28th (2026) at 15:40. Duration: 7min29s",
    "Session 3: Monday, March 02nd (2026) at 23:32. Duration: 5min28s",
    "Session 4: Sunday, March 08th (2026) at 23:27. Duration: 6min14s",
    "Session 5: Tuesday, March 10th (2026) at 21:59. Duration: 10min49s",
    "Session 6: Saturday, March 14th (2026) at 11:48. Duration: 9min48s",
    "Session 7: Saturday, March 14th (2026) at 15:33. Duration: 9min58s",
    "Session 8: Sunday, March 15th (2026) at 15:42. Duration: 8min26s",
    "Session 9: Monday, March 16th (2026) at 20:05. Duration: 23min5s",
    "Session 10: Sunday, March 22nd (2026) at 16:42. Duration: 16min43s",
    "Session 11: Sunday, March 22nd (2026) at 23:43. Duration: 16min41s",
    "Session 12: Thursday, March 26th (2026) at 21:45. Duration: 22min41s",
    "Session 13: Saturday, March 28th (2026) at 15:23. Duration: 22min18s",
    "Session 14: Sunday, March 29th (2026) at 16:04. Duration: 9min47s"
  ],
  "totalPracticeTime_sec": 10649,
  "cursorHistogram": {},
  "cursorWrongNoteCount": {
    "11": 3,
    "15": 2,
    "1": 4,
    "3": 5,
    "5": 1,
    "9": 2,
    "18": 6,
    "19": 2,
    "12": 1,
    "4": 3,
    "2": 1,
    "20": 4,
    "13": 3,
    "14": 2,
    "8": 5,
    "29": 1,
    "17": 4,
    "16": 1,
    "0": 2,
    "25": 1,
    "30": 2,
    "24": 2,
    "27": 1,
    "6": 2,
    "7": 1,
    "23": 4,
    "10": 2,
    "21": 2,
    "26": 4,
    "31": 4,
    "33": 1,
    "32": 1,
    "34": 5,
    "54": 4,
    "55": 6,
    "51": 1,
    "50": 3,
    "44": 1,
    "48": 2,
    "41": 1,
    "42": 1,
    "49": 2,
    "46": 2,
    "35": 1,
    "56": 8,
    "57": 2,
    "61": 2,
    "62": 9,
    "63": 1,
    "66": 3,
    "67": 6,
    "70": 1,
    "71": 6,
    "75": 1,
    "78": 1,
    "83": 3,
    "22": 2,
    "28": 1,
    "40": 1,
    "39": 1,
    "43": 1,
    "58": 2,
    "60": 5,
    "59": 1,
    "73": 1,
    "80": 1,
    "82": 1,
    "86": 1,
    "87": 1,
    "89": 1,
    "90": 2,
    "91": 1,
    "92": 1,
    "101": 1,
    "120": 1,
    "121": 1,
    "125": 1,
    "126": 1,
    "127": 1,
    "130": 1,
    "132": 1,
    "133": 1,
    "134": 1,
    "135": 1,
    "145": 1,
    "150": 1,
    "152": 1,
    "155": 1,
    "156": 1,
    "157": 1,
    "159": 1,
    "160": 1,
    "162": 1,
    "52": 1,
    "36": 2,
    "68": 5,
    "69": 2,
    "47": 1,
    "72": 1,
    "74": 1,
    "95": 1,
    "96": 2,
    "98": 1,
    "104": 1,
    "38": 1,
    "65": 3,
    "79": 1,
    "100": 1,
    "158": 1,
    "88": 1,
    "94": 1,
    "93": 1,
    "1": 3,
    "28": 2,
    "54": 4,
    "55": 5,
    "24": 5,
    "30": 3,
    "46": 2,
    "47": 2,
    "23": 1,
    "44": 1,
    "56": 6,
    "65": 3,
    "69": 1,
    "71": 5,
    "83": 2,
    "84": 1,
    "90": 1,
    "59": 1,
    "60": 4,
    "67": 2,
    "68": 2,
    "3": 2,
    "48": 1,
    "57": 1,
    "58": 3,
    "61": 1,
    "62": 2,
    "76": 1,
    "10": 4,
    "41": 1,
    "17": 1,
    "11": 3,
    "14": 1,
    "26": 2,
    "0": 1,
    "42": 1,
    "18": 1,
    "2": 1,
    "77": 2,
    "80": 1,
    "75": 1
  },
  "comboHighestAllTime": 135,
  "playedNotes": 0,
  "playedNotesValid": 0
}