{
  "logName": "Rachmaninoff_Piano_Concerto_No_4_Op_40_3rd_movement.log",
  "logFile": "./logs/Rachmaninoff_Piano_Concerto_No_4_Op_40_3rd_movement.log",
  "scoreLength": 2748,
  "sessionCount": 6,
  "sessionLog": [
    "Session 1: Saturday, February 28th (2026) at 15:58. Duration: 6min10s",
    "Session 2: Sunday, March 15th (2026) at 15:51. Duration: 5min43s",
    "Session 3: Monday, March 16th (2026) at 19:52. Duration: 12min35s",
    "Session 4: Sunday, March 29th (2026) at 15:35. Duration: 12min11s",
    "Session 5: Sunday, April 05th (2026) at 13:48. Duration: 10min59s",
    "Session 6: Friday, June 12th (2026) at 21:54. Duration: 13min47s"
  ],
  "totalPracticeTime_sec": 3685,
  "cursorHistogram": {},
  "cursorWrongNoteCount": {
    "776": 7,
    "777": 18,
    "781": 13,
    "782": 10,
    "791": 6,
    "792": 6,
    "793": 1,
    "794": 1,
    "795": 5,
    "798": 2,
    "799": 1,
    "800": 1,
    "801": 1,
    "802": 1,
    "803": 2,
    "805": 1,
    "806": 2,
    "807": 1,
    "808": 1,
    "811": 1,
    "812": 1,
    "813": 1,
    "814": 1,
    "815": 1,
    "817": 1,
    "818": 1,
    "819": 1,
    "997": 7,
    "998": 12,
    "999": 6,
    "1000": 1,
    "1002": 3,
    "1003": 2,
    "1005": 7,
    "1006": 4,
    "1008": 7,
    "1009": 5,
    "1011": 5,
    "1013": 1,
    "1014": 3,
    "1016": 1,
    "1017": 2,
    "750": 1,
    "751": 1,
    "752": 1,
    "753": 1,
    "754": 1,
    "761": 1,
    "762": 1,
    "763": 1,
    "764": 1,
    "765": 1,
    "766": 1,
    "767": 1,
    "768": 1,
    "770": 1,
    "771": 1,
    "773": 1,
    "774": 1,
    "778": 11,
    "779": 11,
    "780": 3,
    "783": 9,
    "787": 2,
    "789": 1,
    "790": 1,
    "796": 1,
    "785": 3,
    "797": 3,
    "1001": 3,
    "1007": 2,
    "786": 1,
    "788": 1,
    "775": 1,
    "804": 3,
    "809": 1,
    "820": 1,
    "829": 1,
    "832": 1,
    "838": 1,
    "841": 1,
    "1166": 1,
    "1167": 1,
    "996": 7,
    "1004": 1,
    "995": 1,
    "1012": 2,
    "1015": 2,
    "1022": 3,
    "1023": 4,
    "1027": 2,
    "1031": 1,
    "1032": 1,
    "1034": 1,
    "1035": 1,
    "944": 1,
    "945": 1,
    "950": 1,
    "1020": 2,
    "1021": 2,
    "1024": 2,
    "1025": 2,
    "1029": 1,
    "1010": 2,
    "1037": 1,
    "1039": 1,
    "1042": 1,
    "995": 4,
    "996": 6,
    "997": 6,
    "998": 7,
    "999": 5,
    "1005": 1,
    "1006": 3,
    "1007": 3,
    "1008": 5,
    "1009": 4,
    "1014": 3,
    "1017": 2,
    "1020": 1,
    "1021": 1,
    "1023": 2,
    "1024": 2,
    "1000": 2,
    "1001": 2,
    "1002": 3,
    "1013": 1,
    "1018": 2,
    "1019": 1,
    "1026": 1,
    "1027": 1,
    "1030": 1,
    "1031": 1,
    "1032": 1,
    "1034": 1,
    "1035": 1,
    "791": 1,
    "794": 2,
    "793": 1,
    "795": 1,
    "797": 1,
    "1003": 3,
    "1015": 1
  },
  "comboHighestAllTime": 28,
  "playedNotes": 0,
  "playedNotesValid": 0
}