{
  "logName": "Rachmaninoff_Prelude_Op_3_No_2.log",
  "logFile": "./logs/Rachmaninoff_Prelude_Op_3_No_2.log",
  "scoreLength": 0,
  "sessionCount": 2,
  "sessionLog": [
    "Session 1: Sunday, July 06th at 12:57. Duration: 9min11s",
    "Session 2: Sunday, July 06th at 15:33. Duration: 6min22s"
  ],
  "sessionAvgPracticeTime": 5,
  "totalPracticeTimeSec": 933,
  "cursorHistogram": {},
  "cursorWrongNoteCount": {
    "3": 2,
    "4": 3,
    "5": 2,
    "7": 2,
    "8": 2,
    "9": 2,
    "11": 1,
    "12": 2,
    "13": 2,
    "15": 2,
    "16": 1,
    "18": 1,
    "19": 2,
    "20": 2,
    "21": 2,
    "23": 1,
    "24": 1,
    "28": 2,
    "29": 2,
    "31": 1,
    "100": 2,
    "101": 2,
    "102": 2,
    "103": 1,
    "106": 1,
    "111": 2,
    "118": 2,
    "120": 2,
    "121": 2,
    "122": 2,
    "123": 2,
    "127": 2,
    "128": 2,
    "129": 2,
    "133": 2,
    "134": 1,
    "135": 1,
    "136": 1,
    "137": 1,
    "138": 1,
    "142": 1,
    "143": 1,
    "144": 1,
    "145": 1,
    "146": 1,
    "147": 1,
    "148": 1,
    "119": 1,
    "124": 1,
    "125": 1,
    "83": 1,
    "85": 1,
    "88": 1,
    "91": 1,
    "92": 1,
    "95": 1,
    "96": 1,
    "109": 1,
    "110": 1,
    "130": 1,
    "131": 1,
    "132": 1,
    "26": 1,
    "27": 1,
    "3": 2,
    "4": 5,
    "2": 1,
    "5": 2,
    "6": 1,
    "7": 1,
    "8": 1,
    "10": 1,
    "11": 1,
    "13": 1,
    "15": 1,
    "99": 1,
    "100": 4,
    "101": 4,
    "102": 4,
    "103": 2,
    "107": 1,
    "108": 1,
    "110": 3,
    "111": 3,
    "112": 3,
    "114": 3,
    "115": 3,
    "116": 3,
    "117": 3,
    "119": 3,
    "120": 3,
    "121": 2,
    "132": 2,
    "137": 1,
    "138": 1,
    "105": 2,
    "109": 2,
    "113": 2,
    "118": 2,
    "122": 1,
    "123": 1,
    "124": 1,
    "125": 1,
    "126": 1,
    "129": 1,
    "130": 1,
    "131": 1,
    "140": 1,
    "141": 1,
    "142": 1,
    "143": 1,
    "145": 1,
    "146": 1,
    "147": 1,
    "104": 1
  },
  "comboHighestSession": 16,
  "comboHighestAllTime": 16,
  "playedNotes": 0,
  "playedNotesValid": 0
}