{
  "logName": "Rachmaninoff_Lullaby.log",
  "logFile": "./logs/Rachmaninoff_Lullaby.log",
  "scoreLength": 0,
  "sessionCount": 12,
  "sessionLog": [
    "Session 1: Sunday, June 08th at 14:56. Duration: 8min10s",
    "Session 2: Sunday, June 08th at 22:38. Duration: 21min9s",
    "Session 3: Sunday, June 15th at 13:47. Duration: 10min5s",
    "Session 4: Sunday, June 15th at 14:59. Duration: 7min18s",
    "Session 5: Monday, June 16th at 21:00. Duration: 23min0s",
    "Session 6: Tuesday, June 17th at 23:00. Duration: 23min50s",
    "Session 7: Thursday, June 19th at 23:45. Duration: 14min0s",
    "Session 8: Sunday, June 22nd at 11:54. Duration: 8min56s",
    "Session 9: Monday, June 23rd at 23:38. Duration: 14min18s",
    "Session 10: Wednesday, June 25th at 08:47. Duration: 7min53s",
    "Session 11: Wednesday, June 25th at 18:58. Duration: 6min59s",
    "Session 12: Saturday, June 28th at 14:37. Duration: 14min21s"
  ],
  "sessionAvgPracticeTime": 12,
  "totalPracticeTimeSec": 9599,
  "cursorHistogram": {},
  "cursorWrongNoteCount": {
    "1": 1,
    "2": 1,
    "3": 1,
    "5": 2,
    "6": 1,
    "9": 1,
    "7": 1,
    "8": 1,
    "10": 1,
    "17": 2,
    "18": 1,
    "23": 1,
    "33": 2,
    "34": 1,
    "35": 5,
    "36": 5,
    "41": 2,
    "42": 2,
    "45": 1,
    "46": 1,
    "52": 2,
    "53": 1,
    "69": 2,
    "84": 2,
    "91": 1,
    "94": 1,
    "100": 1,
    "109": 1,
    "110": 2,
    "4": 1,
    "12": 1,
    "19": 2,
    "20": 1,
    "21": 1,
    "26": 1,
    "27": 1,
    "28": 1,
    "29": 1,
    "15": 1,
    "16": 1,
    "11": 1,
    "30": 6,
    "31": 1,
    "32": 1,
    "39": 2,
    "40": 1,
    "47": 1,
    "54": 1,
    "55": 2,
    "57": 4,
    "58": 1,
    "59": 1,
    "68": 1,
    "70": 1,
    "77": 1,
    "78": 1,
    "79": 1,
    "81": 2,
    "82": 1,
    "90": 1,
    "92": 1,
    "95": 1,
    "97": 3,
    "98": 3,
    "116": 1,
    "118": 1,
    "122": 1,
    "123": 1,
    "128": 1,
    "134": 1,
    "136": 1,
    "138": 1,
    "140": 1,
    "154": 1,
    "155": 1,
    "158": 1,
    "160": 1,
    "161": 1,
    "22": 1,
    "13": 1,
    "25": 1,
    "0": 1,
    "24": 3,
    "14": 1,
    "51": 2,
    "38": 4,
    "43": 3,
    "67": 3,
    "64": 1,
    "74": 1,
    "37": 3,
    "48": 3,
    "49": 2,
    "44": 4,
    "56": 2,
    "62": 1,
    "66": 5,
    "50": 3,
    "71": 1,
    "72": 1,
    "76": 1,
    "114": 1,
    "119": 1,
    "120": 1,
    "130": 1,
    "139": 1,
    "156": 1,
    "163": 1,
    "85": 1,
    "88": 1,
    "60": 1,
    "65": 1,
    "63": 3,
    "61": 2,
    "73": 2,
    "75": 3,
    "83": 2,
    "86": 2,
    "87": 2,
    "80": 4,
    "99": 1,
    "101": 1,
    "106": 1,
    "121": 1,
    "131": 1,
    "133": 1,
    "135": 1,
    "137": 1,
    "159": 1,
    "162": 1,
    "93": 2,
    "102": 1,
    "38": 3,
    "57": 2,
    "63": 3,
    "64": 7,
    "4": 1,
    "66": 3,
    "45": 1,
    "55": 2,
    "71": 4,
    "34": 2,
    "72": 3,
    "80": 3,
    "81": 3,
    "82": 6,
    "49": 1,
    "56": 2,
    "44": 1,
    "68": 1,
    "75": 2,
    "76": 1,
    "77": 1,
    "84": 3,
    "85": 1,
    "86": 1,
    "87": 1,
    "88": 1,
    "50": 3,
    "73": 1,
    "74": 1,
    "93": 2,
    "94": 2,
    "35": 1,
    "36": 1,
    "67": 1,
    "98": 2,
    "99": 2,
    "60": 1,
    "92": 1,
    "111": 1,
    "137": 1,
    "138": 1,
    "145": 1,
    "146": 1,
    "148": 1,
    "155": 1,
    "156": 1,
    "158": 1,
    "162": 1,
    "48": 1,
    "16": 1
  },
  "comboHighestSession": 120,
  "comboHighestAllTime": 120,
  "playedNotes": 0,
  "playedNotesValid": 0
}