{
  "logName": "Rachmaninoff_Piano_Concerto_No2_Op18.log",
  "logFile": "./logs/Rachmaninoff_Piano_Concerto_No2_Op18.log",
  "scoreLength": 0,
  "sessionCount": 52,
  "sessionLog": [
    "Session 1: Wednesday, November 27th at 23:15. Duration: 0min4s",
    "Session 2: Wednesday, November 27th at 23:15. Duration: 0min6s",
    "Session 3: Thursday, November 28th at 19:51. Duration: 0min7s",
    "Session 4: Thursday, November 28th at 22:17. Duration: 0min5s",
    "Session 5: Thursday, November 28th at 23:11. Duration: 0min8s",
    "Session 6: Thursday, November 28th at 23:12. Duration: 1min9s",
    "Session 7: Thursday, November 28th at 23:36. Duration: 0min3s",
    "Session 8: Tuesday, December 03rd at 22:38. Duration: 24min25s",
    "Session 9: Saturday, December 07th at 14:36. Duration: 16min34s",
    "Session 10: Sunday, December 08th at 00:14. Duration: 30min50s",
    "Session 11: Sunday, December 08th at 12:09. Duration: 35min57s",
    "Session 12: Sunday, December 08th at 16:23. Duration: 21min28s",
    "Session 13: Sunday, December 08th at 23:34. Duration: 16min40s",
    "Session 14: Monday, December 09th at 23:37. Duration: 9min11s",
    "Session 15: Thursday, December 12th at 23:11. Duration: 0min9s",
    "Session 16: Thursday, December 12th at 23:12. Duration: 28min48s",
    "Session 17: Friday, December 13th at 20:28. Duration: 14min18s",
    "Session 18: Saturday, December 14th at 13:06. Duration: 2min15s",
    "Session 19: Saturday, December 14th at 13:08. Duration: 12min29s",
    "Session 20: Saturday, December 14th at 15:31. Duration: 3min42s",
    "Session 21: Sunday, December 15th at 12:03. Duration: 19min47s",
    "Session 22: Sunday, December 15th at 13:26. Duration: 0min1s",
    "Session 23: Sunday, December 15th at 22:36. Duration: 21min56s",
    "Session 24: Monday, December 16th at 23:25. Duration: 19min13s",
    "Session 25: Tuesday, December 17th at 22:12. Duration: 25min25s",
    "Session 26: Wednesday, December 18th at 23:47. Duration: 20min2s",
    "Session 27: Friday, January 03rd at 22:55. Duration: 27min4s",
    "Session 28: Saturday, January 04th at 13:46. Duration: 22min18s",
    "Session 29: Sunday, January 05th at 00:13. Duration: 12min23s",
    "Session 30: Saturday, January 11th at 10:38. Duration: 9min49s",
    "Session 31: Saturday, January 11th at 11:01. Duration: 5min42s",
    "Session 32: Saturday, January 11th at 11:10. Duration: 26min37s",
    "Session 33: Monday, January 13th at 23:17. Duration: 5min40s",
    "Session 34: Wednesday, January 29th at 21:52. Duration: 10min12s",
    "Session 35: Thursday, January 30th at 23:22. Duration: 13min42s",
    "Session 36: Sunday, February 02nd at 11:16. Duration: 32min43s",
    "Session 37: Sunday, February 02nd at 17:34. Duration: 14min6s",
    "Session 38: Sunday, February 02nd at 22:18. Duration: 40min11s",
    "Session 39: Tuesday, February 04th at 23:19. Duration: 19min49s",
    "Session 40: Saturday, February 08th at 00:31. Duration: 16min17s",
    "Session 41: Saturday, February 08th at 15:07. Duration: 14min2s",
    "Session 42: Sunday, February 09th at 23:13. Duration: 13min47s",
    "Session 43: Monday, February 10th at 23:36. Duration: 13min34s",
    "Session 44: Wednesday, February 12th at 22:00. Duration: 41min18s",
    "Session 45: Wednesday, February 12th at 22:43. Duration: 9min38s",
    "Session 46: Sunday, February 16th at 23:13. Duration: 12min32s",
    "Session 47: Saturday, February 22nd at 12:09. Duration: 10min55s",
    "Session 48: Sunday, March 02nd at 13:07. Duration: 32min28s",
    "Session 49: Wednesday, March 12th at 23:24. Duration: 15min58s",
    "Session 50: Sunday, March 23rd at 23:08. Duration: 9min40s",
    "Session 51: Sunday, March 30th at 12:40. Duration: 25min39s",
    "Session 52: Sunday, April 06th at 15:03. Duration: 17min2s"
  ],
  "sessionAvgPracticeTime": 15,
  "totalPracticeTimeSec": 47878,
  "cursorHistogram": {},
  "cursorWrongNoteCount": {
    "945": 1,
    "954": 1,
    "959": 1,
    "960": 1,
    "951": 1,
    "982": 1,
    "983": 1,
    "988": 1,
    "989": 1,
    "990": 1,
    "991": 1,
    "992": 1,
    "994": 1,
    "995": 1,
    "1020": 1,
    "1021": 2,
    "1033": 1,
    "1128": 1,
    "1129": 1,
    "1143": 1,
    "1144": 1,
    "1167": 1,
    "1130": 1,
    "1136": 1,
    "1192": 1,
    "1193": 3,
    "1170": 1,
    "1171": 1,
    "1172": 1,
    "1173": 1,
    "1174": 1,
    "1175": 1,
    "1180": 1,
    "1181": 1,
    "1187": 1,
    "1188": 1,
    "1191": 1,
    "1247": 1,
    "1251": 1,
    "1252": 1,
    "1253": 1,
    "1121": 1,
    "1122": 1,
    "1141": 1,
    "1145": 1,
    "1115": 1,
    "1116": 1,
    "1179": 1,
    "1214": 1,
    "1215": 1,
    "1229": 1,
    "1230": 1,
    "1241": 1,
    "1273": 1,
    "1274": 1,
    "1283": 1,
    "1287": 1,
    "1288": 1,
    "1289": 1,
    "1290": 1,
    "1291": 1,
    "1293": 1,
    "1294": 1,
    "1317": 1,
    "1320": 1,
    "1321": 1,
    "1292": 1,
    "1322": 1,
    "1323": 1,
    "1324": 1,
    "1357": 1,
    "1358": 1,
    "1362": 1,
    "1364": 1,
    "1365": 1,
    "1366": 1,
    "1370": 1,
    "1374": 1,
    "1375": 1,
    "1376": 1,
    "1377": 1,
    "1378": 1,
    "1404": 2,
    "1442": 1,
    "1443": 1,
    "1447": 2,
    "1448": 5,
    "1450": 8,
    "1451": 3,
    "1417": 3,
    "1418": 1,
    "1419": 1,
    "1430": 1,
    "1431": 1,
    "1438": 4,
    "1454": 4,
    "1513": 1,
    "1518": 1,
    "1508": 2,
    "1514": 1,
    "1500": 1,
    "1515": 3,
    "1529": 1,
    "1531": 2,
    "1576": 1,
    "1501": 1,
    "1519": 1,
    "1527": 1,
    "1528": 1,
    "1532": 1,
    "1530": 1,
    "1549": 1,
    "1552": 1,
    "1520": 1,
    "1521": 1,
    "1522": 1,
    "1504": 2,
    "1496": 1,
    "1512": 1,
    "1489": 1,
    "1560": 1,
    "1565": 1,
    "1497": 1,
    "1502": 1,
    "1498": 1,
    "1499": 1,
    "1547": 1,
    "1510": 1,
    "1524": 2,
    "1525": 2,
    "1526": 1,
    "1505": 1,
    "1506": 1,
    "1556": 1,
    "1557": 1,
    "1584": 1,
    "1585": 1,
    "1607": 1,
    "1523": 1,
    "1533": 3,
    "1534": 1,
    "1555": 1,
    "1567": 1,
    "1573": 1,
    "1574": 1,
    "1765": 1,
    "1766": 1,
    "1767": 2,
    "1768": 3,
    "1769": 3,
    "1770": 1,
    "1771": 1,
    "1791": 3,
    "1792": 3,
    "1801": 3,
    "1818": 3,
    "1819": 2,
    "1820": 3,
    "1821": 1,
    "1822": 1,
    "1823": 1,
    "1825": 3,
    "2217": 1,
    "2218": 1,
    "2228": 1,
    "2241": 1,
    "2248": 1,
    "2249": 2,
    "2257": 1,
    "2260": 1,
    "2261": 1,
    "2293": 1,
    "2294": 1,
    "2299": 2,
    "2300": 2,
    "2302": 4,
    "2306": 1,
    "2219": 3,
    "2220": 3,
    "2258": 2,
    "2264": 1,
    "2265": 1,
    "2266": 1,
    "2270": 1,
    "2271": 1,
    "2272": 2,
    "2288": 1,
    "2289": 1,
    "2290": 1,
    "2312": 1,
    "2315": 1,
    "1511": 1,
    "1487": 1,
    "1488": 1,
    "1568": 1,
    "1490": 1,
    "1494": 1,
    "1516": 1,
    "1507": 1,
    "1578": 1,
    "999": 1,
    "1000": 1,
    "1001": 1,
    "1042": 1,
    "1087": 1,
    "1088": 1,
    "1089": 1,
    "1132": 1,
    "1133": 1,
    "1176": 1,
    "1184": 1,
    "1185": 1,
    "1186": 1,
    "1117": 1,
    "1259": 1,
    "1220": 1,
    "1197": 1,
    "1198": 2,
    "1212": 1,
    "1282": 1,
    "1307": 1,
    "1310": 1,
    "1539": 1,
    "1561": 1,
    "1553": 1,
    "1540": 2,
    "1541": 1,
    "1558": 1,
    "1559": 1,
    "1544": 1,
    "1632": 1,
    "1633": 1,
    "1634": 1,
    "1640": 1,
    "1635": 3,
    "1517": 1,
    "1535": 1,
    "1570": 1,
    "1536": 1,
    "1537": 1,
    "1491": 1,
    "1550": 3,
    "1509": 1,
    "1739": 2,
    "1740": 2,
    "1742": 1,
    "1745": 1,
    "1826": 2,
    "1827": 2,
    "1828": 3,
    "2209": 1,
    "2212": 3,
    "2213": 1,
    "2221": 2,
    "2278": 1,
    "2279": 1,
    "2287": 1,
    "2245": 1,
    "2246": 1,
    "2275": 2,
    "2281": 1,
    "2282": 1,
    "2259": 1,
    "2211": 1,
    "2250": 1,
    "2269": 2,
    "2267": 1,
    "2268": 2,
    "2274": 2,
    "2307": 1,
    "2319": 1,
    "946": 1,
    "961": 1,
    "1005": 1,
    "1019": 1,
    "1036": 1,
    "1037": 1,
    "1149": 1,
    "1153": 1,
    "1154": 1,
    "1158": 1,
    "1195": 1,
    "1201": 1,
    "1202": 1,
    "1238": 1,
    "1285": 1,
    "1312": 1,
    "1299": 1,
    "1306": 1,
    "1328": 1,
    "1332": 1,
    "1333": 1,
    "1331": 2,
    "1341": 2,
    "1348": 1,
    "1349": 1,
    "1350": 1,
    "1361": 1,
    "1379": 1,
    "1380": 1,
    "1449": 3,
    "1413": 1,
    "1439": 1,
    "1548": 2,
    "1597": 1,
    "1741": 1,
    "1747": 2,
    "1748": 1,
    "1749": 1,
    "1802": 1,
    "1804": 1,
    "1805": 1,
    "1754": 2,
    "1759": 1,
    "1811": 1,
    "1806": 1,
    "1812": 1,
    "1813": 1,
    "1783": 1,
    "1390": 1,
    "1412": 2,
    "1432": 1,
    "1551": 1,
    "1495": 1,
    "1538": 1,
    "1800": 3,
    "1814": 1,
    "1808": 2,
    "1756": 3,
    "1817": 1,
    "1824": 5,
    "1830": 6,
    "1834": 3,
    "1838": 1,
    "1839": 5,
    "1843": 4,
    "1844": 2,
    "1845": 5,
    "1846": 6,
    "1847": 5,
    "1831": 3,
    "1832": 2,
    "1840": 5,
    "2222": 1,
    "2223": 1,
    "2227": 2,
    "2216": 1,
    "2291": 1,
    "2292": 1,
    "2296": 1,
    "2297": 1,
    "2301": 1,
    "2262": 3,
    "2263": 1,
    "2295": 1,
    "2314": 2,
    "2320": 1,
    "2251": 1,
    "2303": 1,
    "2311": 1,
    "2318": 1,
    "2234": 2,
    "2225": 1,
    "2229": 1,
    "2235": 1,
    "2240": 1,
    "2243": 1,
    "2244": 1,
    "2253": 1,
    "2254": 1,
    "2322": 4,
    "19": 1,
    "28": 2,
    "29": 3,
    "30": 1,
    "31": 2,
    "32": 2,
    "33": 2,
    "34": 2,
    "35": 2,
    "36": 3,
    "37": 1,
    "42": 1,
    "46": 3,
    "47": 2,
    "48": 3,
    "49": 3,
    "50": 3,
    "51": 2,
    "52": 3,
    "45": 2,
    "53": 1,
    "55": 1,
    "61": 1,
    "63": 2,
    "65": 2,
    "66": 2,
    "68": 2,
    "40": 1,
    "24": 1,
    "56": 1,
    "67": 1,
    "69": 1,
    "71": 1,
    "72": 1,
    "73": 1,
    "74": 1,
    "80": 1,
    "81": 1,
    "82": 1,
    "83": 1,
    "86": 1,
    "87": 1,
    "88": 1,
    "94": 1,
    "95": 1,
    "96": 1,
    "97": 1,
    "103": 1,
    "104": 1,
    "115": 1,
    "116": 1,
    "117": 1,
    "118": 1,
    "121": 1,
    "728": 1,
    "730": 2,
    "731": 2,
    "732": 3,
    "733": 1,
    "735": 2,
    "738": 3,
    "739": 3,
    "740": 3,
    "741": 1,
    "749": 1,
    "750": 1,
    "751": 2,
    "752": 1,
    "736": 2,
    "737": 3,
    "742": 1,
    "734": 1,
    "747": 2,
    "729": 1,
    "940": 1,
    "941": 1,
    "1034": 1,
    "1044": 1,
    "1045": 1,
    "1046": 1,
    "1047": 1,
    "1244": 1,
    "1264": 1,
    "1265": 1,
    "1393": 1,
    "1396": 1,
    "1456": 5,
    "1436": 3,
    "1437": 1,
    "1453": 5,
    "1457": 6,
    "1458": 5,
    "1459": 5,
    "1460": 6,
    "1461": 6,
    "1462": 6,
    "1411": 1,
    "1470": 1,
    "1473": 1,
    "1474": 1,
    "1476": 1,
    "1477": 1,
    "1478": 1,
    "1479": 1,
    "1483": 1,
    "1542": 1,
    "1605": 2,
    "1410": 2,
    "1398": 1,
    "1434": 4,
    "1405": 1,
    "1406": 1,
    "1452": 6,
    "1455": 5,
    "1388": 1,
    "1433": 1,
    "1399": 2,
    "1400": 1,
    "1408": 2,
    "1429": 1,
    "1435": 4,
    "1425": 2,
    "1389": 1,
    "1401": 1,
    "1402": 1,
    "1444": 1,
    "1392": 1,
    "1394": 2,
    "1440": 2,
    "1441": 3,
    "1601": 1,
    "1602": 1,
    "1631": 1,
    "1643": 3,
    "1641": 2,
    "1646": 4,
    "1649": 1,
    "1651": 1,
    "1645": 1,
    "1647": 1,
    "1650": 1,
    "1652": 1,
    "1422": 1,
    "1423": 1,
    "1426": 1,
    "1781": 1,
    "1782": 1,
    "1780": 1,
    "1753": 1,
    "1777": 1,
    "1798": 2,
    "1799": 1,
    "1848": 1,
    "1849": 4,
    "1851": 3,
    "1853": 4,
    "1854": 3,
    "1855": 1,
    "1856": 4,
    "1857": 3,
    "1858": 3,
    "1859": 5,
    "1860": 5,
    "1861": 3,
    "1863": 1,
    "1864": 1,
    "1865": 2,
    "1867": 3,
    "1868": 3,
    "1869": 2,
    "1870": 1,
    "1871": 1,
    "1873": 1,
    "1874": 1,
    "1875": 1,
    "1876": 1,
    "1879": 1,
    "1763": 1,
    "1764": 1,
    "1829": 1,
    "1794": 1,
    "1795": 1,
    "1852": 2,
    "1862": 2,
    "1877": 1,
    "1878": 1,
    "1880": 2,
    "1881": 2,
    "1882": 2,
    "1883": 2,
    "1890": 1,
    "1891": 2,
    "1892": 1,
    "1896": 1,
    "2215": 1,
    "2277": 1,
    "2298": 1,
    "2308": 1,
    "2604": 1,
    "2606": 1,
    "2607": 1,
    "2608": 1,
    "2609": 1,
    "2610": 1,
    "2612": 1,
    "2613": 1,
    "2617": 1,
    "2618": 1,
    "2619": 1,
    "1074": 1,
    "1075": 1,
    "1076": 1,
    "1077": 1,
    "1092": 1,
    "1099": 1,
    "1100": 1,
    "1428": 1,
    "1409": 1,
    "1386": 1,
    "1387": 1,
    "1463": 1,
    "1464": 1,
    "1471": 1,
    "1472": 1,
    "1475": 1,
    "1609": 1,
    "1611": 1,
    "1612": 2,
    "1760": 1,
    "2256": 1,
    "2252": 1,
    "2255": 1,
    "1833": 4,
    "1842": 3,
    "1465": 1,
    "1466": 4,
    "1468": 1,
    "1480": 1,
    "1563": 1,
    "1606": 1,
    "1608": 2,
    "1613": 1,
    "1614": 2,
    "1620": 1,
    "1622": 1,
    "1636": 1,
    "1637": 1,
    "1638": 6,
    "1746": 1,
    "1787": 1,
    "1789": 1,
    "1790": 1,
    "1807": 1,
    "1809": 1,
    "1778": 1,
    "1779": 1,
    "1755": 1,
    "1850": 3,
    "1872": 1,
    "1752": 1,
    "1889": 2,
    "1884": 1,
    "1897": 2,
    "1909": 1,
    "1910": 1,
    "1911": 1,
    "1913": 1,
    "1914": 1,
    "1917": 1,
    "1925": 1,
    "1929": 1,
    "1934": 1,
    "1935": 1,
    "1938": 1,
    "1939": 1,
    "1943": 1,
    "1947": 1,
    "1948": 1,
    "1952": 1,
    "1954": 1,
    "1967": 1,
    "1968": 1,
    "1969": 1,
    "1970": 1,
    "1971": 1,
    "1973": 1,
    "1974": 1,
    "2239": 1,
    "2232": 3,
    "2236": 1,
    "2313": 1,
    "2323": 1,
    "2324": 1,
    "2325": 1,
    "2326": 4,
    "2327": 1,
    "2321": 1,
    "2330": 1,
    "2331": 1,
    "2334": 1,
    "2335": 1,
    "2342": 1,
    "2345": 1,
    "2348": 1,
    "2349": 1,
    "2353": 1,
    "2354": 1,
    "2500": 2,
    "2502": 2,
    "2503": 2,
    "2504": 3,
    "2506": 1,
    "2507": 3,
    "2510": 1,
    "2511": 2,
    "2512": 2,
    "2513": 2,
    "2505": 1,
    "2514": 1,
    "2515": 2,
    "2517": 1,
    "2519": 2,
    "2524": 2,
    "2525": 1,
    "2526": 1,
    "2527": 2,
    "2528": 1,
    "2529": 1,
    "2516": 1,
    "1134": 1,
    "1135": 1,
    "1137": 1,
    "1138": 1,
    "1140": 1,
    "1189": 1,
    "1205": 1,
    "1213": 1,
    "1266": 1,
    "1268": 1,
    "1250": 1,
    "1260": 1,
    "1284": 1,
    "1286": 1,
    "1355": 1,
    "1356": 1,
    "1368": 1,
    "1469": 1,
    "1481": 1,
    "1482": 1,
    "1572": 1,
    "1655": 1,
    "1656": 1,
    "1657": 1,
    "1659": 2,
    "1661": 1,
    "1662": 1,
    "1668": 1,
    "1670": 1,
    "1672": 1,
    "1639": 1,
    "1653": 1,
    "1654": 1,
    "1837": 1,
    "1866": 1,
    "1895": 1,
    "2233": 1,
    "2214": 1,
    "1018": 1,
    "1217": 2,
    "1218": 1,
    "1580": 1,
    "1581": 2,
    "1582": 1,
    "1492": 1,
    "1493": 1,
    "1772": 2,
    "1776": 1,
    "1797": 1,
    "1898": 1,
    "1899": 1,
    "1773": 1,
    "1900": 1,
    "1901": 1,
    "1902": 1,
    "1906": 1,
    "1885": 1,
    "1886": 1,
    "1887": 1,
    "1894": 1,
    "2283": 1,
    "2317": 1,
    "1775": 1,
    "1786": 1,
    "1912": 1,
    "1918": 1,
    "1926": 1,
    "746": 1,
    "748": 2,
    "765": 1,
    "745": 1,
    "753": 1,
    "754": 1,
    "759": 1,
    "763": 1,
    "743": 1,
    "755": 1,
    "762": 1,
    "773": 1,
    "774": 1,
    "784": 2,
    "786": 1,
    "787": 1,
    "788": 1,
    "789": 1,
    "790": 1,
    "766": 2,
    "776": 1,
    "777": 1,
    "778": 1,
    "971": 1,
    "1025": 1,
    "1026": 1,
    "1043": 1,
    "1062": 1,
    "1063": 1,
    "1064": 1,
    "1065": 1,
    "1109": 1,
    "1110": 1,
    "1111": 1,
    "1112": 1,
    "1131": 1,
    "1177": 1,
    "1245": 1,
    "1246": 1,
    "1267": 1,
    "1269": 1,
    "1271": 1,
    "1272": 1,
    "1445": 1,
    "1414": 1,
    "1893": 1,
    "1903": 1,
    "1907": 1,
    "2237": 1,
    "2273": 1,
    "1424": 1,
    "1407": 1,
    "1589": 1,
    "1604": 1,
    "1566": 2,
    "1642": 2,
    "1057": 1,
    "1124": 1,
    "1125": 1,
    "1126": 1,
    "1127": 1,
    "1223": 1,
    "1224": 1,
    "1221": 1,
    "1248": 1,
    "1257": 1,
    "1258": 1,
    "1234": 1,
    "1236": 1,
    "1263": 1,
    "1391": 1,
    "1564": 1,
    "2305": 1,
    "2276": 1,
    "2280": 1,
    "760": 1,
    "764": 1,
    "785": 1,
    "768": 1,
    "769": 1,
    "756": 1,
    "757": 1,
    "939": 1,
    "1007": 1,
    "1008": 1,
    "1009": 1,
    "1010": 1,
    "1011": 1,
    "1123": 1,
    "1160": 1,
    "1161": 1,
    "1162": 1,
    "1222": 1,
    "1301": 1,
    "1325": 1,
    "1381": 1,
    "1420": 1,
    "1421": 1,
    "1403": 1,
    "1562": 1,
    "1545": 1,
    "1543": 1,
    "1554": 1,
    "1579": 1,
    "1587": 1,
    "1588": 1,
    "1595": 2,
    "1586": 1,
    "1593": 1,
    "1594": 1,
    "1610": 1,
    "1617": 1,
    "1619": 1,
    "1621": 1,
    "1623": 1,
    "1624": 1,
    "1625": 1,
    "1626": 1,
    "1627": 1,
    "1628": 1,
    "1629": 1,
    "1630": 1,
    "1616": 1,
    "1615": 1,
    "1575": 1,
    "1577": 1,
    "1598": 1,
    "1599": 1,
    "1600": 1,
    "1920": 1,
    "1796": 1,
    "1397": 1,
    "1663": 1,
    "1666": 1,
    "1667": 1,
    "1660": 1,
    "1784": 1,
    "1785": 2,
    "1788": 1,
    "1803": 1,
    "1743": 1,
    "1744": 1,
    "1816": 1,
    "2328": 2,
    "977": 1,
    "1022": 1,
    "1084": 1,
    "1233": 1,
    "1225": 1,
    "1316": 1,
    "1335": 1,
    "1336": 1,
    "1338": 1,
    "1352": 1,
    "1372": 1,
    "1339": 1,
    "1340": 1,
    "1342": 1,
    "1343": 1,
    "1344": 1,
    "1467": 2,
    "1395": 2,
    "1484": 1,
    "1485": 1,
    "1486": 1,
    "1503": 2,
    "1644": 1,
    "1658": 1,
    "1835": 2,
    "1757": 1,
    "1836": 1,
    "2304": 1,
    "2316": 1,
    "761": 1,
    "952": 1,
    "986": 1,
    "1232": 2,
    "1240": 1,
    "1159": 1,
    "1142": 1,
    "1256": 1,
    "1118": 1,
    "1156": 1,
    "1226": 1,
    "1295": 1,
    "1302": 1,
    "1330": 1,
    "1590": 1,
    "963": 1,
    "1004": 1,
    "1231": 2,
    "1199": 1,
    "1239": 1,
    "1280": 1,
    "1261": 1,
    "1196": 1,
    "1216": 1,
    "1227": 1,
    "1249": 1,
    "1583": 1,
    "953": 1,
    "984": 1,
    "985": 1,
    "1048": 1,
    "1085": 1,
    "1281": 1,
    "1311": 1,
    "1618": 1,
    "1841": 3,
    "1750": 1,
    "1751": 1,
    "1815": 1,
    "2226": 4,
    "2224": 1,
    "2215": 1,
    "2240": 1,
    "2241": 1,
    "2272": 2,
    "2273": 2,
    "2274": 1,
    "2275": 1,
    "2288": 2,
    "2289": 2,
    "2290": 2,
    "2291": 1,
    "2292": 1,
    "2293": 2,
    "2294": 1,
    "2301": 2,
    "2302": 3,
    "2312": 4,
    "2313": 3,
    "2300": 3,
    "2323": 5,
    "2324": 5,
    "2325": 4,
    "2318": 2,
    "2319": 1,
    "2320": 2,
    "2322": 2,
    "2328": 1,
    "2334": 1,
    "2335": 2,
    "2336": 2,
    "2337": 1,
    "2342": 2,
    "2343": 1,
    "2344": 1,
    "1808": 1,
    "1796": 3,
    "1797": 2,
    "1793": 1,
    "1794": 1,
    "1795": 1,
    "1819": 3,
    "1820": 2,
    "1833": 3,
    "1845": 3,
    "1846": 3,
    "1847": 1,
    "1739": 1,
    "1799": 4,
    "1800": 1,
    "1801": 1,
    "1813": 1,
    "1814": 1,
    "1816": 2,
    "1804": 1,
    "1837": 1,
    "1838": 1,
    "1839": 1,
    "1849": 2,
    "1825": 1,
    "1830": 1,
    "1854": 3,
    "1856": 1,
    "1861": 3,
    "1865": 10,
    "1868": 1,
    "1879": 4,
    "1880": 4,
    "1881": 5,
    "1882": 11,
    "1883": 9,
    "1884": 4,
    "1885": 2,
    "1886": 2,
    "1887": 1,
    "1888": 2,
    "1889": 8,
    "1851": 4,
    "1875": 1,
    "1853": 3,
    "1891": 5,
    "1897": 3,
    "1899": 3,
    "1892": 2,
    "1893": 2,
    "1894": 2,
    "1901": 3,
    "1902": 3,
    "1903": 4,
    "1890": 2,
    "1898": 1,
    "1905": 5,
    "1906": 4,
    "1907": 3,
    "1913": 4,
    "1914": 5,
    "1917": 4,
    "1852": 1,
    "1866": 1,
    "1904": 3,
    "1909": 4,
    "1910": 2,
    "1912": 3,
    "1916": 2,
    "1918": 1,
    "1919": 1,
    "1920": 1,
    "1925": 1,
    "1930": 3,
    "1931": 4,
    "1932": 4,
    "1933": 3,
    "1934": 1,
    "1935": 1,
    "1876": 1,
    "1877": 1,
    "1911": 3,
    "1870": 1,
    "1871": 1,
    "1859": 1,
    "1860": 1,
    "1867": 1,
    "1915": 1,
    "1938": 1,
    "1939": 1,
    "2258": 1,
    "2261": 1,
    "2262": 1,
    "2263": 1,
    "2264": 1,
    "2266": 1,
    "2270": 1,
    "2299": 1,
    "2341": 1
  },
  "comboHighestSession": 199,
  "comboHighestAllTime": 199,
  "playedNotes": 0,
  "playedNotesValid": 0
}