{
  "logName": "Rachmaninoff_Moment_Musical_Op_16_No_6.log",
  "logFile": "./logs/Rachmaninoff_Moment_Musical_Op_16_No_6.log",
  "scoreLength": 0,
  "sessionCount": 1,
  "sessionLog": [
    "Session 1: Saturday, February 21st at 14:25. Duration: 12min12s"
  ],
  "sessionAvgPracticeTime": 0.0,
  "totalPracticeTimeSec": 732,
  "cursorHistogram": {},
  "cursorWrongNoteCount": {
    "12": 1,
    "13": 1,
    "24": 9,
    "25": 9,
    "38": 3,
    "8": 2,
    "9": 3,
    "32": 4,
    "45": 1,
    "28": 8,
    "49": 5,
    "56": 1,
    "57": 1,
    "60": 1,
    "16": 3,
    "48": 5,
    "69": 1,
    "72": 4,
    "73": 5,
    "20": 2,
    "26": 1,
    "29": 2,
    "63": 1,
    "62": 1,
    "33": 3,
    "87": 1,
    "88": 1,
    "95": 3,
    "96": 3,
    "97": 4,
    "100": 1,
    "4": 1,
    "17": 1,
    "43": 1,
    "47": 1,
    "52": 1,
    "53": 1,
    "0": 2,
    "1": 3,
    "27": 1,
    "18": 1,
    "19": 1,
    "30": 1,
    "40": 1,
    "41": 1,
    "42": 1,
    "98": 1,
    "112": 1,
    "121": 1,
    "128": 1,
    "129": 1,
    "132": 1,
    "138": 1,
    "140": 1
  },
  "comboHighestSession": 71,
  "comboHighestAllTime": 71,
  "playedNotes": 0,
  "playedNotesValid": 0
}