{
  "logName": "Rachmaninoff_Moment_Musical_Op_16_No_4.log",
  "logFile": "./logs/Rachmaninoff_Moment_Musical_Op_16_No_4.log",
  "scoreLength": 1626,
  "sessionCount": 50,
  "sessionLog": [
    "Session 1: Saturday, December 14th at 15:35. Duration: 2min33s",
    "Session 2: Sunday, December 15th at 11:58. Duration: 5min14s",
    "Session 3: Sunday, December 15th at 13:26. Duration: 17min6s",
    "Session 4: Monday, December 16th at 23:45. Duration: 2min34s",
    "Session 5: Friday, January 03rd at 23:23. Duration: 8min37s",
    "Session 6: Sunday, January 05th at 00:52. Duration: 9min19s",
    "Session 7: Saturday, March 22nd at 14:38. Duration: 18min7s",
    "Session 8: Sunday, March 23rd at 15:53. Duration: 24min6s",
    "Session 9: Sunday, March 23rd at 23:18. Duration: 7min58s",
    "Session 10: Sunday, March 30th at 13:10. Duration: 7min37s",
    "Session 11: Thursday, April 03rd at 23:31. Duration: 9min45s",
    "Session 12: Saturday, April 05th at 12:59. Duration: 24min17s",
    "Session 13: Sunday, April 06th at 13:03. Duration: 6min26s",
    "Session 14: Sunday, April 06th at 15:21. Duration: 12min18s",
    "Session 15: Tuesday, April 08th at 23:34. Duration: 8min18s",
    "Session 16: Friday, April 11th at 11:40. Duration: 9min20s",
    "Session 17: Tuesday, April 15th at 23:00. Duration: 19min15s",
    "Session 18: Wednesday, April 16th at 12:01. Duration: 16min58s",
    "Session 19: Saturday, April 19th at 11:29. Duration: 17min8s",
    "Session 20: Monday, April 21st at 12:17. Duration: 23min46s",
    "Session 21: Saturday, April 26th at 14:30. Duration: 32min53s",
    "Session 22: Thursday, May 01st at 16:24. Duration: 22min2s",
    "Session 23: Sunday, June 22nd at 12:20. Duration: 14min37s",
    "Session 24: Monday, June 23rd at 23:31. Duration: 6min7s",
    "Session 25: Monday, June 30th at 14:23. Duration: 23min37s",
    "Session 26: Wednesday, July 02nd at 14:24. Duration: 14min29s",
    "Session 27: Sunday, July 06th at 12:45. Duration: 11min9s",
    "Session 28: Saturday, July 26th at 12:55. Duration: 5min35s",
    "Session 29: Friday, August 01st at 21:14. Duration: 12min5s",
    "Session 30: Thursday, August 07th at 23:02. Duration: 10min27s",
    "Session 31: Friday, August 15th at 17:10. Duration: 11min53s",
    "Session 32: Thursday, September 04th at 21:14. Duration: 17min1s",
    "Session 33: Sunday, September 07th at 12:16. Duration: 15min50s",
    "Session 34: Monday, September 15th at 22:26. Duration: 13min30s",
    "Session 35: Monday, September 15th at 22:42. Duration: 12min18s",
    "Session 36: Monday, October 13th at 12:36. Duration: 7min17s",
    "Session 37: Wednesday, October 22nd at 23:07. Duration: 10min58s",
    "Session 38: Sunday, November 02nd at 14:42. Duration: 10min56s",
    "Session 39: Friday, November 07th at 22:57. Duration: 12min50s",
    "Session 40: Saturday, November 08th at 13:04. Duration: 11min57s",
    "Session 41: Tuesday, November 11th at 16:45. Duration: 22min5s",
    "Session 42: Sunday, December 14th at 13:48. Duration: 12min20s",
    "Session 43: Thursday, December 18th at 10:57. Duration: 9min14s",
    "Session 44: Friday, January 02nd at 17:40. Duration: 11min34s",
    "Session 45: Saturday, January 03rd at 15:17. Duration: 10min21s",
    "Session 46: Sunday, January 04th at 12:36. Duration: 19min16s",
    "Session 47: Tuesday, January 06th at 22:38. Duration: 9min2s",
    "Session 48: Saturday, April 11th (2026) at 16:43. Duration: 37min16s",
    "Session 49: Sunday, April 12th (2026) at 11:19. Duration: 15min3s",
    "Session 50: Sunday, April 12th (2026) at 13:07. Duration: 20min58s"
  ],
  "totalPracticeTime_sec": 41722,
  "cursorHistogram": {},
  "cursorWrongNoteCount": {
    "82": 2,
    "156": 2,
    "157": 1,
    "195": 1,
    "196": 1,
    "16": 1,
    "18": 1,
    "124": 2,
    "125": 1,
    "149": 1,
    "150": 1,
    "151": 1,
    "152": 1,
    "153": 2,
    "154": 1,
    "155": 1,
    "163": 1,
    "164": 1,
    "165": 1,
    "166": 1,
    "167": 2,
    "168": 1,
    "169": 1,
    "170": 1,
    "171": 1,
    "221": 1,
    "222": 1,
    "223": 2,
    "243": 1,
    "244": 1,
    "0": 1,
    "84": 2,
    "86": 2,
    "87": 2,
    "97": 1,
    "106": 2,
    "107": 2,
    "199": 1,
    "201": 1,
    "202": 1,
    "224": 1,
    "253": 1,
    "254": 1,
    "271": 1,
    "272": 1,
    "282": 1,
    "291": 2,
    "292": 2,
    "96": 2,
    "160": 1,
    "161": 2,
    "158": 1,
    "159": 1,
    "249": 1,
    "270": 1,
    "304": 2,
    "109": 1,
    "142": 1,
    "147": 1,
    "148": 1,
    "265": 1,
    "175": 1,
    "176": 1,
    "200": 1,
    "230": 1,
    "231": 1,
    "198": 1,
    "193": 1,
    "194": 1,
    "278": 1,
    "279": 1,
    "295": 1,
    "298": 2,
    "299": 1,
    "300": 2,
    "301": 1,
    "302": 1,
    "303": 1,
    "311": 3,
    "322": 1,
    "323": 1,
    "324": 1,
    "325": 1,
    "326": 1,
    "327": 1,
    "328": 1,
    "329": 1,
    "330": 1,
    "331": 1,
    "334": 2,
    "335": 1,
    "336": 1,
    "337": 1,
    "338": 1,
    "339": 1,
    "340": 1,
    "341": 1,
    "342": 1,
    "343": 1,
    "345": 1,
    "346": 1,
    "347": 1,
    "349": 1,
    "350": 2,
    "351": 1,
    "352": 1,
    "353": 1,
    "354": 1,
    "355": 1,
    "356": 1,
    "360": 2,
    "361": 6,
    "359": 1,
    "362": 3,
    "364": 1,
    "371": 5,
    "348": 1,
    "357": 3,
    "358": 1,
    "363": 1,
    "373": 1,
    "47": 1,
    "50": 2,
    "172": 1,
    "247": 1,
    "114": 2,
    "115": 1,
    "290": 1,
    "305": 2,
    "321": 2,
    "332": 2,
    "344": 1,
    "27": 1,
    "46": 1,
    "174": 1,
    "372": 1,
    "374": 3,
    "366": 1,
    "384": 2,
    "382": 2,
    "365": 3,
    "3": 1,
    "229": 1,
    "232": 1,
    "268": 1,
    "90": 1,
    "92": 2,
    "95": 2,
    "98": 1,
    "2": 1,
    "26": 1,
    "40": 1,
    "42": 2,
    "177": 1,
    "263": 1,
    "246": 1,
    "255": 1,
    "273": 1,
    "274": 1,
    "275": 1,
    "276": 1,
    "277": 2,
    "288": 1,
    "289": 1,
    "296": 2,
    "297": 2,
    "309": 1,
    "310": 1,
    "317": 1,
    "318": 1,
    "319": 1,
    "113": 1,
    "146": 1,
    "181": 1,
    "182": 1,
    "183": 1,
    "60": 1,
    "61": 1,
    "63": 1,
    "65": 1,
    "66": 1,
    "67": 1,
    "68": 1,
    "283": 1,
    "287": 1,
    "19": 1,
    "20": 1,
    "30": 1,
    "31": 1,
    "32": 1,
    "74": 1,
    "81": 2,
    "59": 1,
    "83": 2,
    "25": 1,
    "110": 3,
    "111": 2,
    "112": 2,
    "48": 1,
    "49": 1,
    "294": 1,
    "320": 1,
    "24": 1,
    "256": 1,
    "257": 1,
    "258": 1,
    "259": 1,
    "260": 1,
    "261": 1,
    "262": 1,
    "312": 1,
    "313": 1,
    "316": 1,
    "71": 1,
    "72": 1,
    "77": 1,
    "145": 1,
    "180": 1,
    "118": 1,
    "120": 2,
    "281": 2,
    "284": 2,
    "285": 1,
    "286": 1,
    "333": 1,
    "248": 1,
    "45": 1,
    "140": 1,
    "22": 1,
    "23": 1,
    "43": 1,
    "44": 1,
    "75": 1,
    "219": 1,
    "220": 1,
    "116": 2,
    "100": 1,
    "101": 1,
    "102": 1,
    "103": 1,
    "104": 1,
    "105": 1,
    "119": 2,
    "179": 1,
    "190": 1,
    "191": 1,
    "192": 1,
    "375": 3,
    "379": 2,
    "381": 2,
    "378": 1,
    "385": 2,
    "391": 1,
    "393": 1,
    "522": 2,
    "526": 1,
    "527": 1,
    "528": 1,
    "529": 1,
    "530": 6,
    "531": 1,
    "532": 2,
    "547": 5,
    "548": 5,
    "557": 2,
    "565": 1,
    "566": 2,
    "567": 2,
    "568": 1,
    "569": 1,
    "570": 1,
    "571": 1,
    "572": 1,
    "573": 1,
    "583": 2,
    "584": 4,
    "587": 2,
    "588": 1,
    "589": 1,
    "590": 1,
    "591": 1,
    "592": 1,
    "593": 1,
    "594": 1,
    "595": 1,
    "596": 1,
    "597": 1,
    "598": 1,
    "599": 1,
    "600": 2,
    "601": 1,
    "602": 1,
    "603": 1,
    "604": 1,
    "605": 1,
    "606": 2,
    "607": 1,
    "608": 2,
    "609": 2,
    "610": 1,
    "611": 1,
    "612": 1,
    "613": 1,
    "615": 1,
    "639": 6,
    "640": 6,
    "645": 1,
    "649": 1,
    "651": 1,
    "652": 1,
    "663": 1,
    "664": 2,
    "679": 1,
    "682": 1,
    "687": 2,
    "688": 1,
    "689": 1,
    "690": 1,
    "691": 1,
    "710": 1,
    "711": 1,
    "712": 1,
    "117": 2,
    "93": 2,
    "94": 2,
    "28": 1,
    "29": 1,
    "33": 1,
    "34": 1,
    "35": 1,
    "36": 1,
    "37": 1,
    "38": 1,
    "39": 1,
    "41": 1,
    "162": 1,
    "15": 1,
    "178": 2,
    "126": 1,
    "127": 1,
    "128": 1,
    "129": 1,
    "130": 1,
    "131": 1,
    "132": 1,
    "133": 1,
    "134": 1,
    "135": 1,
    "136": 1,
    "137": 1,
    "138": 1,
    "139": 1,
    "141": 1,
    "143": 1,
    "144": 1,
    "267": 2,
    "370": 1,
    "376": 1,
    "377": 2,
    "380": 1,
    "386": 1,
    "1": 1,
    "241": 1,
    "242": 1,
    "383": 1,
    "387": 1,
    "388": 1,
    "419": 1,
    "421": 4,
    "422": 2,
    "426": 1,
    "521": 1,
    "540": 2,
    "541": 3,
    "542": 3,
    "543": 1,
    "518": 1,
    "523": 1,
    "524": 3,
    "525": 2,
    "544": 1,
    "551": 4,
    "558": 2,
    "559": 1,
    "560": 2,
    "561": 2,
    "562": 2,
    "563": 1,
    "582": 2,
    "585": 3,
    "586": 2,
    "620": 1,
    "621": 1,
    "627": 1,
    "308": 1,
    "367": 1,
    "369": 1,
    "390": 1,
    "396": 1,
    "397": 1,
    "398": 3,
    "402": 1,
    "403": 2,
    "392": 1,
    "173": 1,
    "399": 1,
    "400": 6,
    "69": 1,
    "280": 1,
    "52": 1,
    "217": 1,
    "293": 1,
    "314": 1,
    "315": 1,
    "389": 2,
    "226": 1,
    "122": 1,
    "269": 1,
    "10": 1,
    "11": 1,
    "12": 2,
    "70": 1,
    "218": 1,
    "4": 1,
    "5": 1,
    "6": 1,
    "7": 1,
    "8": 1,
    "9": 1,
    "13": 1,
    "405": 1,
    "406": 1,
    "404": 2,
    "73": 1,
    "216": 1,
    "197": 1,
    "245": 1,
    "515": 1,
    "517": 1,
    "533": 1,
    "535": 1,
    "554": 1,
    "578": 1,
    "519": 1,
    "539": 2,
    "368": 2,
    "408": 2,
    "409": 2,
    "410": 2,
    "414": 3,
    "415": 2,
    "417": 1,
    "425": 3,
    "427": 6,
    "428": 5,
    "430": 2,
    "432": 9,
    "433": 1,
    "434": 1,
    "435": 6,
    "436": 1,
    "437": 2,
    "187": 1,
    "188": 1,
    "99": 1,
    "207": 1,
    "14": 3,
    "88": 1,
    "64": 1,
    "394": 1,
    "538": 1,
    "537": 1,
    "576": 3,
    "579": 1,
    "580": 1,
    "581": 2,
    "545": 1,
    "546": 1,
    "549": 2,
    "555": 1,
    "556": 3,
    "395": 1,
    "53": 1,
    "57": 1,
    "58": 1,
    "516": 1,
    "227": 1,
    "536": 1,
    "552": 1,
    "520": 2,
    "411": 1,
    "237": 1,
    "234": 1,
    "235": 1,
    "534": 1,
    "564": 1,
    "550": 1,
    "574": 1,
    "575": 1,
    "553": 1,
    "121": 1,
    "123": 1,
    "250": 1,
    "205": 1,
    "209": 1,
    "210": 1,
    "225": 1,
    "51": 2,
    "54": 1,
    "85": 2,
    "89": 1,
    "91": 1,
    "108": 1,
    "55": 1,
    "56": 1,
    "62": 1,
    "306": 2,
    "307": 1,
    "17": 1,
    "78": 1,
    "79": 1,
    "80": 2,
    "206": 1,
    "203": 4,
    "233": 1,
    "208": 1,
    "204": 1,
    "401": 1,
    "577": 2,
    "407": 1,
    "616": 1,
    "617": 1,
    "618": 1,
    "619": 1,
    "622": 1,
    "634": 1,
    "76": 1,
    "185": 1,
    "186": 1,
    "238": 1,
    "189": 1,
    "266": 1,
    "21": 1,
    "228": 1,
    "614": 1,
    "623": 1,
    "624": 1,
    "641": 1,
    "642": 2,
    "643": 2,
    "673": 2,
    "674": 1,
    "675": 2,
    "676": 2,
    "661": 1,
    "662": 1,
    "669": 1,
    "670": 1,
    "686": 2,
    "692": 1,
    "693": 1,
    "694": 1,
    "695": 1,
    "696": 1,
    "706": 1,
    "713": 1,
    "715": 1,
    "717": 1,
    "830": 1,
    "831": 1,
    "832": 1,
    "841": 1,
    "845": 1,
    "846": 1,
    "857": 1,
    "873": 1,
    "874": 1,
    "878": 1,
    "879": 1,
    "880": 1,
    "881": 1,
    "882": 1,
    "883": 1,
    "884": 1,
    "885": 1,
    "886": 1,
    "887": 1,
    "888": 1,
    "889": 1,
    "890": 1,
    "897": 1,
    "900": 1,
    "901": 1,
    "902": 1,
    "906": 1,
    "907": 1,
    "908": 1,
    "909": 1,
    "910": 1,
    "911": 1,
    "912": 1,
    "913": 1,
    "914": 1,
    "915": 1,
    "980": 1,
    "981": 1,
    "983": 1,
    "984": 1,
    "240": 1,
    "264": 1,
    "239": 1,
    "416": 1,
    "633": 1,
    "628": 1,
    "215": 1,
    "251": 1,
    "420": 4,
    "423": 1,
    "424": 1,
    "412": 1,
    "413": 1,
    "438": 6,
    "439": 1,
    "443": 3,
    "444": 1,
    "445": 1,
    "446": 1,
    "447": 1,
    "448": 2,
    "440": 1,
    "429": 2,
    "431": 1,
    "450": 1,
    "451": 1,
    "452": 1,
    "453": 1,
    "685": 2,
    "838": 1,
    "844": 1,
    "851": 1,
    "455": 1,
    "456": 1,
    "457": 1,
    "459": 2,
    "449": 1,
    "458": 2,
    "464": 1,
    "468": 1,
    "469": 1,
    "470": 1,
    "472": 1,
    "476": 1,
    "479": 1,
    "481": 1,
    "486": 1,
    "488": 1,
    "490": 1,
    "491": 2,
    "511": 1,
    "496": 1,
    "629": 1,
    "654": 1,
    "646": 1,
    "653": 1,
    "665": 1,
    "1029": 1,
    "1047": 3,
    "1050": 2,
    "1056": 1,
    "1041": 1,
    "1053": 2,
    "1054": 1,
    "1057": 1,
    "1058": 2,
    "1059": 1,
    "1061": 1,
    "1065": 1,
    "1066": 1,
    "1068": 1,
    "1073": 1,
    "1077": 1,
    "1078": 1,
    "1082": 1,
    "1084": 1,
    "1088": 1,
    "1092": 1,
    "527": 7,
    "535": 1,
    "540": 7,
    "541": 7,
    "542": 7,
    "545": 4,
    "547": 1,
    "548": 1,
    "564": 3,
    "517": 1,
    "518": 4,
    "551": 5,
    "515": 3,
    "530": 3,
    "519": 2,
    "520": 2,
    "521": 2,
    "543": 2,
    "539": 2,
    "566": 2,
    "567": 2,
    "569": 2,
    "570": 2,
    "571": 2,
    "572": 2,
    "573": 1,
    "577": 1,
    "578": 1,
    "579": 1,
    "580": 1,
    "581": 2,
    "583": 2,
    "526": 2,
    "532": 1,
    "528": 1,
    "536": 1,
    "553": 2,
    "557": 1,
    "558": 2,
    "559": 2,
    "560": 2,
    "561": 2,
    "562": 2,
    "568": 2,
    "584": 2,
    "585": 1,
    "590": 1,
    "592": 1,
    "593": 1,
    "594": 1,
    "595": 1,
    "597": 1,
    "598": 1,
    "599": 1,
    "600": 1,
    "601": 1,
    "603": 1,
    "604": 1,
    "605": 1,
    "606": 1,
    "608": 1,
    "609": 1,
    "610": 1,
    "611": 1,
    "533": 2,
    "563": 1,
    "582": 1,
    "176": 1,
    "253": 1,
    "254": 1,
    "322": 2,
    "323": 2,
    "324": 1,
    "325": 2,
    "365": 2,
    "366": 1,
    "367": 1,
    "374": 1,
    "400": 1,
    "401": 1,
    "404": 1,
    "405": 1,
    "407": 2,
    "408": 2,
    "409": 2,
    "416": 3,
    "432": 3,
    "433": 2,
    "434": 1,
    "435": 2,
    "436": 1,
    "438": 2,
    "43": 1,
    "44": 1,
    "45": 1,
    "46": 1,
    "110": 1,
    "111": 1,
    "195": 1,
    "196": 1,
    "197": 1,
    "285": 1,
    "286": 1,
    "287": 1,
    "288": 1,
    "290": 1,
    "291": 1,
    "292": 1,
    "295": 1,
    "296": 1,
    "326": 2,
    "327": 1,
    "25": 1,
    "166": 1,
    "167": 1,
    "168": 1,
    "347": 1,
    "348": 1,
    "360": 1,
    "361": 2,
    "371": 2,
    "372": 2,
    "384": 1,
    "390": 1,
    "391": 1,
    "395": 1,
    "396": 1,
    "397": 2,
    "420": 1,
    "421": 1,
    "422": 1,
    "423": 1,
    "426": 2,
    "427": 2,
    "431": 2,
    "359": 1,
    "373": 1,
    "377": 1,
    "428": 1,
    "430": 1,
    "450": 1,
    "455": 1,
    "456": 1,
    "459": 1
  },
  "comboHighestAllTime": 326,
  "playedNotes": 0,
  "playedNotesValid": 0
}