{
  "logName": "Rachmaninoff_-_Piano_Concerto_No._2_Op._18_-_2nd_Mvmt_-_Piano_Solo.log",
  "logFile": "./logs/Rachmaninoff_-_Piano_Concerto_No._2_Op._18_-_2nd_Mvmt_-_Piano_Solo.log",
  "scoreLength": 2598,
  "sessionCount": 3,
  "sessionLog": [
    "Session 1: Sunday, February 02nd at 17:17. Duration: 9min56s",
    "Session 2: Monday, April 21st at 11:41. Duration: 12min2s",
    "Session 3: Sunday, May 03rd (2026) at 12:21. Duration: 11min15s"
  ],
  "totalPracticeTime_sec": 1993,
  "cursorHistogram": {},
  "cursorWrongNoteCount": {
    "2103": 1,
    "2115": 2,
    "2116": 2,
    "2117": 2,
    "2118": 1,
    "2125": 2,
    "2126": 2,
    "2127": 1,
    "2128": 1,
    "2129": 2,
    "2130": 2,
    "2131": 1,
    "2132": 1,
    "2133": 1,
    "2134": 1,
    "2135": 1,
    "2136": 1,
    "2137": 1,
    "2138": 1,
    "2139": 2,
    "2140": 1,
    "2141": 1,
    "2142": 1,
    "2096": 1,
    "2097": 1,
    "2098": 1,
    "2099": 1,
    "2100": 1,
    "2101": 1,
    "2102": 1,
    "2104": 1,
    "2105": 1,
    "2106": 1,
    "2107": 2,
    "2108": 1,
    "2109": 1,
    "2110": 1,
    "2111": 1,
    "2112": 1,
    "2113": 1,
    "2114": 1,
    "2151": 1,
    "2152": 1,
    "2153": 1,
    "2154": 1,
    "2167": 2,
    "2123": 2,
    "2124": 1,
    "2144": 2,
    "2145": 2,
    "2146": 2,
    "2147": 2,
    "2148": 2,
    "2149": 2,
    "2150": 2,
    "2157": 1,
    "2158": 1,
    "2168": 1,
    "2169": 1,
    "2170": 1,
    "2171": 2,
    "2172": 2,
    "2173": 2,
    "2174": 2,
    "2175": 2,
    "2179": 1,
    "2180": 1,
    "2181": 1,
    "2182": 1,
    "2183": 1,
    "2184": 3,
    "2185": 3,
    "2186": 1,
    "2187": 1,
    "2188": 1,
    "2189": 4,
    "2191": 1,
    "2196": 1,
    "2201": 1,
    "2215": 1,
    "2356": 1,
    "2357": 1,
    "2358": 1,
    "2359": 1,
    "2361": 1,
    "2364": 1,
    "2122": 1,
    "2165": 1,
    "2166": 1,
    "2176": 1,
    "2177": 1,
    "2178": 1,
    "2190": 3,
    "450": 1,
    "451": 13,
    "452": 17,
    "453": 29,
    "459": 10,
    "460": 13,
    "449": 2,
    "467": 5,
    "468": 5,
    "454": 18,
    "455": 5,
    "456": 4,
    "457": 14,
    "458": 7,
    "461": 6,
    "463": 4,
    "464": 6,
    "471": 5,
    "477": 2,
    "482": 2,
    "483": 4,
    "484": 4,
    "485": 4,
    "488": 1,
    "466": 5,
    "486": 1,
    "489": 3,
    "492": 1,
    "493": 1,
    "2198": 1,
    "2207": 1,
    "2355": 1,
    "2360": 1,
    "2362": 1,
    "469": 4,
    "476": 4,
    "462": 1,
    "465": 5,
    "470": 4,
    "472": 3,
    "473": 3,
    "474": 4,
    "475": 2,
    "479": 2,
    "480": 3,
    "481": 1,
    "487": 1,
    "2097": 2,
    "2098": 2,
    "2099": 2,
    "2100": 2,
    "2102": 2,
    "2103": 2,
    "2104": 2,
    "2105": 2,
    "2106": 2,
    "2107": 2,
    "2108": 2,
    "2109": 3,
    "2110": 3,
    "2112": 2,
    "2114": 3,
    "2115": 2,
    "2116": 1,
    "2117": 2,
    "2096": 1,
    "2111": 1,
    "2136": 2,
    "2139": 2,
    "2145": 2,
    "2146": 2,
    "2147": 2,
    "2149": 2,
    "2150": 2,
    "2151": 2,
    "2152": 2,
    "2153": 2,
    "2154": 1,
    "2183": 2,
    "2186": 3,
    "2187": 3,
    "2188": 3,
    "2189": 3,
    "2190": 3,
    "2191": 2,
    "2192": 2,
    "2193": 2,
    "2195": 2,
    "2197": 2,
    "2198": 2,
    "2200": 3,
    "2201": 2,
    "2202": 1,
    "2207": 2,
    "2221": 2,
    "12": 1,
    "451": 6,
    "453": 5,
    "452": 2,
    "454": 1,
    "459": 1,
    "460": 3,
    "462": 1,
    "463": 1,
    "450": 2,
    "440": 1,
    "441": 1,
    "443": 1,
    "445": 1,
    "476": 1,
    "477": 2,
    "478": 1,
    "479": 1,
    "480": 1,
    "483": 2,
    "484": 1,
    "488": 1,
    "482": 1,
    "493": 1,
    "2113": 1,
    "2141": 2,
    "2142": 2,
    "2143": 1,
    "2144": 1,
    "2148": 1,
    "2169": 1,
    "2174": 2,
    "2194": 1,
    "2196": 1,
    "2199": 1,
    "2209": 1,
    "2210": 1,
    "2212": 1,
    "2213": 1,
    "2214": 1,
    "2215": 1,
    "2218": 1,
    "2219": 1,
    "2220": 1,
    "2224": 1,
    "2228": 2,
    "2229": 2,
    "2230": 2,
    "2231": 2,
    "2241": 1,
    "2248": 1,
    "2249": 1,
    "2250": 1,
    "2251": 2,
    "2252": 2,
    "2256": 1,
    "2261": 1,
    "2262": 1,
    "2264": 1,
    "2265": 1,
    "2266": 2,
    "2272": 1,
    "2273": 1,
    "2131": 1,
    "2132": 1,
    "2133": 1,
    "2134": 1,
    "2137": 1,
    "2140": 1,
    "2164": 1,
    "2171": 1,
    "2178": 1,
    "2179": 1,
    "2180": 1,
    "2181": 1,
    "2182": 1,
    "2184": 1,
    "2185": 1,
    "2232": 1,
    "2233": 1,
    "2254": 1,
    "2270": 1,
    "2282": 1,
    "2284": 1,
    "2285": 1,
    "2286": 1,
    "2287": 1,
    "2289": 1,
    "2290": 1,
    "2292": 1,
    "2293": 1,
    "2295": 1,
    "2296": 1,
    "2297": 1,
    "2298": 1,
    "2299": 1,
    "2315": 1,
    "2316": 1,
    "2318": 1,
    "2342": 1,
    "2356": 1,
    "2357": 1,
    "2358": 1,
    "2359": 1,
    "2363": 1,
    "2364": 1,
    "2366": 1,
    "2368": 1,
    "2369": 1,
    "2373": 1
  },
  "comboHighestAllTime": 42,
  "playedNotes": 0,
  "playedNotesValid": 0
}