{
  "logName": "Ravel_Pavane_pour_une_infante_defunte_M_19.log",
  "logFile": "./logs/Ravel_Pavane_pour_une_infante_defunte_M_19.log",
  "scoreLength": 0,
  "sessionCount": 4,
  "sessionLog": [
    "Session 1: Friday, November 21st at 20:51. Duration: 13min2s",
    "Session 2: Sunday, November 23rd at 14:32. Duration: 10min6s",
    "Session 3: Sunday, December 07th at 13:54. Duration: 6min34s",
    "Session 4: Saturday, January 24th at 13:33. Duration: 10min1s"
  ],
  "sessionAvgPracticeTime": 7,
  "totalPracticeTimeSec": 2383,
  "cursorHistogram": {},
  "cursorWrongNoteCount": {
    "0": 5,
    "2": 6,
    "3": 6,
    "4": 7,
    "6": 2,
    "7": 1,
    "11": 1,
    "12": 5,
    "14": 4,
    "18": 1,
    "20": 2,
    "22": 6,
    "24": 1,
    "29": 2,
    "30": 2,
    "9": 1,
    "1": 4,
    "15": 1,
    "16": 1,
    "17": 3,
    "19": 1,
    "21": 2,
    "26": 2,
    "8": 6,
    "28": 2,
    "5": 7,
    "10": 3,
    "13": 1,
    "27": 1,
    "31": 2,
    "32": 3,
    "37": 1,
    "38": 2,
    "39": 1,
    "40": 1,
    "45": 1,
    "47": 1,
    "49": 1,
    "50": 1,
    "51": 1,
    "65": 1,
    "66": 1,
    "67": 1,
    "74": 1,
    "80": 1,
    "81": 1,
    "82": 1,
    "84": 1,
    "85": 1,
    "86": 1,
    "87": 1,
    "88": 1,
    "89": 1,
    "90": 1,
    "92": 1,
    "96": 1,
    "97": 1,
    "98": 1,
    "23": 2,
    "36": 2,
    "46": 1,
    "54": 1,
    "55": 1,
    "56": 1,
    "57": 1,
    "58": 1,
    "60": 1,
    "63": 1,
    "35": 2,
    "33": 1,
    "34": 1,
    "44": 1,
    "48": 2,
    "62": 1,
    "64": 1,
    "68": 1,
    "69": 1,
    "70": 1,
    "78": 1,
    "79": 1,
    "99": 1,
    "101": 1,
    "103": 1,
    "104": 1,
    "105": 1,
    "106": 1,
    "107": 1,
    "108": 1,
    "111": 1,
    "25": 1,
    "52": 1,
    "53": 1,
    "41": 1,
    "42": 1,
    "43": 1,
    "0": 6,
    "5": 3,
    "12": 8,
    "22": 6,
    "23": 3,
    "24": 10,
    "8": 4,
    "6": 4,
    "7": 2,
    "9": 1,
    "10": 2,
    "14": 2,
    "1": 2,
    "2": 3,
    "3": 4,
    "4": 3,
    "21": 6,
    "36": 1,
    "37": 1,
    "38": 1,
    "39": 1,
    "41": 1,
    "42": 1,
    "43": 1,
    "44": 1,
    "29": 2,
    "16": 1,
    "17": 1,
    "18": 1,
    "19": 2,
    "20": 1,
    "13": 1,
    "25": 1,
    "26": 1,
    "27": 1,
    "28": 1,
    "30": 2,
    "32": 1,
    "33": 1,
    "31": 1
  },
  "comboHighestSession": 21,
  "comboHighestAllTime": 21,
  "playedNotes": 0,
  "playedNotesValid": 0
}