{
  "logName": "Satie_Danses_de_travers_I.log",
  "logFile": "./logs/Satie_Danses_de_travers_I.log",
  "scoreLength": 0,
  "sessionCount": 1,
  "sessionLog": [
    "Session 1: Thursday, November 20th at 21:24. Duration: 8min28s"
  ],
  "sessionAvgPracticeTime": 0.0,
  "totalPracticeTimeSec": 508,
  "cursorHistogram": {},
  "cursorWrongNoteCount": {
    "3": 3,
    "4": 6,
    "23": 2,
    "1": 1,
    "2": 1,
    "5": 3,
    "18": 6,
    "19": 5,
    "20": 6,
    "24": 2,
    "28": 4,
    "35": 3,
    "36": 4,
    "39": 4,
    "40": 5,
    "45": 2,
    "46": 5,
    "47": 5,
    "48": 4,
    "51": 3,
    "52": 5,
    "53": 2,
    "17": 5,
    "29": 1,
    "30": 1,
    "31": 2,
    "32": 3,
    "33": 2,
    "34": 2,
    "37": 1,
    "44": 1,
    "49": 1,
    "55": 1,
    "56": 1,
    "57": 1,
    "73": 1,
    "74": 1,
    "75": 1,
    "76": 2,
    "80": 2,
    "88": 2,
    "95": 2,
    "96": 1,
    "102": 2,
    "103": 2,
    "104": 2,
    "106": 2,
    "107": 2,
    "108": 2,
    "110": 2,
    "111": 2,
    "112": 2,
    "114": 1,
    "59": 1,
    "60": 1,
    "16": 2,
    "38": 1,
    "82": 1,
    "85": 1,
    "86": 1,
    "87": 1,
    "100": 1,
    "101": 1,
    "105": 1,
    "118": 1,
    "119": 1,
    "120": 1,
    "122": 1,
    "123": 1,
    "124": 1,
    "125": 1,
    "133": 1,
    "134": 1,
    "135": 1,
    "136": 1,
    "137": 1,
    "138": 1,
    "139": 1,
    "140": 1,
    "142": 1,
    "143": 1,
    "145": 1,
    "146": 1,
    "147": 1,
    "148": 1,
    "153": 1,
    "154": 1,
    "155": 1,
    "158": 1,
    "159": 1,
    "160": 1,
    "183": 1,
    "188": 1,
    "190": 1,
    "191": 1,
    "192": 1,
    "193": 1,
    "194": 1,
    "195": 1,
    "196": 1,
    "197": 1,
    "198": 1,
    "199": 1,
    "200": 1,
    "202": 1,
    "203": 1,
    "204": 1
  },
  "comboHighestSession": 40,
  "comboHighestAllTime": 40,
  "playedNotes": 0,
  "playedNotesValid": 0
}