{
  "logName": "Scriabin_Etude_in_A_Major_Op_8_No_6.log",
  "logFile": "./logs/Scriabin_Etude_in_A_Major_Op_8_No_6.log",
  "scoreLength": 0,
  "sessionCount": 3,
  "sessionLog": [
    "Session 1: Sunday, February 09th at 13:51. Duration: 9min37s",
    "Session 2: Sunday, February 09th at 14:05. Duration: 8min58s",
    "Session 3: Sunday, December 14th at 15:55. Duration: 18min26s"
  ],
  "sessionAvgPracticeTime": 6,
  "totalPracticeTimeSec": 2221,
  "cursorHistogram": {},
  "cursorWrongNoteCount": {
    "1": 6,
    "2": 4,
    "4": 8,
    "6": 1,
    "8": 2,
    "10": 7,
    "11": 2,
    "12": 2,
    "13": 3,
    "14": 6,
    "15": 2,
    "16": 3,
    "18": 4,
    "3": 1,
    "5": 1,
    "7": 2,
    "9": 2,
    "0": 3,
    "17": 4,
    "19": 4,
    "25": 1,
    "30": 1,
    "32": 1,
    "33": 1,
    "34": 1,
    "35": 1,
    "37": 1,
    "38": 1,
    "20": 1,
    "10": 14,
    "2": 15,
    "3": 36,
    "7": 21,
    "9": 15,
    "11": 14,
    "8": 22,
    "13": 19,
    "16": 13,
    "17": 8,
    "5": 8,
    "4": 16,
    "18": 7,
    "20": 4,
    "21": 2,
    "25": 3,
    "28": 3,
    "29": 3,
    "30": 3,
    "1": 19,
    "12": 10,
    "14": 11,
    "22": 2,
    "27": 3,
    "0": 2,
    "15": 5,
    "6": 2,
    "26": 2,
    "34": 2,
    "39": 1,
    "40": 1,
    "47": 1,
    "52": 1,
    "53": 1,
    "54": 1,
    "60": 1,
    "19": 1,
    "23": 1,
    "24": 1,
    "33": 1
  },
  "comboHighestSession": 20,
  "comboHighestAllTime": 20,
  "playedNotes": 0,
  "playedNotesValid": 0
}