{
  "logName": "Yann_Tiersen_-_Comptine_d_un_autre_ete.log",
  "logFile": "./logs/Yann_Tiersen_-_Comptine_d_un_autre_ete.log",
  "scoreLength": 0,
  "sessionCount": 1,
  "sessionLog": [
    "Session 1: Sunday, May 25th at 22:54. Duration: 5min27s"
  ],
  "sessionAvgPracticeTime": 0.0,
  "totalPracticeTimeSec": 327,
  "cursorHistogram": {},
  "cursorWrongNoteCount": {
    "25": 3,
    "26": 4,
    "33": 4,
    "34": 4,
    "35": 4,
    "36": 2,
    "37": 2,
    "38": 3,
    "42": 2,
    "10": 5,
    "24": 3,
    "9": 1,
    "11": 3,
    "12": 2,
    "18": 3,
    "2": 1,
    "39": 1,
    "40": 1,
    "43": 3,
    "46": 1,
    "17": 1,
    "30": 1,
    "32": 1,
    "49": 1,
    "8": 1,
    "45": 1
  },
  "comboHighestSession": 58,
  "comboHighestAllTime": 58,
  "playedNotes": 0,
  "playedNotesValid": 0
}