{
  "logName": "Yann_Tiersen_Porz_Goret.log",
  "logFile": "./logs/Yann_Tiersen_Porz_Goret.log",
  "scoreLength": 0,
  "sessionCount": 3,
  "sessionLog": [
    "Session 1: Sunday, November 02nd at 11:50. Duration: 9min55s",
    "Session 2: Wednesday, November 05th at 22:00. Duration: 12min40s",
    "Session 3: Friday, November 07th at 22:44. Duration: 11min11s"
  ],
  "sessionAvgPracticeTime": 8,
  "totalPracticeTimeSec": 2026,
  "cursorHistogram": {},
  "cursorWrongNoteCount": {
    "1": 2,
    "3": 5,
    "25": 2,
    "26": 2,
    "27": 3,
    "29": 1,
    "31": 4,
    "37": 5,
    "40": 8,
    "43": 7,
    "45": 5,
    "52": 4,
    "53": 5,
    "54": 5,
    "55": 3,
    "56": 2,
    "57": 2,
    "58": 1,
    "61": 4,
    "66": 2,
    "7": 6,
    "8": 4,
    "9": 5,
    "15": 1,
    "20": 1,
    "21": 2,
    "2": 1,
    "32": 3,
    "33": 5,
    "39": 6,
    "17": 1,
    "18": 1,
    "38": 5,
    "41": 10,
    "19": 1,
    "42": 6,
    "44": 7,
    "46": 5,
    "47": 5,
    "48": 4,
    "49": 4,
    "50": 4,
    "51": 3,
    "12": 2,
    "59": 4,
    "60": 4,
    "62": 4,
    "63": 4,
    "64": 4,
    "65": 4,
    "79": 3,
    "22": 1,
    "23": 1,
    "24": 1,
    "67": 1,
    "68": 1,
    "69": 1,
    "70": 1,
    "71": 1,
    "72": 1,
    "73": 1,
    "74": 1,
    "75": 1,
    "76": 1,
    "77": 1,
    "78": 1,
    "80": 3,
    "82": 3,
    "83": 1,
    "91": 1,
    "92": 1,
    "106": 1,
    "116": 1,
    "118": 1,
    "122": 1,
    "127": 1,
    "128": 1,
    "131": 1,
    "0": 5,
    "28": 2,
    "30": 1,
    "34": 1,
    "81": 3,
    "84": 2,
    "6": 1,
    "13": 1,
    "36": 1,
    "86": 1,
    "87": 1,
    "98": 1,
    "100": 1,
    "104": 1,
    "105": 1,
    "107": 1,
    "123": 1,
    "25": 3,
    "26": 3,
    "27": 5,
    "31": 6,
    "32": 5,
    "33": 5,
    "37": 5,
    "38": 6,
    "39": 5,
    "40": 9,
    "41": 6,
    "42": 2,
    "43": 2,
    "44": 2,
    "46": 3,
    "47": 3,
    "48": 3,
    "49": 3,
    "50": 4,
    "51": 6,
    "52": 6,
    "53": 6,
    "54": 4,
    "59": 3,
    "60": 3,
    "61": 5,
    "62": 3,
    "63": 3,
    "64": 5,
    "65": 4,
    "66": 6,
    "67": 6,
    "68": 6,
    "69": 6,
    "70": 6,
    "71": 7,
    "73": 3,
    "74": 3,
    "75": 3,
    "76": 3,
    "77": 3,
    "78": 3,
    "79": 3,
    "80": 2,
    "81": 2,
    "82": 4,
    "86": 1,
    "87": 1,
    "89": 2,
    "98": 3,
    "3": 4,
    "18": 4,
    "12": 1,
    "72": 3,
    "88": 1,
    "90": 2,
    "91": 2,
    "92": 1,
    "93": 1,
    "94": 1,
    "95": 2,
    "96": 2,
    "97": 2,
    "103": 2,
    "6": 2,
    "45": 2,
    "55": 4,
    "56": 3,
    "57": 3,
    "58": 6,
    "7": 2,
    "9": 3,
    "13": 2,
    "19": 1,
    "20": 1,
    "15": 1,
    "34": 1,
    "35": 1,
    "36": 1,
    "99": 1,
    "100": 1,
    "101": 1,
    "102": 1,
    "104": 1,
    "105": 1,
    "106": 1,
    "107": 1,
    "1": 1,
    "2": 1,
    "5": 1,
    "8": 1,
    "30": 2,
    "0": 2,
    "28": 1,
    "83": 1,
    "84": 1
  },
  "comboHighestSession": 67,
  "comboHighestAllTime": 67,
  "playedNotes": 0,
  "playedNotesValid": 0
}